(---------------------------------------------------------------------)
(                                                                     )
(    Create_devices LOG file                                          )
(                                                                     )
(    Drawing          : belt-box-002-119pm14.brd                      )
(    Software Version : 16.3S053                                      )
(    Date/Time        : Mon Mar 09 11:30:25 2015                      )
(                                                                     )
(---------------------------------------------------------------------)


WARNING(SPMHDF-67): Device 'R0402' occurs multiple times - check the device file.
WARNING(SPMHDF-67): Device 'R0402' occurs multiple times - check the device file.
WARNING(SPMHDF-67): Device 'R0402' occurs multiple times - check the device file.
WARNING(SPMHDF-67): Device 'SOP8' occurs multiple times - check the device file.
WARNING(SPMHDF-67): Device 'TPC26T' occurs multiple times - check the device file.
WARNING(SPMHDF-67): Device 'R0402' occurs multiple times - check the device file.
WARNING(SPMHDF-67): Device 'R0402' occurs multiple times - check the device file.
WARNING(SPMHDF-67): Device 'R0402' occurs multiple times - check the device file.
WARNING(SPMHDF-67): Device 'R0402' occurs multiple times - check the device file.
WARNING(SPMHDF-67): Device 'R0402' occurs multiple times - check the device file.
WARNING(SPMHDF-67): Device 'R0402' occurs multiple times - check the device file.
WARNING(SPMHDF-67): Device 'R0402' occurs multiple times - check the device file.
WARNING(SPMHDF-67): Device 'R0402' occurs multiple times - check the device file.
WARNING(SPMHDF-67): Device 'R0402' occurs multiple times - check the device file.
WARNING(SPMHDF-67): Device 'R0402' occurs multiple times - check the device file.
WARNING(SPMHDF-67): Device 'R0402' occurs multiple times - check the device file.
WARNING(SPMHDF-67): Device 'R0402' occurs multiple times - check the device file.
WARNING(SPMHDF-67): Device 'R0402' occurs multiple times - check the device file.
WARNING(SPMHDF-67): Device 'R0402' occurs multiple times - check the device file.
WARNING(SPMHDF-67): Device 'R0402' occurs multiple times - check the device file.
WARNING(SPMHDF-67): Device 'R0603' occurs multiple times - check the device file.
WARNING(SPMHDF-67): Device 'R0402' occurs multiple times - check the device file.
WARNING(SPMHDF-67): Device 'R0402' occurs multiple times - check the device file.
WARNING(SPMHDF-67): Device 'R0402' occurs multiple times - check the device file.
WARNING(SPMHDF-67): Device 'R0402' occurs multiple times - check the device file.
WARNING(SPMHDF-67): Device 'R0402' occurs multiple times - check the device file.
WARNING(SPMHDF-67): Device 'R0402' occurs multiple times - check the device file.
WARNING(SPMHDF-67): Device 'R0402' occurs multiple times - check the device file.
WARNING(SPMHDF-67): Device 'R0603' occurs multiple times - check the device file.
WARNING(SPMHDF-67): Device 'R0402' occurs multiple times - check the device file.
WARNING(SPMHDF-67): Device 'R0402' occurs multiple times - check the device file.
WARNING(SPMHDF-67): Device 'R0402' occurs multiple times - check the device file.
WARNING(SPMHDF-67): Device 'R0402' occurs multiple times - check the device file.
WARNING(SPMHDF-67): Device 'R0402' occurs multiple times - check the device file.
WARNING(SPMHDF-67): Device 'R0402' occurs multiple times - check the device file.
WARNING(SPMHDF-67): Device 'R0402' occurs multiple times - check the device file.
WARNING(SPMHDF-67): Device 'R0402' occurs multiple times - check the device file.
WARNING(SPMHDF-67): Device 'L0805' occurs multiple times - check the device file.
WARNING(SPMHDF-67): Device 'C0402' occurs multiple times - check the device file.
WARNING(SPMHDF-67): Device 'C0402' occurs multiple times - check the device file.
WARNING(SPMHDF-67): Device 'C1206' occurs multiple times - check the device file.
WARNING(SPMHDF-67): Device 'C0402' occurs multiple times - check the device file.
WARNING(SPMHDF-67): Device 'C0603' occurs multiple times - check the device file.
WARNING(SPMHDF-67): Device 'C0603' occurs multiple times - check the device file.
WARNING(SPMHDF-67): Device 'C0402' occurs multiple times - check the device file.
WARNING(SPMHDF-67): Device 'C0603' occurs multiple times - check the device file.
WARNING(SPMHDF-67): Device 'C0603' occurs multiple times - check the device file.
WARNING(SPMHDF-67): Device 'C0402' occurs multiple times - check the device file.
WARNING(SPMHDF-67): Device 'C0402' occurs multiple times - check the device file.
WARNING(SPMHDF-67): Device 'C0603' occurs multiple times - check the device file.
WARNING(SPMHDF-67): Device 'C0402' occurs multiple times - check the device file.
WARNING(SPMHDF-67): Device 'C0402' occurs multiple times - check the device file.
WARNING(SPMHDF-67): Device 'C0402' occurs multiple times - check the device file.
WARNING(SPMHDF-67): Device 'C0603' occurs multiple times - check the device file.
WARNING(SPMHDF-67): Device 'C0603' occurs multiple times - check the device file.
WARNING(SPMHDF-67): Device 'C0402' occurs multiple times - check the device file.
WARNING(SPMHDF-67): Device 'C0402' occurs multiple times - check the device file.
WARNING(SPMHDF-67): Device 'C0402' occurs multiple times - check the device file.
WARNING(SPMHDF-67): Device 'C0603' occurs multiple times - check the device file.
WARNING(SPMHDF-67): Device 'C0805' occurs multiple times - check the device file.
WARNING(SPMHDF-67): Device 'C0402' occurs multiple times - check the device file.

Device file 'F:/work/Eileen/box/002/belt-box-library/r0402.txt': written successfully.
Device file 'F:/work/Eileen/box/002/belt-box-library/r0402__1.txt': written successfully.
Device file 'F:/work/Eileen/box/002/belt-box-library/r0402__2.txt': written successfully.
Device file 'F:/work/Eileen/box/002/belt-box-library/r0402__3.txt': written successfully.
Device file 'F:/work/Eileen/box/002/belt-box-library/l0402.txt': written successfully.
Device file 'F:/work/Eileen/box/002/belt-box-library/holec47d47n.txt': written successfully.
Device file 'F:/work/Eileen/box/002/belt-box-library/to252-aoi.txt': written successfully.
Device file 'F:/work/Eileen/box/002/belt-box-library/c0402.txt': written successfully.
Device file 'F:/work/Eileen/box/002/belt-box-library/c1206.txt': written successfully.
Device file 'F:/work/Eileen/box/002/belt-box-library/i-pex_20389-030e.txt': written successfully.
Device file 'F:/work/Eileen/box/002/belt-box-library/xtl-5x3_2-3_8-2p.txt': written successfully.
Device file 'F:/work/Eileen/box/002/belt-box-library/sk-3m.txt': written successfully.
Device file 'F:/work/Eileen/box/002/belt-box-library/l0603.txt': written successfully.
Device file 'F:/work/Eileen/box/002/belt-box-library/sop8.txt': written successfully.
Device file 'F:/work/Eileen/box/002/belt-box-library/qfn76-0_4mm.txt': written successfully.
Device file 'F:/work/Eileen/box/002/belt-box-library/sop8__1.txt': written successfully.
Device file 'F:/work/Eileen/box/002/belt-box-library/sot143b.txt': written successfully.
Device file 'F:/work/Eileen/box/002/belt-box-library/sot223-123.txt': written successfully.
Device file 'F:/work/Eileen/box/002/belt-box-library/r-pdso-g8.txt': written successfully.
Device file 'F:/work/Eileen/box/002/belt-box-library/soic8-6-1_27.txt': written successfully.
Device file 'F:/work/Eileen/box/002/belt-box-library/sot23-5.txt': written successfully.
Device file 'F:/work/Eileen/box/002/belt-box-library/qfn76-9x9-4-77p.txt': written successfully.
Device file 'F:/work/Eileen/box/002/belt-box-library/lxes2tbbb4-028.txt': written successfully.
Device file 'F:/work/Eileen/box/002/belt-box-library/tqfn40p500x500-41n.txt': written successfully.
Device file 'F:/work/Eileen/box/002/belt-box-library/tpc26t.txt': written successfully.
Device file 'F:/work/Eileen/box/002/belt-box-library/tpc26t__1.txt': written successfully.
Device file 'F:/work/Eileen/box/002/belt-box-library/r0402__4.txt': written successfully.
Device file 'F:/work/Eileen/box/002/belt-box-library/r0402__5.txt': written successfully.
Device file 'F:/work/Eileen/box/002/belt-box-library/r0402__6.txt': written successfully.
Device file 'F:/work/Eileen/box/002/belt-box-library/r0402__7.txt': written successfully.
Device file 'F:/work/Eileen/box/002/belt-box-library/r0402__8.txt': written successfully.
Device file 'F:/work/Eileen/box/002/belt-box-library/r0402__9.txt': written successfully.
Device file 'F:/work/Eileen/box/002/belt-box-library/r0402__10.txt': written successfully.
Device file 'F:/work/Eileen/box/002/belt-box-library/r0402__11.txt': written successfully.
Device file 'F:/work/Eileen/box/002/belt-box-library/r0402__12.txt': written successfully.
Device file 'F:/work/Eileen/box/002/belt-box-library/r0603.txt': written successfully.
Device file 'F:/work/Eileen/box/002/belt-box-library/r0402__13.txt': written successfully.
Device file 'F:/work/Eileen/box/002/belt-box-library/r0402__14.txt': written successfully.
Device file 'F:/work/Eileen/box/002/belt-box-library/r0402__15.txt': written successfully.
Device file 'F:/work/Eileen/box/002/belt-box-library/r0402__16.txt': written successfully.
Device file 'F:/work/Eileen/box/002/belt-box-library/r0402__17.txt': written successfully.
Device file 'F:/work/Eileen/box/002/belt-box-library/r0402__18.txt': written successfully.
Device file 'F:/work/Eileen/box/002/belt-box-library/r0603__1.txt': written successfully.
Device file 'F:/work/Eileen/box/002/belt-box-library/r0402__19.txt': written successfully.
Device file 'F:/work/Eileen/box/002/belt-box-library/r0402__20.txt': written successfully.
Device file 'F:/work/Eileen/box/002/belt-box-library/r0402__21.txt': written successfully.
Device file 'F:/work/Eileen/box/002/belt-box-library/r0402__22.txt': written successfully.
Device file 'F:/work/Eileen/box/002/belt-box-library/r0402__23.txt': written successfully.
Device file 'F:/work/Eileen/box/002/belt-box-library/r0402__24.txt': written successfully.
Device file 'F:/work/Eileen/box/002/belt-box-library/r0402__25.txt': written successfully.
Device file 'F:/work/Eileen/box/002/belt-box-library/r0603__2.txt': written successfully.
Device file 'F:/work/Eileen/box/002/belt-box-library/r0402__26.txt': written successfully.
Device file 'F:/work/Eileen/box/002/belt-box-library/r0402__27.txt': written successfully.
Device file 'F:/work/Eileen/box/002/belt-box-library/r0402__28.txt': written successfully.
Device file 'F:/work/Eileen/box/002/belt-box-library/r0402__29.txt': written successfully.
Device file 'F:/work/Eileen/box/002/belt-box-library/r0402__30.txt': written successfully.
Device file 'F:/work/Eileen/box/002/belt-box-library/r0402__31.txt': written successfully.
Device file 'F:/work/Eileen/box/002/belt-box-library/r0402__32.txt': written successfully.
Device file 'F:/work/Eileen/box/002/belt-box-library/r0402__33.txt': written successfully.
Device file 'F:/work/Eileen/box/002/belt-box-library/sot23-132.txt': written successfully.
Device file 'F:/work/Eileen/box/002/belt-box-library/vmt3-132.txt': written successfully.
Device file 'F:/work/Eileen/box/002/belt-box-library/sot23-gds.txt': written successfully.
Device file 'F:/work/Eileen/box/002/belt-box-library/short0805.txt': written successfully.
Device file 'F:/work/Eileen/box/002/belt-box-library/ty-top_mdje4040t100mm.txt': written successfully.
Device file 'F:/work/Eileen/box/002/belt-box-library/bw_wcm2012f2s-900t04.txt': written successfully.
Device file 'F:/work/Eileen/box/002/belt-box-library/l0805.txt': written successfully.
Device file 'F:/work/Eileen/box/002/belt-box-library/l0805__1.txt': written successfully.
Device file 'F:/work/Eileen/box/002/belt-box-library/smpi0603hw.txt': written successfully.
Device file 'F:/work/Eileen/box/002/belt-box-library/dlp11t.txt': written successfully.
Device file 'F:/work/Eileen/box/002/belt-box-library/singatron_2sj2284-102592.txt': written successfully.
Device file 'F:/work/Eileen/box/002/belt-box-library/singatron_2ub1585-000121f.txt': written successfully.
Device file 'F:/work/Eileen/box/002/belt-box-library/singatron_2dc3064-010111f.txt': written successfully.
Device file 'F:/work/Eileen/box/002/belt-box-library/hrs_edc3-124422.txt': written successfully.
Device file 'F:/work/Eileen/box/002/belt-box-library/holec197d102.txt': written successfully.
Device file 'F:/work/Eileen/box/002/belt-box-library/tanbb2.txt': written successfully.
Device file 'F:/work/Eileen/box/002/belt-box-library/c0402__1.txt': written successfully.
Device file 'F:/work/Eileen/box/002/belt-box-library/c0603.txt': written successfully.
Device file 'F:/work/Eileen/box/002/belt-box-library/c0402__2.txt': written successfully.
Device file 'F:/work/Eileen/box/002/belt-box-library/c1206__1.txt': written successfully.
Device file 'F:/work/Eileen/box/002/belt-box-library/c0402__3.txt': written successfully.
Device file 'F:/work/Eileen/box/002/belt-box-library/c0603__1.txt': written successfully.
Device file 'F:/work/Eileen/box/002/belt-box-library/c0603__2.txt': written successfully.
Device file 'F:/work/Eileen/box/002/belt-box-library/c0402__4.txt': written successfully.
Device file 'F:/work/Eileen/box/002/belt-box-library/c0603__3.txt': written successfully.
Device file 'F:/work/Eileen/box/002/belt-box-library/c0603__4.txt': written successfully.
Device file 'F:/work/Eileen/box/002/belt-box-library/c0402__5.txt': written successfully.
Device file 'F:/work/Eileen/box/002/belt-box-library/c0402__6.txt': written successfully.
Device file 'F:/work/Eileen/box/002/belt-box-library/c0603__5.txt': written successfully.
Device file 'F:/work/Eileen/box/002/belt-box-library/c0402__7.txt': written successfully.
Device file 'F:/work/Eileen/box/002/belt-box-library/c0402__8.txt': written successfully.
Device file 'F:/work/Eileen/box/002/belt-box-library/c0402__9.txt': written successfully.
Device file 'F:/work/Eileen/box/002/belt-box-library/c0603__6.txt': written successfully.
Device file 'F:/work/Eileen/box/002/belt-box-library/c0805.txt': written successfully.
Device file 'F:/work/Eileen/box/002/belt-box-library/c0603__7.txt': written successfully.
Device file 'F:/work/Eileen/box/002/belt-box-library/c0402__10.txt': written successfully.
Device file 'F:/work/Eileen/box/002/belt-box-library/c0402__11.txt': written successfully.
Device file 'F:/work/Eileen/box/002/belt-box-library/c0402__12.txt': written successfully.
Device file 'F:/work/Eileen/box/002/belt-box-library/tanb.txt': written successfully.
Device file 'F:/work/Eileen/box/002/belt-box-library/c0603__8.txt': written successfully.
Device file 'F:/work/Eileen/box/002/belt-box-library/c0805__1.txt': written successfully.
Device file 'F:/work/Eileen/box/002/belt-box-library/c0402__13.txt': written successfully.
