(---------------------------------------------------------------------)
(                                                                     )
(    ARTWORK LOG                                                      )
(                                                                     )
(    Drawing          : usb-dvt-324pm1630.brd                         )
(    Software Version : 16.3S053                                      )
(    Date/Time        : Tue Mar 24 16:23:52 2015                      )
(                                                                     )
(---------------------------------------------------------------------)



Results from parameter file ...
    DEVICE-TYPE           GERBER6X00
    OUTPUT-UNITS          INCHES
    FILM-SIZE             240000 160000
    FORMAT                5.4
    ABORT-ON-ERROR        NO
    SCALE                 1
    G-CODES               NO
    OPTIMIZE              YES
    STATIONS-PER-WHEEL    999
    COORDINATES           ABSOLUTE
    SUPPRESS-LEAD-ZEROES  YES
    SUPPRESS-TRAIL-ZEROES NO
    SUPPRESS-EQUAL        YES

 WARNING: database resolution exceeds the resolution of the 
      output coordinates (see FORMAT in parameter file).
      Some roundoff of coordinates may occur unless the number
      of decimal places in the output file is increased.

Tue Mar 24 16:23:52 2015				Page     1

Photoplot log file
Results from aperture table.


INPUT-UNITS     INCHES

WHEEL     1

LINE               2            D62
LINE               4            D61
LINE               5            D60
LINE               6            D63
LINE               8            D64
LINE              10            D65
LINE              11            D72
LINE              12            D71
LINE              15            D70
LINE              20            D67
LINE              25            D66
LINE              30            D69
LINE              40            D68
LINE              55            D24
LINE              61            D20
CIRCLE            20            D15
CIRCLE            24            D45
CIRCLE            26            D10
CIRCLE            28            D13
CIRCLE            32            D11
CIRCLE            40            D44
CIRCLE            44            D49
CIRCLE            50            D12
CIRCLE            62            D47
CIRCLE           118            D46
CIRCLE           121            D16
CIRCLE           197            D18
CIRCLE           203            D19
RECTANGLE         12        20   0.00000  D57
RECTANGLE         12        51   0.00000  D40
RECTANGLE         18        26   0.00000  D59
RECTANGLE         18        57   0.00000  D42
RECTANGLE         20        12   0.00000  D56
RECTANGLE         22        22   0.00000  D54
RECTANGLE         26        18   0.00000  D58
RECTANGLE         28        28   0.00000  D55
RECTANGLE         50       100   0.00000  D50
RECTANGLE         51        12   0.00000  D41
RECTANGLE         56       106   0.00000  D52
RECTANGLE         57        18   0.00000  D43
RECTANGLE         85        87   0.00000  D36
RECTANGLE         87        85   0.00000  D37
RECTANGLE         91        93   0.00000  D38
RECTANGLE         93        91   0.00000  D39
RECTANGLE        100        50   0.00000  D51
RECTANGLE        106        56   0.00000  D53
OBLONG            55        96   0.00000  D32
Tue Mar 24 16:23:52 2015				Page     2

Photoplot log file
Results from aperture table.

OBLONG            55       118   0.00000  D25
OBLONG            61        85   0.00000  D21
OBLONG            61       102   0.00000  D34
OBLONG            61       103   0.00000  D29
OBLONG            61       124   0.00000  D27
OBLONG            85        61   0.00000  D22
OBLONG            96        55   0.00000  D33
OBLONG           102        61   0.00000  D35
OBLONG           103        61   0.00000  D30
OBLONG           118        55   0.00000  D26
OBLONG           124        61   0.00000  D28
FLASH     RT61X103X0X4X15X5    0.00000  D31
FLASH     RT61X85X0X4X15X5     0.00000  D23
FLASH     T121O101I15G         0.00000  D17
FLASH     T62O52I15G           0.00000  D48
FLASH     T8O6I2G              0.00000  D14



================================================================
     PROCESSING FILM < TOP >
     TO FILE < F:/work/Eileen/usb/dvt/TOP.art > ...
================================================================

  FILM PARAMETERS :
  ---------------------------------------------------------

      undefined line width ... 5.00
      plot wheels allowed .... 1  2  3  4  5  6  7  8  9  10  
      mirror code ..... NONE
      rotate angle .... NONE
      offset X: 0.00     Y: 0.00
      plot negative ... NO
      draw (fill) pads lacking apertures .. YES
      suppress unconnected internal pads .. NO
      make use of rotated apertures ....... NO


 WARNING: 0 width  line found at (2725.00 150.00)
         ... using undefined line width of 5.00
  Multiple 0 width  lines; all will be treated the same as the first.



====>     TOP created with warnings
 

     ..... USED APERTURES .....

   Wheel number - 1 

    TYPE          SIZE/FLASHNAME        ROTATION    STATION             
    ----          --------------        --------    -------             
    OBLONG            55    118                    D25                 
    OBLONG            55     96                    D32                 
    RECTANGLE        100     50                    D51                 
    RECTANGLE         87     85                    D37                 
    RECTANGLE         51     12                    D41                 
    RECTANGLE         22     22                    D54                 
    CIRCLE           197                           D18                 
    CIRCLE            44                           D49                 
    CIRCLE            40                           D44                 
    CIRCLE            24                           D45                 
    LINE              20                           D67                 
    LINE              15                           D70                 
    LINE              12                           D71                 
    LINE              11                           D72                 
    LINE              10                           D65                 
    LINE               8                           D64                 
    LINE               5                           D60                 
    LINE               4                           D61                 


================================================================
     PROCESSING FILM < BOT >
     TO FILE < F:/work/Eileen/usb/dvt/BOT.art > ...
================================================================

  FILM PARAMETERS :
  ---------------------------------------------------------

      undefined line width ... 5.00
      plot wheels allowed .... 1  2  3  4  5  6  7  8  9  10  
      mirror code ..... NONE
      rotate angle .... NONE
      offset X: 0.00     Y: 0.00
      plot negative ... NO
      draw (fill) pads lacking apertures .. YES
      suppress unconnected internal pads .. NO
      make use of rotated apertures ....... NO




====>     BOT created with warnings
 

     ..... USED APERTURES .....

   Wheel number - 1 

    TYPE          SIZE/FLASHNAME        ROTATION    STATION             
    ----          --------------        --------    -------             
    OBLONG            55    118                    D25                 
    OBLONG            55     96                    D32                 
    RECTANGLE         22     22                    D54                 
    RECTANGLE         20     12                    D56                 
    RECTANGLE         12     20                    D57                 
    CIRCLE           197                           D18                 
    CIRCLE            44                           D49                 
    CIRCLE            40                           D44                 
    CIRCLE            26                           D10                 
    CIRCLE            24                           D45                 
    LINE              30                           D69                 
    LINE              15                           D70                 
    LINE              10                           D65                 
    LINE               8                           D64                 
    LINE               5                           D60                 
    LINE               4                           D61                 


================================================================
     PROCESSING FILM < MASK_TOP >
     TO FILE < F:/work/Eileen/usb/dvt/MASK_TOP.art > ...
================================================================

  FILM PARAMETERS :
  ---------------------------------------------------------

      undefined line width ... 5.00
      plot wheels allowed .... 1  2  3  4  5  6  7  8  9  10  
      mirror code ..... NONE
      rotate angle .... NONE
      offset X: 0.00     Y: 0.00
      plot negative ... NO
      draw (fill) pads lacking apertures .. YES
      suppress unconnected internal pads .. NO
      make use of rotated apertures ....... NO




====>     MASK_TOP created with warnings
 

     ..... USED APERTURES .....

   Wheel number - 1 

    TYPE          SIZE/FLASHNAME        ROTATION    STATION             
    ----          --------------        --------    -------             
    OBLONG            61    124                    D27                 
    OBLONG            61    102                    D34                 
    RECTANGLE        106     56                    D53                 
    RECTANGLE         93     91                    D39                 
    RECTANGLE         57     18                    D43                 
    RECTANGLE         28     28                    D55                 
    CIRCLE           203                           D19                 
    CIRCLE           118                           D46                 
    CIRCLE            50                           D12                 
    LINE              10                           D65                 
    LINE               5                           D60                 


================================================================
     PROCESSING FILM < MASK_BOT >
     TO FILE < F:/work/Eileen/usb/dvt/MASK_BOT.art > ...
================================================================

  FILM PARAMETERS :
  ---------------------------------------------------------

      undefined line width ... 5.00
      plot wheels allowed .... 1  2  3  4  5  6  7  8  9  10  
      mirror code ..... NONE
      rotate angle .... NONE
      offset X: 0.00     Y: 0.00
      plot negative ... NO
      draw (fill) pads lacking apertures .. YES
      suppress unconnected internal pads .. NO
      make use of rotated apertures ....... NO




====>     MASK_BOT created with warnings
 

     ..... USED APERTURES .....

   Wheel number - 1 

    TYPE          SIZE/FLASHNAME        ROTATION    STATION             
    ----          --------------        --------    -------             
    OBLONG            61    124                    D27                 
    OBLONG            61    102                    D34                 
    RECTANGLE         28     28                    D55                 
    RECTANGLE         26     18                    D58                 
    RECTANGLE         18     26                    D59                 
    CIRCLE           203                           D19                 
    CIRCLE           118                           D46                 
    CIRCLE            50                           D12                 
    CIRCLE            32                           D11                 
    LINE              10                           D65                 
    LINE               5                           D60                 


================================================================
     PROCESSING FILM < PAST_TOP >
     TO FILE < F:/work/Eileen/usb/dvt/PAST_TOP.art > ...
================================================================

  FILM PARAMETERS :
  ---------------------------------------------------------

      undefined line width ... 5.00
      plot wheels allowed .... 1  2  3  4  5  6  7  8  9  10  
      mirror code ..... NONE
      rotate angle .... NONE
      offset X: 0.00     Y: 0.00
      plot negative ... NO
      draw (fill) pads lacking apertures .. YES
      suppress unconnected internal pads .. NO
      make use of rotated apertures ....... NO




====>     PAST_TOP created with warnings
 

     ..... USED APERTURES .....

   Wheel number - 1 

    TYPE          SIZE/FLASHNAME        ROTATION    STATION             
    ----          --------------        --------    -------             
    RECTANGLE        100     50                    D51                 
    RECTANGLE         87     85                    D37                 
    RECTANGLE         51     12                    D41                 
    RECTANGLE         22     22                    D54                 
    CIRCLE            40                           D44                 
    LINE              10                           D65                 
    LINE               5                           D60                 


================================================================
     PROCESSING FILM < PAST_BOT >
     TO FILE < F:/work/Eileen/usb/dvt/PAST_BOT.art > ...
================================================================

  FILM PARAMETERS :
  ---------------------------------------------------------

      undefined line width ... 5.00
      plot wheels allowed .... 1  2  3  4  5  6  7  8  9  10  
      mirror code ..... NONE
      rotate angle .... NONE
      offset X: 0.00     Y: 0.00
      plot negative ... NO
      draw (fill) pads lacking apertures .. YES
      suppress unconnected internal pads .. NO
      make use of rotated apertures ....... NO




====>     PAST_BOT created with warnings
 

     ..... USED APERTURES .....

   Wheel number - 1 

    TYPE          SIZE/FLASHNAME        ROTATION    STATION             
    ----          --------------        --------    -------             
    RECTANGLE         22     22                    D54                 
    RECTANGLE         20     12                    D56                 
    RECTANGLE         12     20                    D57                 
    CIRCLE            40                           D44                 
    LINE              10                           D65                 
    LINE               5                           D60                 


================================================================
     PROCESSING FILM < SILK_TOP >
     TO FILE < F:/work/Eileen/usb/dvt/SILK_TOP.art > ...
================================================================

  FILM PARAMETERS :
  ---------------------------------------------------------

      undefined line width ... 5.00
      plot wheels allowed .... 1  2  3  4  5  6  7  8  9  10  
      mirror code ..... NONE
      rotate angle .... NONE
      offset X: 0.00     Y: 0.00
      plot negative ... NO
      draw (fill) pads lacking apertures .. YES
      suppress unconnected internal pads .. NO
      make use of rotated apertures ....... NO




====>     SILK_TOP created with warnings
 

     ..... USED APERTURES .....

   Wheel number - 1 

    TYPE          SIZE/FLASHNAME        ROTATION    STATION             
    ----          --------------        --------    -------             
    LINE              61                           D20                 
    LINE              30                           D69                 
    LINE              15                           D70                 
    LINE              10                           D65                 
    LINE               8                           D64                 
    LINE               5                           D60                 
    LINE               4                           D61                 


================================================================
     PROCESSING FILM < SILK_BOT >
     TO FILE < F:/work/Eileen/usb/dvt/SILK_BOT.art > ...
================================================================

  FILM PARAMETERS :
  ---------------------------------------------------------

      undefined line width ... 5.00
      plot wheels allowed .... 1  2  3  4  5  6  7  8  9  10  
      mirror code ..... NONE
      rotate angle .... NONE
      offset X: 0.00     Y: 0.00
      plot negative ... NO
      draw (fill) pads lacking apertures .. YES
      suppress unconnected internal pads .. NO
      make use of rotated apertures ....... NO




====>     SILK_BOT created with warnings
 

     ..... USED APERTURES .....

   Wheel number - 1 

    TYPE          SIZE/FLASHNAME        ROTATION    STATION             
    ----          --------------        --------    -------             
    LINE              61                           D20                 
    LINE              30                           D69                 
    LINE              15                           D70                 
    LINE              10                           D65                 
    LINE               8                           D64                 
    LINE               5                           D60                 
    LINE               4                           D61                 


================================================================
     PROCESSING FILM < DRILL >
     TO FILE < F:/work/Eileen/usb/dvt/DRILL.art > ...
================================================================

  FILM PARAMETERS :
  ---------------------------------------------------------

      undefined line width ... 5.00
      plot wheels allowed .... 1  2  3  4  5  6  7  8  9  10  
      mirror code ..... NONE
      rotate angle .... NONE
      offset X: 0.00     Y: 0.00
      plot negative ... NO
      draw (fill) pads lacking apertures .. YES
      suppress unconnected internal pads .. NO
      make use of rotated apertures ....... NO




====>     DRILL created with warnings
 

     ..... USED APERTURES .....

   Wheel number - 1 

    TYPE          SIZE/FLASHNAME        ROTATION    STATION             
    ----          --------------        --------    -------             
    LINE              10                           D65                 
    LINE               5                           D60                 


================================================================
     PROCESSING FILM < IN1 >
     TO FILE < F:/work/Eileen/usb/dvt/IN1.art > ...
================================================================

  FILM PARAMETERS :
  ---------------------------------------------------------

      undefined line width ... 5.00
      plot wheels allowed .... 1  2  3  4  5  6  7  8  9  10  
      mirror code ..... NONE
      rotate angle .... NONE
      offset X: 0.00     Y: 0.00
      plot negative ... NO
      draw (fill) pads lacking apertures .. YES
      suppress unconnected internal pads .. NO
      make use of rotated apertures ....... NO




====>     IN1 created with warnings
 

     ..... USED APERTURES .....

   Wheel number - 1 

    TYPE          SIZE/FLASHNAME        ROTATION    STATION             
    ----          --------------        --------    -------             
    OBLONG            55    118                    D25                 
    OBLONG            55     96                    D32                 
    CIRCLE           121                           D16                 
    CIRCLE            44                           D49                 
    CIRCLE            24                           D45                 
    LINE              15                           D70                 
    LINE              10                           D65                 
    LINE               5                           D60                 
    LINE               4                           D61                 


================================================================
     PROCESSING FILM < IN2 >
     TO FILE < F:/work/Eileen/usb/dvt/IN2.art > ...
================================================================

  FILM PARAMETERS :
  ---------------------------------------------------------

      undefined line width ... 5.00
      plot wheels allowed .... 1  2  3  4  5  6  7  8  9  10  
      mirror code ..... NONE
      rotate angle .... NONE
      offset X: 0.00     Y: 0.00
      plot negative ... NO
      draw (fill) pads lacking apertures .. YES
      suppress unconnected internal pads .. NO
      make use of rotated apertures ....... NO




====>     IN2 created with warnings
 

     ..... USED APERTURES .....

   Wheel number - 1 

    TYPE          SIZE/FLASHNAME        ROTATION    STATION             
    ----          --------------        --------    -------             
    OBLONG            55    118                    D25                 
    OBLONG            55     96                    D32                 
    CIRCLE           121                           D16                 
    CIRCLE            44                           D49                 
    CIRCLE            24                           D45                 
    LINE              15                           D70                 
    LINE              10                           D65                 
    LINE               5                           D60                 
    LINE               4                           D61                 



    TOTAL APERTURES USED
    --------------------
    CIRCLE           121                           D16                 
    LINE              61                           D20                 
    CIRCLE            32                           D11                 
    RECTANGLE         18     26                    D59                 
    RECTANGLE         26     18                    D58                 
    CIRCLE            50                           D12                 
    CIRCLE           118                           D46                 
    CIRCLE           203                           D19                 
    RECTANGLE         28     28                    D55                 
    RECTANGLE         57     18                    D43                 
    RECTANGLE         93     91                    D39                 
    RECTANGLE        106     56                    D53                 
    OBLONG            61    102                    D34                 
    OBLONG            61    124                    D27                 
    LINE              30                           D69                 
    CIRCLE            26                           D10                 
    RECTANGLE         12     20                    D57                 
    RECTANGLE         20     12                    D56                 
    LINE               4                           D61                 
    LINE               5                           D60                 
    LINE               8                           D64                 
    LINE              10                           D65                 
    LINE              11                           D72                 
    LINE              12                           D71                 
    LINE              15                           D70                 
    LINE              20                           D67                 
    CIRCLE            24                           D45                 
    CIRCLE            40                           D44                 
    CIRCLE            44                           D49                 
    CIRCLE           197                           D18                 
    RECTANGLE         22     22                    D54                 
    RECTANGLE         51     12                    D41                 
    RECTANGLE         87     85                    D37                 
    RECTANGLE        100     50                    D51                 
    OBLONG            55     96                    D32                 
    OBLONG            55    118                    D25                 



------------------------------------------------------
 SUMMARY:
        TOP created with warnings
        BOT created with warnings
        MASK_TOP created with warnings
        MASK_BOT created with warnings
        PAST_TOP created with warnings
        PAST_BOT created with warnings
        SILK_TOP created with warnings
        SILK_BOT created with warnings
        DRILL created with warnings
        IN1 created with warnings
        IN2 created with warnings

 ARTWORK had warnings
