Component Report
F:/work/Eileen/hmd/002/hmd-C-119-2015pm13.brd
Mon Jan 19 12:40:46 2015
Total Components:  985
REFDES,COMP_DEVICE_TYPE,COMP_VALUE,COMP_TOL,COMP_PACKAGE,SYM_X,SYM_Y,SYM_ROTATE,SYM_MIRROR
C1,AMN_CAP_NO_POL_CC1206-18_22UF,22uF,,CC1206-18,4040.00,280.00,90.000,YES
C2,CAP_NP_CC0603_IPC7351_0.1UF,0.1uF,,CC0603_IPC7351,4200.00,280.00,90.000,YES
C3,AMN_CAP_NO_POL_CC1206-18_22UF,22uF,,CC1206-18,3720.00,510.00,0.000,YES
C5,CAP_NP_CC0402_IPC7351_100NF,100nF,,CC0402_IPC7351,728.02,437.52,90.000,NO
C6,CAP NP_CC1206-18_47UF 10V,47uF 10V,,CC1206-18,866.47,610.93,89.849,NO
C9,CAP_NP_CC0402_IPC7351_100NF,100nF,,CC0402_IPC7351,794.37,573.11,269.849,NO
C10,CAP_NP_CC0402_IPC7351_100NF,100nF,,CC0402_IPC7351,622.57,452.87,179.849,NO
C18,CAP_NP_CC0402_IPC7351_100NF,100nF,,CC0402_IPC7351,4760.00,2700.00,90.000,YES
C19,CAP NP_CC0402_IPC7351_390PF,390pF,,CC0402_IPC7351,725.00,725.00,269.849,NO
C20,CAP_NP_CC0402_IPC7351_100NF,100nF,,CC0402_IPC7351,4895.00,2595.00,90.000,YES
C23,CAP_NP_CC0402_IPC7351_56PF,56pF,,CC0402_IPC7351,635.76,725.54,89.849,NO
C24,CAP_NP_CC0402_IPC7351_1UF,1uF,,CC0402_IPC7351,4453.36,1289.13,0.000,NO
C25,CAP_NP_CC0402_IPC7351_2.7NF,2.7nF,,CC0402_IPC7351,525.81,745.83,179.849,NO
C26,CAP NP_CC1206-18_47UF 10V,47uF 10V,,CC1206-18,4900.00,1175.00,90.000,NO
C27,CAP_NP_CC0402_IPC7351_18PF,18pF,,CC0402_IPC7351,4156.78,1169.19,180.000,NO
C28,CAP_NP_CC0603_IPC7351_0.1UF,0.1uF,,CC0603_IPC7351,2835.48,1150.68,270.000,YES
C29,CAP NP_CC0805_IPC7351_47UF,47uF,,CC0805_IPC7351,356.83,752.27,90.000,NO
C30,CAP_NP_CC0402_IPC7351_18PF,18pF,,CC0402_IPC7351,4075.93,1170.61,0.000,NO
C31,CAP_NP_CC0402_IPC7351_18PF,18pF,,CC0402_IPC7351,4045.00,2560.00,0.000,NO
C32,CAP_NP_CC0402_IPC7351_18PF,18pF,,CC0402_IPC7351,4130.00,2560.00,180.000,NO
C33,CAP_NP_CC0402_IPC7351_100NF,100nF,,CC0402_IPC7351,4980.00,1260.00,270.000,NO
C34,CAP NP_CC1206-18_47UF 10V,47uF 10V,,CC1206-18,295.00,705.00,89.849,YES
C36,CAP NP_CC0805_IPC7351_47UF,47uF,,CC0805_IPC7351,427.35,751.42,90.000,NO
C38,CAP NP_CC1206-18_47UF 10V,47uF 10V,,CC1206-18,2752.00,1112.00,270.000,NO
C39,CAP_NP_CC0402_IPC7351_100NF,100nF,,CC0402_IPC7351,4980.00,1135.00,90.000,NO
C41,CAP NP_CC1206-18_47UF 10V,47uF 10V,,CC1206-18,266.19,688.83,270.000,NO
C42,CAP POL-B_10UF_0_CASE-A-3216_10,10uF,,CASE-A-3216,3660.00,2510.00,180.000,NO
C43,CAP NP_CC1206-18_47UF 10V,47uF 10V,,CC1206-18,2751.48,1112.68,90.000,YES
C45,CAP NP_CC1206-18_47UF 10V,47uF 10V,,CC1206-18,4795.00,1175.00,90.000,NO
C48,CAP NP_CC1206-18_47UF 10V,47uF 10V,,CC1206-18,4605.00,1245.00,270.000,NO
C49,CAP NP_CC0805_IPC7351_47UF,47uF,,CC0805_IPC7351,2913.00,1175.01,90.000,NO
C51,CAP NP_CC0805_IPC7351_47UF,47uF,,CC0805_IPC7351,2842.48,1175.68,90.000,NO
C52,CAP_NP_CC0603_IPC7351_10UF,10uF,,CC0603_IPC7351,4345.00,2070.00,270.000,YES
C54,CAP_NP_CC0402_IPC7351_100NF,100nF,,CC0402_IPC7351,4185.00,2500.00,90.000,YES
C57,CAP_NP_CC0402_IPC7351_4.7NF,4.7nF,,CC0402_IPC7351,3011.48,1169.68,180.000,NO
C59,CAP_NP_CC0402_IPC7351_100NF,100nF,,CC0402_IPC7351,2238.00,1343.00,270.000,YES
C60,CAP_NP_CC0402_IPC7351_100NF,100nF,,CC0402_IPC7351,3117.00,877.00,180.000,NO
C61,CAP_NP_CC0402_IPC7351_33PF,33pF,,CC0402_IPC7351,3121.48,1149.68,90.000,NO
C63,CAP_NP_CC0402_IPC7351_100NF,100nF,,CC0402_IPC7351,2139.00,1376.00,180.000,YES
C65,CAP_NP_CC0402_IPC7351_100NF,100nF,,CC0402_IPC7351,2139.00,1420.00,180.000,YES
C67,CAP NP_CC0402_IPC7351_390PF,390pF,,CC0402_IPC7351,3215.00,1150.00,90.000,NO
C72,CAP_NP_CC0402_IPC7351_100NF,100nF,,CC0402_IPC7351,3226.50,860.94,90.000,NO
C73,CAP_NP_CC0603_IPC7351_10UF,10uF,,CC0603_IPC7351,543.00,1111.00,0.000,NO
C74,CAP_NP_CC0402_IPC7351_82PF,82pF,,CC0402_IPC7351,539.00,1278.00,270.000,NO
C75,CAP NP_CC0805_IPC7351_22UF 6.3V,22uF 6.3V,,CC0805_IPC7351,3055.00,1615.00,0.000,YES
C76,CAP_NP_CC0402_IPC7351_100NF,100nF,,CC0402_IPC7351,3280.48,997.68,270.000,NO
C78,CAP NP_CC0603_IPC7351_10UF,10uF,,CC0603_IPC7351,1749.00,1529.00,90.000,NO
C79,CAP NP_CC0603_IPC7351_10UF,10uF,,CC0603_IPC7351,1739.00,1399.00,270.000,NO
C80,CAP NP_CC0402_IPC7351_12PF,12pF,,CC0402_IPC7351,1251.32,2149.31,0.000,NO
C81,CAP NP_CC1206-18_47UF 10V,47uF 10V,,CC1206-18,3352.48,1035.68,90.000,NO
C83,CAP_NP_CC0402_IPC7351_15NF,15nF,,CC0402_IPC7351,436.00,1357.00,270.000,NO
C84,CAP_NP_CC0402_IPC7351_100NF,100nF,,CC0402_IPC7351,2187.00,1500.00,180.000,YES
C85,CAP NP_CC0603_IPC7351_10UF,10uF,,CC0603_IPC7351,1684.00,1529.00,90.000,NO
C86,CAP NP_CC0603_IPC7351_10UF,10uF,,CC0603_IPC7351,1674.00,1399.00,270.000,NO
C87,CAP_NP_CC0402_IPC7351_10PF,10pF,,CC0402_IPC7351,384.00,1278.00,270.000,NO
C88,CAP_NP_CC0402_IPC7351_100NF,100nF,,CC0402_IPC7351,2187.00,1541.00,180.000,YES
C89,CAP NP_CC0603_IPC7351_10UF,10uF,,CC0603_IPC7351,1619.00,1529.00,90.000,NO
C90,CAP_NP_CC0402_IPC7351_100NF,100nF,,CC0402_IPC7351,1614.00,1419.00,90.000,NO
C94,CAP_NP_CC0805_4.7UF,4.7uF,,CC0805,278.00,1276.00,180.000,NO
C95,CAP_NP_CC0805_4.7UF,4.7uF,,CC0805,278.00,1191.00,180.000,NO
C96,CAP_NP_CC0402_IPC7351_100NF,100nF,,CC0402_IPC7351,1559.00,1509.00,270.000,NO
C97,CAP NP_CC0402_IPC7351_1NF,1nF,,CC0402_IPC7351,1559.00,1419.00,270.000,NO
C99,CAP_NP_CC0402_IPC7351_10PF,10pF,,CC0402_IPC7351,1504.00,1594.00,270.000,NO
C100,CAP_NP_CC0603_IPC7351_0.1UF,0.1uF,,CC0603_IPC7351,2048.48,1150.68,270.000,YES
C101,CAP_NP_CC0603_IPC7351_0.1UF,0.1uF,,CC0603_IPC7351,1262.00,1150.68,270.000,YES
C103,CAP NP_CC0402_IPC7351_1NF,1nF,,CC0402_IPC7351,1429.00,1354.00,180.000,NO
C104,CAP NP_CC1206-18_47UF 10V,47uF 10V,,CC1206-18,1964.48,1112.68,90.000,YES
C105,CAP NP_CC1206-18_47UF 10V,47uF 10V,,CC1206-18,1178.00,1112.68,90.000,YES
C106,CAP_NP_CC0402_IPC7351_100NF,100nF,,CC0402_IPC7351,1334.00,1614.00,180.000,NO
C107,CAP NP_CC0603_IPC7351_10UF,10uF,,CC0603_IPC7351,1324.00,1354.00,180.000,NO
C108,CAP NP_CC1206-18_47UF 10V,47uF 10V,,CC1206-18,1965.00,1112.00,270.000,NO
C109,CAP NP_CC1206-18_47UF 10V,47uF 10V,,CC1206-18,1178.52,1112.00,270.000,NO
C110,CAP_NP_CC0402_IPC7351_18PF,18pF,,CC0402_IPC7351,1070.00,2689.00,0.000,NO
C111,CAP NP_CC0805_IPC7351_47UF,47uF,,CC0805_IPC7351,2055.48,1175.68,90.000,NO
C112,CAP NP_CC0805_IPC7351_47UF,47uF,,CC0805_IPC7351,1269.00,1175.68,90.000,NO
C113,CAP NP_CC0805_IPC7351_47UF,47uF,,CC0805_IPC7351,2126.00,1175.01,90.000,NO
C114,CAP_NP_CC0402_IPC7351_18PF,18pF,,CC0402_IPC7351,920.00,2689.00,180.000,NO
C115,CAP NP_CC0805_IPC7351_47UF,47uF,,CC0805_IPC7351,1339.52,1175.01,90.000,NO
C116,CAP_NP_CC0402_IPC7351_8.2NF,8.2nF,,CC0402_IPC7351,2224.48,1169.68,180.000,NO
C117,CAP_NP_CC0402_IPC7351_2.2NF,2.2nF,,CC0402_IPC7351,1438.00,1169.68,180.000,NO
C118,CAP_NP_CC0402_IPC7351_100NF,100nF,,CC0402_IPC7351,685.00,2768.00,90.000,NO
C119,CAP_NP_CC0402_IPC7351_100NF,100nF,,CC0402_IPC7351,2320.00,877.00,180.000,NO
C120,CAP_NP_CC0402_IPC7351_33PF,33pF,,CC0402_IPC7351,2334.48,1149.68,90.000,NO
C121,CAP_NP_CC0402_IPC7351_100NF,100nF,,CC0402_IPC7351,1543.52,877.00,180.000,NO
C122,CAP_NP_CC0402_IPC7351_33PF,33pF,,CC0402_IPC7351,1548.00,1149.68,90.000,NO
C123,CAP NP_CC0402_IPC7351_390PF,390pF,,CC0402_IPC7351,2425.00,1150.00,90.000,NO
C124,CAP NP_CC0402_IPC7351_390PF,390pF,,CC0402_IPC7351,1638.00,1149.68,270.000,NO
C125,CAP_NP_CC0402_IPC7351_100NF,100nF,,CC0402_IPC7351,2439.50,860.94,90.000,NO
C126,CAP_NP_CC0402_IPC7351_100NF,100nF,,CC0402_IPC7351,1653.02,860.94,90.000,NO
C127,CAP_NP_CC0402_IPC7351_100NF,100nF,,CC0402_IPC7351,2493.48,997.68,270.000,NO
C128,CAP_NP_CC0402_IPC7351_100NF,100nF,,CC0402_IPC7351,1707.00,997.68,270.000,NO
C129,CAP NP_CC1206-18_47UF 10V,47uF 10V,,CC1206-18,2565.48,1035.68,90.000,NO
C130,CAP NP_CC1206-18_47UF 10V,47uF 10V,,CC1206-18,1779.00,1035.68,90.000,NO
C136,CAP_NP_CC0603_IPC7351_470PF,470pF,,CC0603_IPC7351,4130.00,280.00,90.000,YES
C144,CAP_NP_CC0402_IPC7351_10NF,10nF,,CC0402_IPC7351,3850.00,2320.00,180.000,YES
C145,CAP_NP_CC0603_IPC7351_0.1UF,0.1uF,,CC0603_IPC7351,3695.00,425.00,0.000,YES
C151,CAP_NP_CC0402_IPC7351_100NF,100nF,,CC0402_IPC7351,3975.00,2590.00,0.000,YES
C153,CAP_NP_CC0402_IPC7351_10NF,10nF,,CC0402_IPC7351,5130.00,1040.00,90.000,YES
C156,CAP_NP_CC0402_IPC7351_100NF,100nF,,CC0402_IPC7351,5440.00,990.00,270.000,YES
C157,CAP NP_CC0402_IPC7351_15NF,15nF,,CC0402_IPC7351,620.51,630.58,269.849,YES
C159,CAP_NP_CC0402_IPC7351_100NF,100nF,,CC0402_IPC7351,3780.00,2425.00,0.000,YES
C161,CAP NP_CC1206-18_47UF 10V,47uF 10V,,CC1206-18,5058.00,1125.00,0.000,YES
C163,CAP_NP_CC0402_IPC7351_100NF,100nF,,CC0402_IPC7351,2082.00,1306.00,270.000,NO
C164,CAP_NP_CC0402_IPC7351_10NF,10nF,,CC0402_IPC7351,5087.00,1040.00,90.000,YES
C165,CAP NP_CC0603_IPC7351_10UF,10uF,,CC0603_IPC7351,4465.90,1248.24,270.000,YES
C167,CAP NP_CC0603_IPC7351_10UF,10uF,,CC0603_IPC7351,2187.00,1408.00,270.000,NO
C168,CAP_NP_CC0402_IPC7351_100NF,100nF,,CC0402_IPC7351,2239.00,1342.00,90.000,NO
C169,CAP_NP_CC0402_IPC7351_100NF,100nF,,CC0402_IPC7351,3780.00,2470.00,0.000,YES
C170,CAP_NP_CC0402_IPC7351_100NF,100nF,,CC0402_IPC7351,4462.36,1336.63,0.000,YES
C173,CAP_NP_CC0402_IPC7351_100NF,100nF,,CC0402_IPC7351,2870.00,1360.00,0.000,YES
C174,CAP NP_CC1206-18_47UF 10V,47uF 10V,,CC1206-18,4970.00,975.00,0.000,YES
C175,CAP_NP_CC0603_IPC7351_0.1UF,0.1uF,,CC0603_IPC7351,383.00,725.00,269.849,YES
C176,CAP_NP_CC0201_IPC7351_EINF4398_,100nF,,CC0201_IPC7351_EINF4398,1518.61,1791.93,180.000,YES
C179,CAP_NP_CC0201_IPC7351_EINF4398_,100nF,,CC0201_IPC7351_EINF4398,1478.23,1865.63,270.000,YES
C180,CAP_NP_CC0402_IPC7351_100NF,100nF,,CC0402_IPC7351,4278.51,1280.06,180.000,YES
C183,CAP_NP_CC0201_IPC7351_EINF4398_,100nF,,CC0201_IPC7351_EINF4398,1467.64,1911.56,180.000,YES
C187,CAP_NP_CC0402_IPC7351_1UF,1uF,,CC0402_IPC7351,4349.22,1407.34,270.000,YES
C189,CAP_NP_CC0402_IPC7351_10NF,10nF,,CC0402_IPC7351,4193.66,1280.06,0.000,YES
C191,CAP_NP_CC0201_IPC7351_EINF4398_,100nF,,CC0201_IPC7351_EINF4398,1478.80,1958.35,90.000,YES
C193,CAP_NP_CC0402_IPC7351_100NF,100nF,,CC0402_IPC7351,4267.91,1382.59,90.000,YES
C195,CAP NP_CC0805_IPC7351_33UF,33uF,,CC0805_IPC7351,1641.60,1831.34,180.000,YES
C197,CAP_NP_CC0402_IPC7351_100NF,100nF,,CC0402_IPC7351,4186.59,1350.77,0.000,YES
C200,CAP_NP_CC0201_IPC7351_EINF4398_,100nF,,CC0201_IPC7351_EINF4398,1501.06,2036.86,270.000,YES
C201,CAP_NP_CC0402_IPC7351_100NF,100nF,,CC0402_IPC7351,4095.00,2410.00,0.000,YES
C203,CAP_NP_CC0402_IPC7351_100NF,100nF,,CC0402_IPC7351,4267.91,1481.59,90.000,YES
C204,CAP_NP_CC0201_IPC7351_EINF4398_,100nF,,CC0201_IPC7351_EINF4398,1732.05,1829.09,180.000,YES
C205,CAP_NP_CC0402_IPC7351_100NF,100nF,,CC0402_IPC7351,4059.31,1280.06,180.000,YES
C207,CAP_NP_CC0201_IPC7351_EINF4398_,100nF,,CC0201_IPC7351_EINF4398,1549.41,2027.67,180.000,YES
C208,CAP_NP_CC0402_IPC7351_100NF,100nF,,CC0402_IPC7351,3945.00,2385.00,270.000,YES
C209,CAP_NP_CC0402_IPC7351_10NF,10nF,,CC0402_IPC7351,3905.00,2385.00,270.000,YES
C210,CAP_NP_CC0402_IPC7351_100NF,100nF,,CC0402_IPC7351,4345.69,1587.65,270.000,YES
C212,CAP_NP_CC0402_IPC7351_10NF,10nF,,CC0402_IPC7351,4094.67,1350.77,180.000,YES
C214,CAP_NP_CC0201_IPC7351_EINF4398_,100nF,,CC0201_IPC7351_EINF4398,1509.94,2112.78,270.000,YES
C215,CAP_NP_CC0201_IPC7351_EINF4398_,100nF,,CC0201_IPC7351_EINF4398,1432.68,2191.29,180.000,YES
C217,CAP_NP_CC0201_IPC7351_EINF4398_,100nF,,CC0201_IPC7351_EINF4398,1813.98,1820.79,90.000,YES
C220,CAP_NP_CC0603_IPC7351_0.1UF,0.1uF,,CC0603_IPC7351,3850.00,2210.00,180.000,YES
C222,CAP_NP_CC0402_IPC7351_100NF,100nF,,CC0402_IPC7351,4267.91,1587.65,270.000,YES
C228,CAP_NP_CC0201_IPC7351_EINF4398_,100nF,,CC0201_IPC7351_EINF4398,1813.52,1872.38,270.000,YES
C229,CAP_NP_CC0402_IPC7351_100NF,100nF,,CC0402_IPC7351,4547.00,1174.00,90.000,YES
C230,CAP_NP_CC0402_IPC7351_100NF,100nF,,CC0402_IPC7351,4006.28,1354.31,0.000,YES
C231,CAP_NP_CC0402_IPC7351_100NF,100nF,,CC0402_IPC7351,4175.00,2315.00,180.000,YES
C232,CAP_NP_CC0402_IPC7351_100NF,100nF,,CC0402_IPC7351,1428.23,2264.56,90.000,YES
C233,CAP_NP_CC0402_IPC7351_100NF,100nF,,CC0402_IPC7351,1659.66,2037.57,180.000,YES
C234,CAP_NP_CC0201_IPC7351_EINF4398_,100nF,,CC0201_IPC7351_EINF4398,1786.24,1911.57,0.000,YES
C237,CAP_NP_CC0402_IPC7351_100NF,100nF,,CC0402_IPC7351,1723.30,1988.36,270.000,YES
C239,CAP_NP_CC0201_IPC7351_EINF4398_,100nF,,CC0201_IPC7351_EINF4398,1470.98,2246.01,90.000,YES
C240,CAP NP_CC0603_IPC7351_10UF,10uF,,CC0603_IPC7351,2180.00,1610.00,180.000,YES
C244,CAP_NP_CC0402_IPC7351_10NF,10nF,,CC0402_IPC7351,4695.00,2755.00,180.000,YES
C246,CAP_NP_CC0402_IPC7351_100NF,100nF,,CC0402_IPC7351,4027.49,1432.09,90.000,YES
C247,CAP_NP_CC0402_IPC7351_1UF,1uF,,CC0402_IPC7351,4200.73,1605.33,0.000,YES
C249,CAP_NP_CC0201_IPC7351_EINF4398_,100nF,,CC0201_IPC7351_EINF4398,1470.86,2300.19,90.000,YES
C250,CAP_NP_CC0201_IPC7351_EINF4398_,100nF,,CC0201_IPC7351_EINF4398,1820.34,1951.58,270.000,YES
C254,CAP_NP_CC0201_IPC7351_EINF4398_,100nF,,CC0201_IPC7351_EINF4398,2752.14,2362.41,135.000,YES
C255,CAP NP_CC0603_IPC7351_10UF,10uF,,CC0603_IPC7351,4534.00,2432.00,180.000,YES
C258,CAP_NP_CC0201_IPC7351_EINF4398_,100nF,,CC0201_IPC7351_EINF4398,1753.99,2069.42,90.000,YES
C260,CAP_NP_CC0402_IPC7351_100NF,100nF,,CC0402_IPC7351,4306.80,1811.25,0.000,YES
C262,CAP_NP_CC0402_IPC7351_100NF,100nF,,CC0402_IPC7351,1817.16,2021.82,270.000,YES
C265,CAP_NP_CC0402_IPC7351_100NF,100nF,,CC0402_IPC7351,4023.95,1541.69,270.000,YES
C266,CAP_NP_CC0402_IPC7351_100NF,100nF,,CC0402_IPC7351,4080.52,1605.33,0.000,YES
C267,CAP_NP_CC0402_IPC7351_100NF,100nF,,CC0402_IPC7351,2200.60,1669.45,0.000,YES
C269,CAP_NP_CC0402_IPC7351_1UF,1uF,,CC0402_IPC7351,4306.80,1860.75,180.000,YES
C271,CAP_NP_CC0201_IPC7351_EINF4398_,100nF,,CC0201_IPC7351_EINF4398,1777.85,2124.28,225.000,YES
C275,CAP_NP_CC0201_IPC7351_EINF4398_,100nF,,CC0201_IPC7351_EINF4398,1832.91,2084.81,0.000,YES
C280,CAP_NP_CC0201_IPC7351_EINF4398_,100nF,,CC0201_IPC7351_EINF4398,2209.79,1735.21,0.000,YES
C281,CAP_NP_CC0402_IPC7351_100NF,100nF,,CC0402_IPC7351,4144.16,1753.82,180.000,YES
C282,CAP_NP_CC0402_IPC7351_100NF,100nF,,CC0402_IPC7351,1434.80,2507.93,90.000,YES
C285,CAP_NP_CC0402_IPC7351_100NF,100nF,,CC0402_IPC7351,3837.00,2107.00,90.000,YES
C289,CAP_NP_CC0201_IPC7351_EINF4398_,100nF,,CC0201_IPC7351_EINF4398,2171.73,1820.95,45.000,YES
C292,CAP_NP_CC0201_IPC7351_EINF4398_,100nF,,CC0201_IPC7351_EINF4398,2209.08,1799.56,135.000,YES
C295,CAP_NP_CC0402_IPC7351_100NF,100nF,,CC0402_IPC7351,1498.44,2507.93,90.000,YES
C296,CAP_NP_CC0402_IPC7351_150PF,150pF,,CC0402_IPC7351,2480.00,1565.00,0.000,YES
C297,CAP NP_CC0603_IPC7351_10UF,10uF,,CC0603_IPC7351,4122.95,1810.39,180.000,YES
C298,CAP NP_CC0402_IPC7351_15NF,15nF,,CC0402_IPC7351,3106.48,1054.68,270.000,YES
C301,CAP_NP_CC0201_IPC7351_EINF4398_,100nF,,CC0201_IPC7351_EINF4398,2281.91,1760.67,135.000,YES
C302,CAP_NP_CC0201_IPC7351_EINF4398_,100nF,,CC0201_IPC7351_EINF4398,1815.81,2234.14,45.000,YES
C303,CAP_NP_CC0402_IPC7351_100NF,100nF,,CC0402_IPC7351,5090.00,1845.00,180.000,NO
C305,CAP NP_CC0402_IPC7351_12PF,12pF,,CC0402_IPC7351,2370.00,1585.00,0.000,NO
C306,CAP_NP_CC0402_IPC7351_100NF,100nF,,CC0402_IPC7351,4017.00,2047.00,180.000,YES
C307,CAP_NP_CC0402_IPC7351_100NF,100nF,,CC0402_IPC7351,1547.94,2507.93,90.000,YES
C308,CAP_NP_CC0201_IPC7351_EINF4398_,100nF,,CC0201_IPC7351_EINF4398,2168.78,1903.50,315.000,YES
C309,CAP_NP_CC0201_IPC7351_EINF439_1,10nF,,CC0201_IPC7351_EINF4398,2211.91,1861.78,45.000,YES
C310,CAP_NP_CC0201_IPC7351_EINF4398_,100nF,,CC0201_IPC7351_EINF4398,2247.27,1827.84,180.000,YES
C312,CAP_NP_CC0402_IPC7351_100NF,100nF,,CC0402_IPC7351,660.00,1025.00,180.000,YES
C316,CAP_NP_CC0201_IPC7351_EINF4398_,100nF,,CC0201_IPC7351_EINF4398,1826.54,2305.14,90.000,YES
C317,CAP_NP_CC0402_IPC7351_100NF,100nF,,CC0402_IPC7351,1611.58,2507.93,90.000,YES
C320,CAP_NP_CC0201_IPC7351_EINF4398_,100nF,,CC0201_IPC7351_EINF4398,2260.70,1890.77,180.000,YES
C321,CAP_NP_CC0201_IPC7351_EINF4398_,100nF,,CC0201_IPC7351_EINF4398,2453.74,1699.15,270.000,YES
C322,CAP_NP_CC0402_IPC7351_100NF,100nF,,CC0402_IPC7351,1663.20,2507.22,90.000,YES
C323,CAP_NP_CC0402_IPC7351_100NF,100nF,,CC0402_IPC7351,3871.93,1714.93,135.000,YES
C324,CAP_NP_CC0402_IPC7351_1UF,1uF,,CC0402_IPC7351,3907.28,1750.29,315.000,YES
C325,CAP_NP_CC0402_IPC7351_100NF,100nF,,CC0402_IPC7351,1984.93,2210.39,0.000,YES
C326,CAP_NP_CC0201_IPC7351_EINF4398_,100nF,,CC0201_IPC7351_EINF4398,2336.36,1858.95,135.000,YES
C327,CAP_NP_CC0201_IPC7351_EINF4398_,100nF,,CC0201_IPC7351_EINF4398,2243.73,1955.83,270.000,YES
C329,CAP_NP_CC0201_IPC7351_EINF4398_,100nF,,CC0201_IPC7351_EINF4398,2400.00,1870.00,270.000,YES
C334,CAP_NP_CC0402_IPC7351_100NF,100nF,,CC0402_IPC7351,1729.66,2505.81,90.000,YES
C336,CAP_NP_CC0201_IPC7351_EINF439_1,10nF,,CC0201_IPC7351_EINF4398,2351.21,1904.92,45.000,YES
C338,CAP_NP_CC0402_IPC7351_100NF,100nF,,CC0402_IPC7351,1983.52,2282.51,0.000,YES
C341,CAP_NP_CC0201_IPC7351_EINF4398_,100nF,,CC0201_IPC7351_EINF4398,2305.96,1991.18,135.000,YES
C342,CAP_NP_CC0402_IPC7351_100NF,100nF,,CC0402_IPC7351,1779.87,2506.51,90.000,YES
C345,CAP_NP_CC0201_IPC7351_EINF4398_,100nF,,CC0201_IPC7351_EINF4398,2349.27,1965.78,45.000,YES
C346,CAP_NP_CC0201_IPC7351_EINF439_1,10nF,,CC0201_IPC7351_EINF4398,2380.45,1934.74,225.000,YES
C347,CAP_NP_CC0201_IPC7351_EINF4398_,100nF,,CC0201_IPC7351_EINF4398,2275.55,2049.87,270.000,YES
C349,CAP_NP_CC0201_IPC7351_EINF4398_,100nF,,CC0201_IPC7351_EINF4398,2464.35,1882.29,90.000,YES
C355,CAP_NP_CC0402_IPC7351_100NF,100nF,,CC0402_IPC7351,1843.51,2506.51,90.000,YES
C356,CAP_NP_CC0201_IPC7351_EINF4398_,100nF,,CC0201_IPC7351_EINF4398,2618.50,1763.50,45.000,YES
C361,CAP_NP_CC0201_IPC7351_EINF4398_,100nF,,CC0201_IPC7351_EINF4398,2528.69,1861.78,270.000,YES
C362,CAP_NP_CC0201_IPC7351_EINF4398_,100nF,,CC0201_IPC7351_EINF4398,2341.31,2050.58,0.000,YES
C366,CAP_NP_CC0201_IPC7351_EINF439_1,10nF,,CC0201_IPC7351_EINF4398,2463.64,1952.29,180.000,YES
C367,CAP_NP_CC0201_IPC7351_EINF4398_,100nF,,CC0201_IPC7351_EINF4398,2224.11,2196.83,135.000,YES
C374,CAP_NP_CC0201_IPC7351_EINF4398_,100nF,,CC0201_IPC7351_EINF4398,2463.75,1983.89,0.000,YES
C375,CAP_NP_CC0201_IPC7351_EINF439_1,10nF,,CC0201_IPC7351_EINF4398,2400.71,2050.58,90.000,YES
C379,CAP_NP_CC0201_IPC7351_EINF4398_,100nF,,CC0201_IPC7351_EINF4398,2646.07,1822.19,225.000,YES
C383,CAP_NP_CC0201_IPC7351_EINF439_1,10nF,,CC0201_IPC7351_EINF4398,2350.50,2124.83,225.000,YES
C384,CAP_NP_CC0201_IPC7351_EINF439_1,10nF,,CC0201_IPC7351_EINF4398,2539.30,1936.03,225.000,YES
C388,CAP_NP_CC0201_IPC7351_EINF4398_,100nF,,CC0201_IPC7351_EINF4398,2170.90,2314.33,315.000,YES
C389,CAP_NP_CC0201_IPC7351_EINF439_1,10nF,,CC0201_IPC7351_EINF4398,2213.33,2273.32,270.000,YES
C390,CAP NP_CC0603_IPC7351_10UF,10uF,,CC0603_IPC7351,1920.00,2530.00,270.000,YES
C395,CAP_NP_CC0201_IPC7351_EINF439_1,10nF,,CC0201_IPC7351_EINF4398,2334.95,2175.74,315.000,YES
C396,CAP_NP_CC0402_IPC7351_10NF,10nF,,CC0402_IPC7351,2459.96,2043.02,180.000,YES
C397,CAP NP_CC0402_IPC7351_12PF,12pF,,CC0402_IPC7351,1201.00,2099.00,0.000,NO
C398,CAP NP_CC0805_IPC7351_22UF 6.3V,22uF 6.3V,,CC0805_IPC7351,1244.00,2807.00,0.000,YES
C399,CAP_NP_CC0201_IPC7351_EINF4398_,100nF,,CC0201_IPC7351_EINF4398,2580.31,1937.44,135.000,YES
C400,CAP NP_CC0603_IPC7351_10UF,10uF,,CC0603_IPC7351,2020.00,2495.00,90.000,YES
C402,CAP_NP_CC0402_IPC7351_100NF,100nF,,CC0402_IPC7351,1175.00,2270.00,90.000,YES
C403,CAP_NP_CC0201_IPC7351_EINF4398_,100nF,,CC0201_IPC7351_EINF4398,2299.59,2230.89,45.000,YES
C404,CAP_NP_CC0201_IPC7351_EINF439_1,10nF,,CC0201_IPC7351_EINF4398,2412.73,2123.41,225.000,YES
C406,CAP_NP_CC0201_IPC7351_EINF4398_,100nF,,CC0201_IPC7351_EINF4398,2747.19,1797.44,180.000,YES
C416,CAP_NP_CC0201_IPC7351_EINF439_1,10nF,,CC0201_IPC7351_EINF4398,2520.92,2050.58,270.000,YES
C417,CAP_NP_CC0201_IPC7351_EINF4398_,100nF,,CC0201_IPC7351_EINF4398,2368.18,2204.73,135.000,YES
C419,CAP_NP_CC0201_IPC7351_EINF439_1,10nF,,CC0201_IPC7351_EINF4398,2464.96,2115.02,180.000,YES
C420,CAP_NP_CC0201_IPC7351_EINF439_1,10nF,,CC0201_IPC7351_EINF4398,2685.67,1892.90,90.000,YES
C424,CAP_NP_CC0201_IPC7351_EINF439_1,10nF,,CC0201_IPC7351_EINF4398,2223.31,2397.05,180.000,YES
C425,CAP_NP_CC0201_IPC7351_EINF4398_,100nF,,CC0201_IPC7351_EINF4398,2336.36,2270.49,180.000,YES
C426,CAP_NP_CC0201_IPC7351_EINF4398_,100nF,,CC0201_IPC7351_EINF4398,2377.37,2232.31,135.000,YES
C427,CAP_NP_CC0201_IPC7351_EINF4398_,100nF,,CC0201_IPC7351_EINF4398,2426.87,2182.81,315.000,YES
C428,CAP_NP_CC0201_IPC7351_EINF4398_,100nF,,CC0201_IPC7351_EINF4398,2464.35,2146.75,180.000,YES
C430,CAP_NP_CC0201_IPC7351_EINF4398_,100nF,,CC0201_IPC7351_EINF4398,2836.29,1783.29,270.000,YES
C431,CAP_NP_CC0201_IPC7351_EINF4398_,100nF,,CC0201_IPC7351_EINF4398,2556.98,2062.60,180.000,YES
C434,CAP_NP_CC0402_IPC7351_100NF,100nF,,CC0402_IPC7351,1125.00,2270.00,90.000,YES
C435,CAP NP_CC0603_IPC7351_10UF,10uF,,CC0603_IPC7351,2921.85,1706.22,0.000,YES
C437,CAP_NP_CC0201_IPC7351_EINF439_1,10nF,,CC0201_IPC7351_EINF4398,2684.97,1955.83,90.000,YES
C438,CAP_NP_CC0201_IPC7351_EINF4398_,100nF,,CC0201_IPC7351_EINF4398,2602.94,2044.92,180.000,YES
C439,CAP_NP_CC0201_IPC7351_EINF4398_,100nF,,CC0201_IPC7351_EINF4398,2464.96,2082.52,180.000,YES
C440,CAP_NP_CC0201_IPC7351_EINF4398_,100nF,,CC0201_IPC7351_EINF4398,2135.00,2425.00,180.000,YES
C441,CAP_NP_CC0201_IPC7351_EINF439_1,10nF,,CC0201_IPC7351_EINF4398,2279.79,2394.94,0.000,YES
C444,CAP_NP_CC0402_IPC7351_100NF,100nF,,CC0402_IPC7351,1519.00,1572.00,180.000,YES
C447,CAP_NP_CC0201_IPC7351_EINF4398_,100nF,,CC0201_IPC7351_EINF4398,2564.05,2171.50,315.000,YES
C449,CAP_NP_CC0201_IPC7351_EINF4398_,100nF,,CC0201_IPC7351_EINF4398,2530.11,2212.51,45.000,YES
C451,CAP_NP_CC0402_IPC7351_100NF,100nF,,CC0402_IPC7351,925.00,2250.00,0.000,YES
C452,CAP_NP_CC0201_IPC7351_EINF4398_,100nF,,CC0201_IPC7351_EINF4398,2706.89,2048.46,180.000,YES
C454,CAP_NP_CC0201_IPC7351_EINF4398_,100nF,,CC0201_IPC7351_EINF4398,2621.33,2142.50,135.000,YES
C455,CAP_NP_CC0603_IPC7351_0.1UF,0.1uF,,CC0603_IPC7351,1000.00,2130.00,90.000,YES
C457,CAP_NP_CC0201_IPC7351_EINF439_1,10nF,,CC0201_IPC7351_EINF4398,2385.15,2394.23,0.000,YES
C458,CAP NP_CC0805_IPC7351_33UF,33uF,,CC0805_IPC7351,405.00,1540.00,90.000,YES
C459,CAP_NP_CC0402_IPC7351_100NF,100nF,,CC0402_IPC7351,1450.00,1595.00,270.000,YES
C461,CAP_NP_CC0201_IPC7351_EINF4398_,100nF,,CC0201_IPC7351_EINF4398,2597.99,2216.75,225.000,YES
C463,CAP_NP_CC0402_IPC7351_100NF,100nF,,CC0402_IPC7351,1223.00,2749.00,0.000,YES
C467,CAP_NP_CC0201_IPC7351_EINF439_1,10nF,,CC0201_IPC7351_EINF4398,2684.97,2176.45,90.000,YES
C468,CAP_NP_CC0402_IPC7351_100NF,100nF,,CC0402_IPC7351,1075.00,2560.00,270.000,YES
C470,CAP_NP_CC0603_IPC7351_0.1UF,0.1uF,,CC0603_IPC7351,260.00,2160.00,0.000,YES
C471,CAP_NP_CC0402_IPC7351_100NF,100nF,,CC0402_IPC7351,925.00,2300.00,0.000,YES
C473,CAP_NP_CC0201_IPC7351_EINF4398_,100nF,,CC0201_IPC7351_EINF4398,2659.46,2235.79,315.000,YES
C479,CAP_NP_CC0201_IPC7351_EINF4398_,100nF,,CC0201_IPC7351_EINF4398,3158.02,1791.07,180.000,YES
C480,CAP_NP_CC0402_IPC7351_100NF,100nF,,CC0402_IPC7351,930.00,2555.00,270.000,YES
C483,CAP_NP_CC0402_IPC7351_100NF,100nF,,CC0402_IPC7351,1319.00,1534.00,90.000,YES
C485,CAP_NP_CC0201_IPC7351_EINF439_1,10nF,,CC0201_IPC7351_EINF4398,2713.25,2299.48,135.000,YES
C488,CAP_NP_CC0201_IPC7351_EINF4398_,100nF,,CC0201_IPC7351_EINF4398,3122.66,1899.97,270.000,YES
C491,CAP NP_CC0805_IPC7351_33UF,33uF,,CC0805_IPC7351,3273.04,1773.54,180.000,YES
C492,CAP_NP_CC0402_IPC7351_100NF,100nF,,CC0402_IPC7351,1025.00,2560.00,270.000,YES
C494,CAP_NP_CC0201_IPC7351_EINF439_1,10nF,,CC0201_IPC7351_EINF4398,2716.79,2336.96,45.000,YES
C496,CAP_NP_CC0603_IPC7351_0.1UF,0.1uF,,CC0603_IPC7351,855.00,1750.00,180.000,YES
C497,CAP_NP_CC0402_IPC7351_100NF,100nF,,CC0402_IPC7351,896.02,2606.33,0.000,NO
C499,CAP_NP_CC0201_IPC7351_EINF4398_,100nF,,CC0201_IPC7351_EINF4398,3124.08,1962.19,90.000,YES
C504,CAP_NP_CC0603_IPC7351_0.1UF,0.1uF,,CC0603_IPC7351,775.00,2055.00,270.000,YES
C510,CAP_NP_CC0201_IPC7351_EINF4398_,100nF,,CC0201_IPC7351_EINF4398,3124.79,2039.27,270.000,YES
C516,CAP_NP_CC0201_IPC7351_EINF4398_,100nF,,CC0201_IPC7351_EINF4398,3194.29,2041.28,180.000,YES
C517,CAP NP_CC0805_IPC7351_33UF,33uF,,CC0805_IPC7351,775.00,2055.00,90.000,NO
C519,CAP_NP_CC0201_IPC7351_EINF4398_,100nF,,CC0201_IPC7351_EINF4398,3057.61,2195.54,180.000,YES
C520,CAP_NP_CC0201_IPC7351_EINF4398_,100nF,,CC0201_IPC7351_EINF4398,3147.04,2120.03,270.000,YES
C523,CAP_NP_CC0201_IPC7351_EINF4398_,100nF,,CC0201_IPC7351_EINF4398,3455.71,1821.48,90.000,YES
C524,CAP_NP_CC0201_IPC7351_EINF4398_,100nF,,CC0201_IPC7351_EINF4398,3058.32,2231.60,180.000,YES
C527,CAP_NP_CC0402_IPC7351_100NF,100nF,,CC0402_IPC7351,3110.59,2213.82,90.000,YES
C528,CAP_NP_CC0201_IPC7351_EINF4398_,100nF,,CC0201_IPC7351_EINF4398,3455.71,1873.80,270.000,YES
C530,CAP_NP_CC0201_IPC7351_EINF4398_,100nF,,CC0201_IPC7351_EINF4398,3430.96,1915.52,45.000,YES
C531,CAP_NP_CC0402_IPC7351_100NF,100nF,,CC0402_IPC7351,3304.54,2051.18,180.000,YES
C533,CAP_NP_CC0402_IPC7351_100NF,100nF,,CC0402_IPC7351,3370.15,1993.31,270.000,YES
C535,CAP NP_CC0603_IPC7351_10UF,10uF,,CC0603_IPC7351,1499.00,1742.00,180.000,YES
C537,CAP_NP_CC0201_IPC7351_EINF4398_,100nF,,CC0201_IPC7351_EINF4398,3123.32,2312.56,90.000,YES
C538,CAP_NP_CC0201_IPC7351_EINF4398_,100nF,,CC0201_IPC7351_EINF4398,3409.75,2041.39,0.000,YES
C541,CAP_NP_CC0402_IPC7351_100NF,100nF,,CC0402_IPC7351,3465.00,2020.00,270.000,YES
C544,CAP_NP_CC0201_IPC7351_EINF4398_,100nF,,CC0201_IPC7351_EINF4398,3512.99,2006.03,0.000,YES
C545,CAP NP_CC0402_IPC7351_15NF,15nF,,CC0402_IPC7351,2319.48,1054.68,270.000,YES
C547,CAP_NP_CC0201_IPC7351_EINF4398_,100nF,,CC0201_IPC7351_EINF4398,3419.65,2124.83,225.000,YES
C548,CAP NP_CC0402_IPC7351_15NF,15nF,,CC0402_IPC7351,1533.00,1054.68,270.000,YES
C549,CAP_NP_CC0201_IPC7351_EINF4398_,100nF,,CC0201_IPC7351_EINF4398,3513.69,2044.92,0.000,YES
C551,CAP_NP_CC0402_IPC7351_100NF,100nF,,CC0402_IPC7351,3042.05,2537.02,90.000,YES
C556,CAP_NP_CC0402_IPC7351_100NF,100nF,,CC0402_IPC7351,3107.11,2537.02,90.000,YES
C558,CAP_NP_CC0402_IPC7351_100NF,100nF,,CC0402_IPC7351,3149.53,2537.02,90.000,YES
C559,CAP_NP_CC0201_IPC7351_EINF4398_,100nF,,CC0201_IPC7351_EINF4398,3451.47,2245.74,90.000,YES
C561,CAP_NP_CC0402_IPC7351_100NF,100nF,,CC0402_IPC7351,708.00,2594.00,180.000,YES
C562,CAP_NP_CC0402_IPC7351_100NF,100nF,,CC0402_IPC7351,804.00,2594.00,180.000,YES
C564,CAP_NP_CC0402_IPC7351_100NF,100nF,,CC0402_IPC7351,3213.17,2537.02,90.000,YES
C565,CAP_NP_CC0402_IPC7351_100NF,100nF,,CC0402_IPC7351,3256.31,2498.89,90.000,YES
C566,CAP_NP_CC0201_IPC7351_EINF4398_,100nF,,CC0201_IPC7351_EINF4398,3451.47,2305.14,90.000,YES
C568,CAP_NP_CC0402_IPC7351_100NF,100nF,,CC0402_IPC7351,3321.36,2497.47,90.000,YES
C569,CAP_NP_CC0402_IPC7351_100NF,100nF,,CC0402_IPC7351,3535.00,2105.00,180.000,YES
C570,CAP_NP_CC0402_IPC7351_100NF,100nF,,CC0402_IPC7351,3470.00,2360.00,270.000,YES
C573,CAP_NP_CC0402_IPC7351_100NF,100nF,,CC0402_IPC7351,3364.50,2498.18,90.000,YES
C574,CAP_NP_CC0402_IPC7351_100NF,100nF,,CC0402_IPC7351,3535.00,2265.00,180.000,YES
C575,CAP_NP_CC0402_IPC7351_100NF,100nF,,CC0402_IPC7351,4170.00,2095.00,180.000,YES
C576,CAP NP_CC1206-18_47UF 10V,47uF 10V,,CC1206-18,5105.00,810.00,270.000,YES
C577,CAP NP_CC1206-18_47UF 10V,47uF 10V,,CC1206-18,4520.00,985.00,180.000,YES
C578,CAP_NP_CC0402_IPC7351_220PF,220pF,,CC0402_IPC7351,4480.00,1125.00,0.000,YES
C579,CAP_NP_CC0402_IPC7351_100NF,100nF,,CC0402_IPC7351,4305.00,2295.00,270.000,YES
C580,CAP_NP_CC0402_IPC7351_100NF,100nF,,CC0402_IPC7351,4400.00,2335.00,0.000,YES
C581,CAP_NP_CC0402_IPC7351_10NF,10nF,,CC0402_IPC7351,4400.00,2395.00,180.000,YES
C582,CAP_NP_CC0402_IPC7351_18PF,18pF,,CC0402_IPC7351,4330.00,2395.00,0.000,NO
C583,CAP_NP_CC0402_IPC7351_18PF,18pF,,CC0402_IPC7351,4480.00,2395.00,180.000,NO
C584,CAP_NP_CC0402_IPC7351_100NF,100nF,,CC0402_IPC7351,4415.00,2135.00,270.000,NO
C585,CAP NP_CC0402_IPC7351_12PF,12pF,,CC0402_IPC7351,4035.00,1800.00,90.000,YES
C586,CAP NP_CC0805_IPC7351_33UF,33uF,,CC0805_IPC7351,949.00,1856.00,90.000,NO
C587,CAP_NP_CC0805_4.7UF,4.7uF,,CC0805,869.00,1851.00,270.000,NO
C588,CAP_NP_CC0402_IPC7351_18PF,18pF,,CC0402_IPC7351,959.00,1986.00,270.000,NO
C589,CAP_NP_CC0603_IPC7351_1UF,1uF,,CC0603_IPC7351,850.00,1385.00,0.000,NO
C590,CAP_NP_CC0402_IPC7351_1.2NF,1.2nF,,CC0402_IPC7351,547.00,1365.00,90.000,NO
C591,C1210_CC0805_IPC7351_22UF,22uF,,CC0805_IPC7351,715.00,1595.00,270.000,NO
C592,CAP_NP_CC0402_IPC7351_100NF,100nF,,CC0402_IPC7351,650.00,1565.00,90.000,NO
C593,C1210_CC0805_IPC7351_22UF,22uF,,CC0805_IPC7351,750.00,1165.00,180.000,NO
C594,CAP_NP_CC0805_4.7UF,4.7uF,,CC0805,1154.00,1851.00,270.000,NO
C595,CAP_NP_CC0805_4.7UF,4.7uF,,CC0805,1239.00,1866.00,270.000,NO
C596,CAP_NP_CC0402_IPC7351_X_100NF,X_100nF,,CC0402_IPC7351,1055.00,1435.00,180.000,YES
C598,CAP_NP_CC0402_IPC7351_X-100NF,X-100nF,,CC0402_IPC7351,1045.00,1335.00,90.000,YES
C599,CAP_NP_CC0603_IPC7351_1UF,1uF,,CC0603_IPC7351,980.00,1090.00,0.000,NO
C600,CAP_NP_CC0402_IPC7351_X_100NF,X_100nF,,CC0402_IPC7351,975.00,1565.00,270.000,NO
C602,CAP_NP_CC0603_IPC7351_0.1UF,0.1uF,,CC0603_IPC7351,3646.00,1011.00,180.000,YES
C603,CAP_NP_CC0402_IPC7351_10NF,10nF,,CC0402_IPC7351,3575.00,1149.00,180.000,NO
C604,CAP_NP_CC0402_IPC7351_100NF,100nF,,CC0402_IPC7351,5100.00,2055.00,0.000,NO
C605,CAP_NP_CC0402_IPC7351_100NF,100nF,,CC0402_IPC7351,5100.00,2015.00,0.000,NO
C609,CAP_NP_CC0402_IPC7351_100NF,100nF,,CC0402_IPC7351,4595.00,2305.00,270.000,NO
C610,CAP_NP_CC0402_IPC7351_100NF,100nF,,CC0402_IPC7351,4635.00,2305.00,270.000,NO
C611,CAP_NP_CC0402_IPC7351_22PF,22pF,,CC0402_IPC7351,4950.00,2370.00,180.000,NO
C612,CAP_NP_CC0402_IPC7351_100NF,100nF,,CC0402_IPC7351,4900.00,2285.00,270.000,NO
C613,CAP_NP_CC0402_IPC7351_22PF,22pF,,CC0402_IPC7351,5025.00,2370.00,0.000,NO
C614,CAP_NP_CC0402_IPC7351_100NF,100nF,,CC0402_IPC7351,4940.00,2285.00,270.000,NO
C615,CAP_NP_CC0402_IPC7351_100NF,100nF,,CC0402_IPC7351,4725.00,1565.00,180.000,YES
C616,CAP_NP_CC0402_IPC7351_100NF,100nF,,CC0402_IPC7351,4980.00,2040.00,180.000,YES
C617,CAP_NP_CC0402_IPC7351_100NF,100nF,,CC0402_IPC7351,4665.00,1900.00,0.000,YES
C618,CAP_NP_CC0402_IPC7351_100NF,100nF,,CC0402_IPC7351,4890.00,2180.00,270.000,YES
C619,CAP_NP_CC0402_IPC7351_100NF,100nF,,CC0402_IPC7351,4980.00,1905.00,180.000,YES
C620,CAP_NP_CC0402_IPC7351_100NF,100nF,,CC0402_IPC7351,4665.00,1960.00,0.000,YES
C621,CAP_NP_CC0402_IPC7351_100NF,100nF,,CC0402_IPC7351,4665.00,2095.00,0.000,YES
C622,CAP_NP_CC0402_IPC7351_100NF,100nF,,CC0402_IPC7351,4830.00,2180.00,270.000,YES
C623,CAP_NP_CC0402_IPC7351_100NF,100nF,,CC0402_IPC7351,4730.00,2180.00,270.000,YES
C624,CAP_NP_CC0603_IPC7351_10UF,10uF,,CC0603_IPC7351,4545.00,1910.00,180.000,NO
C625,CAP_NP_CC0402_IPC7351_100NF,100nF,,CC0402_IPC7351,4630.00,2305.00,90.000,YES
C626,CAP_NP_CC0402_IPC7351_100NF,100nF,,CC0402_IPC7351,4980.00,2160.00,180.000,YES
C627,CAP_NP_CC0402_IPC7351_100NF,100nF,,CC0402_IPC7351,4655.00,1790.00,90.000,NO
C628,CAP_NP_CC0402_IPC7351_100NF,100nF,,CC0402_IPC7351,4980.00,1965.00,180.000,YES
C629,CAP_NP_CC0603_IPC7351_10UF,10uF,,CC0603_IPC7351,4680.00,2310.00,270.000,YES
C630,CAP_NP_CC0603_IPC7351_0.1UF,0.1uF,,CC0603_IPC7351,561.00,1448.00,180.000,NO
C631,CAP NP_CC0805_IPC7351_33UF,33uF,,CC0805_IPC7351,487.00,1439.00,0.000,YES
C632,CAP_NP_CC0603_IPC7351_0.1UF,0.1uF,,CC0603_IPC7351,3797.07,1125.25,90.000,NO
C633,CAP_NP_CC0402_IPC7351_100NF,100nF,,CC0402_IPC7351,4405.00,2225.00,0.000,YES
C634,CAP_NP_CC0603_IPC7351_10UF,10uF,,CC0603_IPC7351,978.44,740.09,269.923,NO
C635,CAP_NP_CC0603_IPC7351_10UF,10uF,,CC0603_IPC7351,1267.99,759.15,270.000,NO
C636,CAP_NP_CC0402_IPC7351_100NF,100nF,,CC0402_IPC7351,972.03,637.00,89.874,NO
C637,CAP_NP_CC0402_IPC7351_100NF,100nF,,CC0402_IPC7351,1035.00,615.00,0.000,NO
C638,CAP_NP_CC0603_IPC7351_1UF,1uF,,CC0603_IPC7351,5175.00,1650.00,180.000,NO
C639,CAP_NP_CC0603_IPC7351_0.1UF,0.1uF,,CC0603_IPC7351,5342.50,1195.00,90.000,YES
C640,CAP_NP_CC0603_IPC7351_0.1UF,0.1uF,,CC0603_IPC7351,655.00,1164.00,90.000,YES
C641,CAP NP_CC0603_IPC7351_10UF,10uF,,CC0603_IPC7351,5660.00,910.00,0.000,YES
C642,CAP NP_CC0603_IPC7351_10UF,10uF,,CC0603_IPC7351,5645.00,1180.00,0.000,YES
C643,CAP_NP_CC0603_IPC7351_10UF,10uF,,CC0603_IPC7351,4479.50,1645.00,180.000,YES
C644,CAP NP_CC0603_IPC7351_10UF,10uF,,CC0603_IPC7351,5957.17,1507.73,270.000,YES
C645,CAP NP_9_C0402_2200PF/50V_X7R,2200pF/50V_X7R,,C0402,4795.00,630.00,90.000,NO
C646,CAP NP_9_C0402_2200PF/50V_X7R,2200pF/50V_X7R,,C0402,4784.00,685.00,0.000,NO
C647,CAP NP_10_C1206_10UF/25V,10uf/25v,,C1206,4965.00,630.00,90.000,NO
C648,CAP NP_10_C1206_10UF/25V,10uf/25v,,C1206,4865.00,630.00,90.000,NO
C649,CAP NP_10_C1206_10UF/25V,10uf/25v,,C1206,4865.00,620.00,270.000,YES
C650,CAP NP_10_C0603_22PF/50V,22PF/50V,,C0603,4555.00,501.00,180.000,NO
C651,CAP NP_10_C0402_0.1UF/16V_NC,0.1uf/16v_NC,,C0402,4635.00,545.00,180.000,NO
C652,CAP NP_10_C0402_0.1UF/25V,0.1uF/25V,,C0402,5030.00,435.00,270.000,NO
C653,CAP NP_10_C0603_1UF/25V,1uF/25V,,C0603,4595.00,395.00,180.000,NO
C654,CAP NP_0_C1206_22UF/10V,22UF/10V,,C1206,5140.00,520.00,90.000,YES
C655,CAP NP_0_C1206_22UF/10V,22UF/10V,,C1206,5240.00,520.00,90.000,YES
C656,CAP NP_10_C0603_3300PF/25V,3300PF/25V,,C0603,4595.00,340.00,180.000,NO
C657,CAP NP_10_C1206_10UF/25V,10uf/25v,,C1206,3720.00,710.00,270.000,NO
C658,CAP NP_10_C1206_10UF/25V,10uf/25v,,C1206,4150.00,795.00,270.000,NO
C659,CAP NP_10_C1206_10UF/25V,10uf/25v,,C1206,3515.00,750.00,90.000,YES
C660,CAP NP_10_C1206_10UF/25V,10uf/25v,,C1206,4290.00,795.00,270.000,NO
C661,CAP NP_10_C0402_0.1UF/16V,0.1uf/16v,,C0402,295.00,1605.00,270.000,YES
C662,CAP NP_10_C0402_0.1UF/16V,0.1uf/16v,,C0402,360.00,1650.00,270.000,YES
D1,DIODE SUPPRESSOR_0_D-SMB_SMBJ13,SMBJ13CA,,D-SMB,4340.00,310.00,90.000,YES
D4,SCHOTTKY DIODE_0_SOD-123_MBR054,MBR0540,,SOD-123,259.00,1028.00,90.000,NO
D6,DIODE ZENER AK_SOD-123_MMSZ5227,MMSZ5227BT1G,,SOD-123,3665.00,2340.00,0.000,NO
D7,DIODE_0_SOD-323F_1N4148WS,1N4148WS,,SOD-323F,3740.00,2190.00,90.000,YES
D8,DIODE SCHOTTKY_0_SOD123_MBR0520,MBR0520LCT-ND,,SOD123,780.00,1470.00,180.000,NO
D9,DIODE ZENER_SOD323F_MM3Z15VC,MM3Z15VC,,SOD323F,3640.00,895.00,270.000,YES
ESD5,DIODE DIAC_SUP_PGB1010603MR_PGB,PGB1010603MR,,SUP_PGB1010603MR,2830.00,565.00,180.000,YES
ESD6,DIODE DIAC_SUP_PGB1010603MR_PGB,PGB1010603MR,,SUP_PGB1010603MR,4760.00,1400.00,90.000,YES
ESD8,DIODE DIAC_SUP_PGB1010603MR_PGB,PGB1010603MR,,SUP_PGB1010603MR,4531.00,2497.00,90.000,YES
ESD10,DIODE DIAC_SUP_PGB1010603MR_PGB,PGB1010603MR,,SUP_PGB1010603MR,260.00,2035.00,90.000,YES
ESD11,DIODE DIAC_SUP_PGB1010603MR_PGB,PGB1010603MR,,SUP_PGB1010603MR,260.00,2095.00,90.000,YES
ESD12,DIODE DIAC_DIO_RCLAMP0521P_DIOD,DIODE DIAC,,DIO_RCLAMP0521P,5335.00,1610.00,90.000,YES
ESD13,DIODE DIAC_DIO_RCLAMP0521P_DIOD,DIODE DIAC,,DIO_RCLAMP0521P,5205.00,1920.00,180.000,NO
ESD14,DIODE DIAC_DIO_RCLAMP0521P_DIOD,DIODE DIAC,,DIO_RCLAMP0521P,5205.00,2000.00,180.000,NO
ESD15,DIODE DIAC_SUP_PGB1010603MR_PGB,PGB1010603MR,,SUP_PGB1010603MR,260.00,1975.00,90.000,YES
ESD16,DIODE DIAC_DIO_RCLAMP0521P_DIOD,DIODE DIAC,,DIO_RCLAMP0521P,4745.00,2335.00,180.000,NO
ESD17,DIODE DIAC_DIO_RCLAMP0521P_DIOD,DIODE DIAC,,DIO_RCLAMP0521P,4830.00,2335.00,0.000,NO
ESD18,DIODE DIAC_SUP_PGB1010603MR_PGB,PGB1010603MR,,SUP_PGB1010603MR,4645.00,1530.00,180.000,YES
ESD19,DIODE DIAC_DIO_RCLAMP0521P_DIOD,DIODE DIAC,,DIO_RCLAMP0521P,5862.17,1452.73,90.000,YES
ESD20,DIODE DIAC_DIO_RCLAMP0521P_DIOD,DIODE DIAC,,DIO_RCLAMP0521P,5782.17,1452.73,90.000,YES
F1,FUSE_FUSE-0452_3A,3A,,FUSE-0452,4165.00,570.00,180.000,YES
FB1,FERRITE BEAD_FB1206_FERRITE BEA,FERRITE BEAD,,FB1206,3875.00,355.00,0.000,YES
FB2,FERRITE BEAD_FB1206_FERRITE BEA,FERRITE BEAD,,FB1206,3875.00,225.00,0.000,YES
FB4,FERRITE BEAD_FB0402_100R,100R,,FB0402,5195.00,1255.00,90.000,YES
FB5,FERRITE BEAD_FB0603_100R,100R,,FB0603,1285.00,780.00,180.000,YES
FB6,FERRITE BEAD_INDC0805_80R,80R,,INDC0805,2764.48,931.68,270.000,YES
FB7,FERRITE BEAD_INDC0805_80R,80R,,INDC0805,308.00,504.00,269.849,YES
FB8,FERRITE BEAD_FB0402_100R,100R,,FB0402,3885.00,2530.00,0.000,NO
FB9,FERRITE BEAD_FB0603_100R,100R,,FB0603,4700.00,1260.00,269.989,NO
FB10,FERRITE BEAD_FB0402_100R,100R,,FB0402,2152.00,1322.00,0.000,YES
FB11,FERRITE BEAD_FB0603_100R,100R,,FB0603,4815.00,2335.00,270.000,YES
FB13,FERRITE BEAD_FB0603_100R,100R,,FB0603,315.00,1445.00,90.000,YES
FB14,FERRITE BEAD_INDC0805_80R,80R,,INDC0805,1185.00,940.00,270.000,YES
FB16,FERRITE BEAD_INDC0805_80R,80R,,INDC0805,1977.48,931.68,270.000,YES
FB17,FERRITE BEAD_FB0603_100R,100R,,FB0603,224.00,1445.00,90.000,YES
FB23,FERRITE BEAD_FB0402_100R,100R,,FB0402,2765.00,565.00,90.000,YES
FB24,FERRITE BEAD_FB0402_100R,100R,,FB0402,2470.00,580.00,90.000,YES
FB26,FERRITE BEAD_FB0402_100R,100R,,FB0402,2161.00,1320.00,180.000,NO
FB28,FERRITE BEAD_FB0402_100R,100R,,FB0402,4377.51,1280.06,0.000,YES
FB31,FERRITE BEAD_FB0402_100R,100R,,FB0402,4377.51,1336.63,0.000,YES
FB36,FERRITE BEAD_FB0402_100R,100R,,FB0402,4270.00,1725.00,270.000,YES
FB37,FERRITE BEAD_FB0402_100R,100R,,FB0402,4214.87,1725.54,90.000,YES
FB38,FERRITE BEAD_FB0402_100R,100R,,FB0402,3986.25,1641.41,315.000,YES
FB41,FERRITE BEAD_FB0603_100R,100R,,FB0603,490.00,1560.00,270.000,NO
FB43,FERRITE BEAD_FB0603_100R,100R,,FB0603,490.00,1560.00,90.000,YES
FB44,FERRITE BEAD_FB0402_100R,100R,,FB0402,1148.00,2728.00,270.000,YES
FB47,FERRITE BEAD_FB0603_100R,100R,,FB0603,778.00,1862.00,90.000,YES
FB48,FERRITE BEAD_FB0603_100R,100R,,FB0603,1389.00,1800.00,90.000,YES
FB49,FERRITE BEAD_FB0603_100R,100R,,FB0603,1297.00,1732.00,270.000,YES
FB50,FERRITE BEAD_FB0603_100R,100R,,FB0603,789.00,1861.00,270.000,NO
FB51,FERRITE BEAD_FB0603_100R,100R,,FB0603,580.00,1560.00,270.000,NO
FB52,FERRITE BEAD_FB0603_100R,100R,,FB0603,1289.00,1744.00,180.000,NO
FB53,FERRITE BEAD_FB0603_100R,100R,,FB0603,1324.00,1868.00,90.000,NO
FB54,FERRITE BEAD_FB0603_100R,100R,,FB0603,975.00,1165.00,0.000,NO
FB56,FERRITE BEAD_FB1206_FERRITE BEA,FERRITE BEAD,,FB1206,4470.00,2010.00,180.000,YES
FB57,FERRITE BEAD_FB1206_FERRITE BEA,FERRITE BEAD,,FB1206,471.80,354.71,359.669,NO
FB58,FERRITE BEAD_FB0603_100R,100R,,FB0603,4945.00,810.00,90.000,YES
FB59,FERRITE BEAD_FB1206_FERRITE BEA,FERRITE BEAD,,FB1206,5655.00,820.00,180.000,YES
FB60,FERRITE BEAD_FB0603_100R,100R,,FB0603,5515.00,955.00,90.000,YES
FB61,FERRITE BEAD_FB1206_FERRITE BEA,FERRITE BEAD,,FB1206,4505.00,1555.00,180.000,YES
FB62,FERRITE BEAD_FB0402_100R,100R,,FB0402,5955.00,1380.00,270.000,YES
FID1,FID_FIDUSHEL_FID,FID,,FIDUSHEL,2796.71,2941.61,0.000,NO
FID2,FID_FIDUSHEL_FID,FID,,FIDUSHEL,3201.71,2941.61,0.000,NO
FID3,FID_FIDUSHEL_FID,FID,,FIDUSHEL,272.00,193.00,0.000,NO
FID4,FID_FIDUSHEL_FID,FID,,FIDUSHEL,3575.00,1650.00,0.000,NO
FID5,FID_FIDUSHEL_FID,FID,,FIDUSHEL,3336.71,2941.61,0.000,NO
FID6,FID_FIDUSHEL_FID,FID,,FIDUSHEL,3600.00,1700.00,0.000,YES
FID7,FID_FIDUSHEL_FID,FID,,FIDUSHEL,3471.71,2941.61,0.000,NO
FID8,FID_FIDUSHEL_FID,FID,,FIDUSHEL,1881.00,2463.00,0.000,NO
FID9,FID_FIDUSHEL_FID,FID,,FIDUSHEL,5515.00,2405.00,0.000,NO
FID10,FID_FIDUSHEL_FID,FID,,FIDUSHEL,1179.00,1881.00,0.000,YES
FID11,FID_FIDUSHEL_FID,FID,,FIDUSHEL,815.00,2715.00,0.000,NO
FID12,FID_FIDUSHEL_FID,FID,,FIDUSHEL,512.00,511.00,0.000,YES
FID13,FID_FIDUSHEL_FID,FID,,FIDUSHEL,5515.00,2405.00,0.000,YES
FID14,FID_FIDUSHEL_FID,FID,,FIDUSHEL,1541.00,2774.00,0.000,YES
FID15,FID_FIDUSHEL_FID,FID,,FIDUSHEL,2931.71,2941.61,0.000,NO
FID16,FID_FIDUSHEL_FID,FID,,FIDUSHEL,3066.71,2941.61,0.000,NO
FS1,AMN_PTC_POLYTRONICS_SMD2920HF_M,MF-LSMF300/24X, I_Hold=3A,,POLYTRONICS_SMD2920HF,4165.00,570.00,180.000,YES
FS2,AMN_PTC_PTC_NANO_SMDC_AMN_PTC,AMN_PTC,,PTC_NANO_SMDC,4465.00,2010.00,180.000,YES
FS3,AMN_PTC_PTC_NANO_SMDC_AMN_PTC,AMN_PTC,,PTC_NANO_SMDC,4505.00,1555.00,180.000,YES
J1,CON2_10_I-PEX_20389-030E_IPEX_3,IPEX_30PIN,,I-PEX_20389-030E,2846.54,575.00,0.000,NO
J6,CON10A_1_M50-3600542_CON10A,CON10A,,M50-3600542,4470.00,2725.00,0.000,NO
J10,CON5_4_53047-0510_0530470510,0530470510,,53047-0510,4720.00,2440.00,180.000,NO
J15,2 HEADER_TSW-102-23-L-S_TSW-102,TSW-102-23-L-S,,TSW-102-23-L-S,4417.80,1912.40,270.000,NO
J16,CON34_2_FH12-36S-0_5SH_FH12-36S,FH12-36S-0.5SH(55),,FH12-36S-0_5SH,285.00,1880.00,270.000,NO
J18,2 HEADER_053047-0210_WM1731-ND,WM1731-ND,,053047-0210,4520.00,1090.00,359.960,NO
J19,HEADER 5X2_0_0877591015_A3A-10P,0877591015,,0877591015_A3A-10PA,3760.00,2705.00,270.000,NO
J22,CONN B2B 20X2_2_TFM-107-02-L-DH,TFM-107-02-L-DH,,TFM-107-02-L-DH,3165.00,2765.00,0.000,NO
J66,CON5_8_JST_11002W90-08-S-XX-HF_,0518,,JST_11002W90-08-S-XX-HF,4075.00,665.00,330.000,NO
J67,CON2_12_ACES_50502-14_ACES_14PI,ACES_14PIN_FPC,,ACES_50502-14,5742.17,1546.35,0.000,NO
L1,CHOKE_C-MODE_0504-DLP11SN900SL2,DLW5BTN101SQ2L,,IND_DLW5BT,3875.00,295.00,270.000,YES
L4,INDUCTOR_IND_XAL5030-332ME_3.3U,3.3uH,40mOhm,5.5A,,IND_XAL5030-332ME,449.83,552.35,179.849,NO
L5,INDUCTOR_IND_IHLP2020CZ_5.6UH,1,5.6uH,103mOhm,3A,,IND_IHLP2020CZ,449.83,552.35,179.849,NO
L8,INDUCTOR_IND_XAL5030-332ME_4.7U,4.7uH,77mOhm,3.5A,,IND_XAL5030-332ME,2936.00,976.00,180.000,NO
L9,INDUCTOR_IND_IHLP2020CZ_5.6UH,1,5.6uH,103mOhm,3A,,IND_IHLP2020CZ,2936.00,976.00,180.000,NO
L11,INDUCTOR_2_MSCDRI-4D28_33UH,33UH,,MSCDRI-4D28,452.00,950.00,180.000,NO
L12,INDUCTOR_IND_XAL5030-332ME_4.7U,4.7uH,77mOhm,3.5A,,IND_XAL5030-332ME,2149.00,976.00,180.000,NO
L13,INDUCTOR_IND_IHLP2020CZ_4.7UH,7,4.7uH,77mOhm,3.5A,,IND_IHLP2020CZ,2149.00,976.00,180.000,NO
L14,INDUCTOR_IND_IHLP2020CZ_3.3UH,4,3.3uH,40mOhm,5.5A,,IND_IHLP2020CZ,1362.52,976.00,180.000,NO
L15,INDUCTOR_IND_XAL5030-332ME_3.3U,3.3uH,40mOhm,5.5A,,IND_XAL5030-332ME,1362.52,976.00,180.000,NO
L16,AMN_INDUCTOR_NR3015_2.2UH,2.2uH,,NR3015,1049.00,1736.00,180.000,NO
L18,L_744028220_22UH,22uH,,744028220,860.00,1280.00,180.000,NO
L19,L_744028220_22UH,22uH,,744028220,835.00,1605.00,180.000,NO
L21,CHOKE_C-MODE_0504-DLP11SN900S_1,DLP11SA900HL2L,,IND_DLP11S,5075.00,1955.00,180.000,NO
L22,CHOKE_C-MODE_0504-DLP11SN900S_1,DLP11SA900HL2L,,IND_DLP11S,5667.17,1402.73,180.000,YES
L23,INDUCTOR_1_L0805_HCB2012K_800T8,HCB2012K_800T80_0805,,L0805,4710.00,620.00,90.000,NO
L25,INDUCTOR_2_SMPI0603HW_3.3UH_SMP,3.3UH_SMPI0603HW,,SMPI0603HW,5190.00,495.00,90.000,NO
LD2,LED_LED_SML-LX0603GW_LED, GRN,LED, GRN,,LED_SML-LX0603GW,840.00,1055.00,0.000,NO
LD3,LED_LED_SML-LX0603GW_LED, GRN,LED, GRN,,LED_SML-LX0603GW,5025.00,1135.00,270.000,NO
LD4,LED_LED_SML-LX0603GW_LED, GRN,LED, GRN,,LED_SML-LX0603GW,333.00,300.00,270.000,NO
LD5,LED_LED_SML-LX0603GW_LED, GRN,LED, GRN,,LED_SML-LX0603GW,2608.00,849.00,180.000,NO
LD6,LED_LED_SML-LX0603GW_LED, GRN,LED, GRN,,LED_SML-LX0603GW,710.00,875.00,0.000,NO
LD7,LED_LED_SML-LX0603GW_LED, GRN,LED, GRN,,LED_SML-LX0603GW,2272.00,1569.00,90.000,NO
LD8,LED_LED_SML-LX0603GW_LED, GRN,LED, GRN,,LED_SML-LX0603GW,1825.00,845.00,0.000,NO
LD11,LED_LED_SML-LX0603GW_LED, GRN,LED, GRN,,LED_SML-LX0603GW,4250.00,2555.00,180.000,NO
LD12,LED_LED_SML-LX0603GW_LED, GRN,LED, GRN,,LED_SML-LX0603GW,2840.00,2505.00,0.000,NO
LD13,LED_LED_SML-LX0603GW_LED, GRN,LED, GRN,,LED_SML-LX0603GW,5072.00,1855.00,180.000,YES
LD14,LED_LED_SML-LX0603GW_LED, GRN,LED, GRN,,LED_SML-LX0603GW,1110.00,1460.00,270.000,NO
LD15,LED_LED_SML-LX0603GW_LED, GRN,LED, GRN,,LED_SML-LX0603GW,1005.00,1635.00,180.000,NO
M1,MOUNTING HOLE_MECH_87X197_MTG32,MTG320_500CL,,MECH_87X197,5189.06,2394.17,0.000,NO
M2,MOUNTING HOLE_MECH_87X197_MTG32,MTG320_500CL,,MECH_87X197,956.77,925.54,0.000,NO
M3,MOUNTING HOLE_MECH_87X197_MTG32,MTG320_500CL,,MECH_87X197,2725.00,2741.00,0.000,NO
M4,MOUNTING HOLE_MECH_87X197_MTG32,MTG320_500CL,,MECH_87X197,4736.30,925.54,0.000,NO
M5,MOUNTING HOLE_MECH_87X197_MTG32,MTG320_500CL,,MECH_87X197,504.02,2394.17,0.000,NO
OSC1,OSC_SMD_4PIN_XTAL_ASEK_27MHZ,27MHz,,XTAL_ASEK,2340.00,1378.00,90.000,NO
Q4,MOSFET_PN_NTJD1155LT1G_SOT363_6,NTJD1155LT1G,,SOT363_6,662.18,990.68,270.000,NO
Q6,FDY3000NZ_SC89_6P_FDY3000NZ,FDY3000NZ,,SC89_6P,1195.00,1401.00,90.000,NO
Q7,MMBT2222ALT1G_0_SOT23_MMBT2222L,MMBT2222LT1G,,SOT23,2305.00,885.00,270.000,YES
Q9,FDY3000NZ_SC89_6P_X_FDY3000NZ,X_FDY3000NZ,,SC89_6P,5008.00,1416.00,0.000,YES
Q10,N-MOSFET_SOT23_132_2N7002-7-F,2N7002-7-F,,SOT23_132,5450.00,1130.00,180.000,YES
Q11,MMBT2222ALT1G_0_SOT23_MMBT2222L,MMBT2222LT1G,,SOT23,2614.00,1206.00,0.000,YES
Q12,MMBT2222ALT1G_0_SOT23_MMBT2222L,MMBT2222LT1G,,SOT23,810.00,1110.00,90.000,YES
Q14,N-MOSFET_SOT23_132_2N7002-7-F,2N7002-7-F,,SOT23_132,305.00,2320.00,270.000,YES
Q15,MMBT2222ALT1G_0_SOT23_MMBT2222L,MMBT2222LT1G,,SOT23,5245.00,780.00,180.000,YES
Q16,MOSFET_PN_NTJD1155LT1G_SOT363_6,NTJD1155LT1G,,SOT363_6,995.00,1260.00,270.000,NO
Q17,N-MOSFET_SOT23_132_2N7002-7-F,2N7002-7-F,,SOT23_132,840.00,1400.00,180.000,YES
Q18,MMBT2222ALT1G_0_SOT23_MMBT2222L,MMBT2222LT1G,,SOT23,634.00,1452.00,0.000,YES
Q19,N-CH POWERPAK1212-8_PWR-PAK_121,SIS434DN-T1-GE3,,PWR-PAK_1212_EINF4399,3738.87,901.61,0.000,NO
Q20,N-CH POWERPAK1212-8_PWR-PAK_121,SIS434DN-T1-GE3,,PWR-PAK_1212_EINF4399,3535.13,901.39,180.000,NO
R19,RESISTOR_RC0402_IPC7351_10K,10K,,RC0402_IPC7351,793.05,452.08,0.000,NO
R25,RESISTOR_RC0402_IPC7351_0R,0R,,RC0402_IPC7351,683.53,437.71,270.000,NO
R27,RESISTOR_RC0402_IPC7351_1K,1K,,RC0402_IPC7351,4860.00,1415.00,270.000,YES
R28,RESISTOR_RC0402_IPC7351_45.3K,45.3K,,RC0402_IPC7351,770.00,725.00,269.849,NO
R30,RESISTOR_RC0402_IPC7351_10K,10K,,RC0402_IPC7351,680.77,725.42,270.000,NO
R34,RESISTOR_RC0402_IPC7351_0R,0R,,RC0402_IPC7351,4225.00,1045.00,270.000,NO
R37,RESISTOR_RC0402_IPC7351_20.5 K,20.5 K,,RC0402_IPC7351,590.00,725.00,89.849,NO
R38,R0402_RC0402_IPC7351_10K,10K,,RC0402_IPC7351,4453.36,1239.63,0.000,NO
R41,RESISTOR_RC0402_IPC7351_78.7K,78.7K,,RC0402_IPC7351,525.72,705.83,180.000,NO
R42,RESISTOR_RC0402_IPC7351_0R,0R,,RC0402_IPC7351,4453.36,1338.63,180.000,NO
R46,RESISTOR_RC0402_IPC7351_33R,33R,,RC0402_IPC7351,4269.02,1157.85,270.000,NO
R48,RESISTOR_RC0402_IPC7351_0R,0R,,RC0402_IPC7351,3990.00,1045.00,90.000,NO
R49,RESISTOR_RC0402_IPC7351_33R,33R,,RC0402_IPC7351,4226.59,1157.85,270.000,NO
R52,RESISTOR_RC0402_IPC7351_330R,330R,,RC0402_IPC7351,4055.00,2515.00,180.000,NO
R53,RESISTOR_RC0402_IPC7351_1M,1M,,RC0402_IPC7351,4122.88,1215.78,0.000,NO
R55,RESISTOR_RC0402_IPC7351_1K,1K,,RC0402_IPC7351,2545.00,1075.00,270.000,YES
R62,RESISTOR_RC0402_IPC7351_0R,0R,,RC0402_IPC7351,4150.00,2490.00,90.000,NO
R63,RESISTOR_RC0402_IPC7351_49.9R,49.9R,,RC0402_IPC7351,3905.00,2480.00,0.000,NO
R64,RESISTOR_RC0402_IPC7351_1M,1M,,RC0402_IPC7351,3977.00,2482.00,180.000,NO
R66,RESISTOR_RC0402_IPC7351_0R,0R,,RC0402_IPC7351,4195.00,2490.00,90.000,NO
R67,RESISTOR_RC0402_IPC7351_0R,0R,,RC0402_IPC7351,4250.00,2388.00,90.000,NO
R69,RESISTOR_RC0402_IPC7351_12K,12K,,RC0402_IPC7351,4365.00,1740.00,180.000,NO
R72,RESISTOR_RC0402_IPC7351_10K,10K,,RC0402_IPC7351,3655.00,2255.00,0.000,NO
R75,RESISTOR_RC0402_IPC7351_0R,0R,,RC0402_IPC7351,3730.00,2255.00,0.000,NO
R76,RESISTOR_RC0402_IPC7351_0R,0R,,RC0402_IPC7351,4145.00,2500.00,270.000,YES
R79,RESISTOR_RC0402_IPC7351_4.7K,4.7K,,RC0402_IPC7351,5050.00,1220.00,0.000,YES
R80,RESISTOR_RC0402_IPC7351_0R,0R,,RC0402_IPC7351,4272.90,1761.00,270.000,NO
R81,R0402_RC0402_IPC7351_10K,10K,,RC0402_IPC7351,4229.02,1760.89,270.000,NO
R83,RESISTOR_RC0402_IPC7351_0R,0R,,RC0402_IPC7351,3685.00,2120.00,180.000,NO
R84,RESISTOR_RC0402_IPC7351_78.7K,78.7K,,RC0402_IPC7351,3011.48,1129.68,180.000,NO
R85,RESISTOR_RC0402_IPC7351_0R,0R,,RC0402_IPC7351,4750.00,1350.00,0.000,YES
R86,RESISTOR_RC0402_IPC7351_0R,0R,,RC0402_IPC7351,3755.00,2120.00,180.000,NO
R87,RESISTOR_RC0402_IPC7351_4.7K,4.7K,,RC0402_IPC7351,5030.00,1285.00,270.000,YES
R88,RESISTOR_RC0402_IPC7351_100R,100R,,RC0402_IPC7351,1530.97,2422.52,180.000,NO
R89,RESISTOR_RC0402_IPC7351_10K,10K,,RC0402_IPC7351,750.00,1005.00,90.000,NO
R90,RESISTOR_RC0402_IPC7351_33R,33R,,RC0402_IPC7351,4168.91,1806.85,90.000,NO
R91,RESISTOR_RC0402_IPC7351_13K,13K,,RC0402_IPC7351,3076.48,1144.68,90.000,NO
R92,RESISTOR_RC0402_IPC7351_4.7K,4.7K,,RC0402_IPC7351,4720.00,1115.00,270.000,NO
R94,RESISTOR_RC0402_IPC7351_4.7K,4.7K,,RC0402_IPC7351,3755.00,2080.00,0.000,NO
R95,RESISTOR_RC0402_IPC7351_4.7K,4.7K,,RC0402_IPC7351,4210.00,2145.00,180.000,YES
R96,RESISTOR_RC0402_IPC7351_4.7K,4.7K,,RC0402_IPC7351,4210.00,2185.00,180.000,YES
R100,RESISTOR_RC0402_IPC7351_33R,33R,,RC0402_IPC7351,4126.49,1806.85,90.000,NO
R102,RESISTOR_RC0402_IPC7351_33R,33R,,RC0402_IPC7351,4084.06,1806.85,90.000,NO
R103,RESISTOR_RC0402_IPC7351_4.7K,4.7K,,RC0402_IPC7351,4670.00,1115.00,90.000,NO
R105,RESISTOR_RC0402_IPC7351_33R,33R,,RC0402_IPC7351,4040.00,1805.00,90.000,NO
R106,R0402_RC0402_IPC7351_10K,10K,,RC0402_IPC7351,3166.48,1149.68,270.000,NO
R107,RESISTOR_RC0402_IPC7351_0R,0R,,RC0402_IPC7351,3177.00,862.00,270.000,NO
R108,R0402_RC0402_IPC7351_10K,10K,,RC0402_IPC7351,1955.00,1288.00,0.000,YES
R112,RESISTOR_RC0402_IPC7351_0R,0R,,RC0402_IPC7351,4110.00,1965.00,270.000,NO
R113,RESISTOR_RC0402_IPC7351_0R,0R,,RC0402_IPC7351,4160.00,1965.00,270.000,NO
R115,RESISTOR_RC0402_IPC7351_33R,33R,,RC0402_IPC7351,3990.00,1965.00,270.000,NO
R117,RESISTOR_RC0402_IPC7351_1K,1K,,RC0402_IPC7351,795.00,995.00,270.000,YES
R118,RESISTOR_RC0402_IPC7351_10K,10K,,RC0402_IPC7351,564.00,1183.00,270.000,NO
R122,RESISTOR_RC0402_IPC7351_20K,20K,,RC0402_IPC7351,3260.00,1150.00,90.000,NO
R125,RESISTOR_RC0402_IPC7351_49.9R,49.9R,,RC0402_IPC7351,990.00,1130.00,270.000,YES
R126,RESISTOR_RC0402_IPC7351_10K,10K,,RC0402_IPC7351,514.00,1183.00,90.000,NO
R127,R0402_RC0402_IPC7351_10K,10K,,RC0402_IPC7351,3296.48,879.68,0.000,NO
R128,RESISTOR_RC0402_IPC7351_133K,133K,,RC0402_IPC7351,488.59,1277.00,270.000,NO
R131,RESISTOR_RC0402_IPC7351_49.9K,49.9K,,RC0402_IPC7351,940.00,1130.00,90.000,YES
R132,RESISTOR_RC0402_IPC7351_10K,10K,,RC0402_IPC7351,435.00,1277.00,90.000,NO
R133,RESISTOR_RC0402_IPC7351_100R,100R,,RC0402_IPC7351,1186.15,2165.02,270.000,NO
R134,RESISTOR_RC0402_IPC7351_100R,100R,,RC0402_IPC7351,2122.00,1521.00,270.000,YES
R136,R0402_RC0402_IPC7351_10K,10K,,RC0402_IPC7351,1086.33,2121.02,90.000,NO
R137,R0402_RC0402_IPC7351_10K,10K,,RC0402_IPC7351,1085.00,2120.00,270.000,YES
R138,R0402_RC0402_IPC7351_10K,10K,,RC0402_IPC7351,1035.33,2121.02,270.000,NO
R140,R0402_RC0402_IPC7351_10K,10K,,RC0402_IPC7351,990.33,2121.02,270.000,NO
R141,RESISTOR_RC0402_IPC7351_100K,100K,,RC0402_IPC7351,944.33,2121.02,90.000,NO
R142,RESISTOR_RC0402_IPC7351_10K,10K,,RC0402_IPC7351,1514.00,1354.00,180.000,NO
R144,RESISTOR_RC0402_IPC7351_0R,0R,,RC0402_IPC7351,1504.00,1509.00,270.000,NO
R145,RESISTOR_RC0402_IPC7351_10K,10K,,RC0402_IPC7351,1504.00,1419.00,270.000,NO
R146,R0402_RC0402_IPC7351_10K,10K,,RC0402_IPC7351,901.33,2121.02,270.000,NO
R147,R0402_RC0402_IPC7351_10K,10K,,RC0402_IPC7351,901.00,2121.00,270.000,YES
R149,R0402_RC0402_IPC7351_100K,100K,,RC0402_IPC7351,525.00,1970.00,180.000,NO
R150,R0402_RC0402_IPC7351_100K,100K,,RC0402_IPC7351,525.00,1930.00,180.000,NO
R153,R0402_RC0402_IPC7351_10K,10K,,RC0402_IPC7351,858.00,2121.00,270.000,YES
R155,R0402_RC0402_IPC7351_10K,10K,,RC0402_IPC7351,858.00,2121.00,270.000,NO
R159,RESISTOR_RC0402_IPC7351_0R,0R,,RC0402_IPC7351,740.00,2180.00,180.000,NO
R162,RESISTOR_RC0402_IPC7351_0R,0R,,RC0402_IPC7351,740.00,2220.00,180.000,NO
R164,RESISTOR_RC0402_IPC7351_0R,0R,,RC0402_IPC7351,740.00,2260.00,180.000,NO
R165,RESISTOR_RC0402_IPC7351_0R,0R,,RC0402_IPC7351,1025.00,2720.00,270.000,YES
R166,RESISTOR_RC0402_IPC7351_0R,0R,,RC0402_IPC7351,740.00,2300.00,180.000,NO
R168,RESISTOR_RC0402_IPC7351_0R,0R,,RC0402_IPC7351,1015.00,2639.00,90.000,NO
R169,RESISTOR_RC0402_IPC7351_0R,0R,,RC0402_IPC7351,740.00,2340.00,180.000,NO
R171,RESISTOR_RC0402_IPC7351_0R,0R,,RC0402_IPC7351,975.00,2639.00,90.000,NO
R172,RESISTOR_RC0402_IPC7351_0R,0R,,RC0402_IPC7351,740.00,2380.00,180.000,NO
R174,RESISTOR_RC0402_IPC7351_0R,0R,,RC0402_IPC7351,740.00,2420.00,180.000,NO
R175,RESISTOR_RC0402_IPC7351_1M,1M,,RC0402_IPC7351,995.00,2689.00,0.000,NO
R176,RESISTOR_RC0402_IPC7351_0R,0R,,RC0402_IPC7351,1175.00,1519.00,270.000,NO
R177,RESISTOR_RC0402_IPC7351_10K,10K,,RC0402_IPC7351,1225.00,1519.00,90.000,NO
R178,RESISTOR_RC0402_IPC7351_0R,0R,,RC0402_IPC7351,740.00,2460.00,180.000,NO
R180,RESISTOR_RC0402_IPC7351_0R,0R,,RC0402_IPC7351,775.00,2500.00,180.000,NO
R182,RESISTOR_RC0402_IPC7351_0R,0R,,RC0402_IPC7351,775.00,2540.00,180.000,NO
R184,RESISTOR_RC0402_IPC7351_10K,10K,,RC0402_IPC7351,1219.00,1305.00,0.000,NO
R186,RESISTOR_RC0402_IPC7351_78.7K,78.7K,,RC0402_IPC7351,2224.48,1129.68,180.000,NO
R187,RESISTOR_RC0402_IPC7351_78.7K,78.7K,,RC0402_IPC7351,1438.00,1129.68,180.000,NO
R188,RESISTOR_RC0402_IPC7351_1M,1M,,RC0402_IPC7351,830.00,2822.00,0.000,YES
R193,RESISTOR_RC0402_IPC7351_8.25K,8.25K,,RC0402_IPC7351,2289.48,1144.68,90.000,NO
R194,RESISTOR_RC0402_IPC7351_51K,51K,,RC0402_IPC7351,333.00,2218.00,180.000,YES
R195,RESISTOR_RC0402_IPC7351_11.3 K,11.3 K,,RC0402_IPC7351,1503.00,1144.68,90.000,NO
R196,RESISTOR_RC0402_IPC7351_100K,100K,,RC0402_IPC7351,715.00,450.00,270.262,YES
R197,RESISTOR_RC0402_IPC7351_100K,100K,,RC0402_IPC7351,3240.00,895.00,270.000,YES
R199,R0402_RC0402_IPC7351_10K,10K,,RC0402_IPC7351,2379.48,1149.68,270.000,NO
R200,RESISTOR_RC0402_IPC7351_51K,51K,,RC0402_IPC7351,685.00,2690.00,90.000,NO
R201,R0402_RC0402_IPC7351_10K,10K,,RC0402_IPC7351,1593.00,1149.68,270.000,NO
R202,RESISTOR_RC0402_IPC7351_0R,0R,,RC0402_IPC7351,2320.00,833.00,180.000,NO
R203,RESISTOR_RC0402_IPC7351_0R,0R,,RC0402_IPC7351,1603.52,862.00,270.000,NO
R204,RESISTOR_RC0402_IPC7351_4.7K,4.7K,,RC0402_IPC7351,3525.00,2115.00,270.000,NO
R206,RESISTOR_RC0402_IPC7351_0R,0R,,RC0402_IPC7351,2385.00,860.00,270.000,NO
R207,R0402_RC0402_IPC7351_10K,10K,,RC0402_IPC7351,2470.00,1150.00,270.000,NO
R208,RESISTOR_RC0402_IPC7351_15K,15K,,RC0402_IPC7351,1683.00,1149.68,90.000,NO
R209,RESISTOR_RC0402_IPC7351_100R,100R,,RC0402_IPC7351,3342.00,2422.00,180.000,NO
R210,RESISTOR_RC0402_IPC7351_100K,100K,,RC0402_IPC7351,2510.00,838.00,180.000,NO
R211,RESISTOR_RC0402_IPC7351_10K,10K,,RC0402_IPC7351,2509.48,879.68,0.000,NO
R212,R0402_RC0402_IPC7351_10K,10K,,RC0402_IPC7351,1723.00,879.68,0.000,NO
R219,RESISTOR_RC0402_IPC7351_49.9K,49.9K,,RC0402_IPC7351,3575.00,2430.00,0.000,NO
R220,RESISTOR_RC0603_4.7K,4.7K,,RC0603,3690.00,355.00,0.000,YES
R222,RESISTOR_RC0402_IPC7351_49.9K,49.9K,,RC0402_IPC7351,3850.00,2270.00,180.000,YES
R223,RESISTOR_RC0402_IPC7351_X_4.7K,X_4.7K,,RC0402_IPC7351,5055.00,1350.00,180.000,YES
R224,RESISTOR_RC0402_IPC7351_1K,1K,,RC0402_IPC7351,1185.00,710.00,0.000,YES
R226,RESISTOR_RC0402_IPC7351_0R,0R,,RC0402_IPC7351,3995.00,2650.00,90.000,YES
R227,RESISTOR_RC0402_IPC7351_4.7K,4.7K,,RC0402_IPC7351,3710.00,2765.00,270.000,YES
R228,RESISTOR_RC0402_IPC7351_4.7K,4.7K,,RC0402_IPC7351,3690.00,2630.00,90.000,YES
R229,RESISTOR_RC0402_IPC7351_4.7K,4.7K,,RC0402_IPC7351,3525.00,2765.00,270.000,YES
R230,RESISTOR_RC0402_IPC7351_4.7K,4.7K,,RC0402_IPC7351,3650.00,2630.00,90.000,YES
R231,R0402_RC0402_IPC7351_X_100K,X_100K,,RC0402_IPC7351,4915.00,1415.00,270.000,YES
R232,RESISTOR_RC0402_IPC7351_100K,100K,,RC0402_IPC7351,1465.00,825.00,0.000,NO
R234,RESISTOR_RC0402_IPC7351_4.7K,4.7K,,RC0402_IPC7351,4940.00,1350.00,0.000,YES
R235,RESISTOR_RC0402_IPC7351_0R,0R,,RC0402_IPC7351,5185.00,960.00,90.000,YES
R237,RESISTOR_RC0402_IPC7351_0R,0R,,RC0402_IPC7351,5305.00,990.00,270.000,YES
R239,RESISTOR_RC0402_IPC7351_1M,1M,,RC0402_IPC7351,5350.00,990.00,90.000,YES
R241,RESISTOR_RC0402_IPC7351_0R,0R,,RC0402_IPC7351,3795.00,2765.00,270.000,YES
R242,RESISTOR_RC0402_IPC7351_0R,0R,,RC0402_IPC7351,3735.00,2630.00,90.000,YES
R243,RESISTOR_RC0402_IPC7351_0R,0R,,RC0402_IPC7351,3670.00,2765.00,270.000,YES
R244,RESISTOR_RC0402_IPC7351_0R,0R,,RC0402_IPC7351,3580.00,2630.00,90.000,YES
R245,RESISTOR_RC0402_IPC7351_0R,0R,,RC0402_IPC7351,5340.00,1065.00,180.000,YES
R247,RESISTOR_RC0402_IPC7351_49.9K,49.9K,,RC0402_IPC7351,5395.00,990.00,270.000,YES
R248,RESISTOR_RC0603_IPC7351_220K,220K,,RC0603_IPC7351,5180.00,1135.00,270.000,YES
R250,RESISTOR_RC0402_IPC7351_1K,1K,,RC0402_IPC7351,5125.00,1215.00,180.000,YES
R252,RESISTOR_RC0402_IPC7351_1K,1K,,RC0402_IPC7351,325.00,270.00,0.000,YES
R253,RESISTOR_RC0402_IPC7351_4.7K,4.7K,,RC0402_IPC7351,5455.00,1245.00,0.000,YES
R254,R0402_RC0402_IPC7351_100K,100K,,RC0402_IPC7351,4830.00,2600.00,90.000,YES
R255,RESISTOR_RC0402_IPC7351_100R,100R,,RC0402_IPC7351,5185.00,1040.00,90.000,YES
R256,RESISTOR_RC0402_IPC7351_0R,0R,,RC0402_IPC7351,5270.00,1610.00,90.000,YES
R259,RESISTOR_RC0402_IPC7351_0R,0R,,RC0402_IPC7351,5130.00,965.00,90.000,YES
R265,R0402_RC0402_IPC7351_10K,10K,,RC0402_IPC7351,4514.00,2646.00,270.000,YES
R266,R0402_RC0402_IPC7351_10K,10K,,RC0402_IPC7351,4470.00,2645.00,270.000,YES
R267,R0402_RC0402_IPC7351_10K,10K,,RC0402_IPC7351,4420.00,2645.00,270.000,YES
R268,R0402_RC0402_IPC7351_10K,10K,,RC0402_IPC7351,4380.00,2645.00,270.000,YES
R269,R0402_RC0402_IPC7351_10K,10K,,RC0402_IPC7351,4340.00,2645.00,90.000,YES
R271,RESISTOR_RC0402_IPC7351_0R,0R,,RC0402_IPC7351,3705.00,2340.00,270.000,YES
R274,RESISTOR_RC0603_IPC7351_220K,220K,,RC0603_IPC7351,5011.00,1046.00,0.000,YES
R276,RESISTOR_RC0402_IPC7351_4.7K,4.7K,,RC0402_IPC7351,4980.00,1285.00,270.000,YES
R278,RESISTOR_RC0402_IPC7351_100R,100R,,RC0402_IPC7351,5087.00,965.00,270.000,YES
R285,RESISTOR_RC0402_IPC7351_4.7K,4.7K,,RC0402_IPC7351,2326.00,1298.00,180.000,YES
R286,R0402_RC0402_IPC7351_100K,100K,,RC0402_IPC7351,3515.00,2465.00,90.000,YES
R287,RESISTOR_RC0402_IPC7351_10K,10K,,RC0402_IPC7351,3775.00,2540.00,180.000,YES
R288,RESISTOR_RC0402_IPC7351_4.7K,4.7K,,RC0402_IPC7351,2870.00,1410.00,0.000,YES
R289,RESISTOR_RC0402_IPC7351_4.7K,4.7K,,RC0402_IPC7351,4550.00,1395.00,0.000,YES
R294,RESISTOR_RC0402_IPC7351_4.7K,4.7K,,RC0402_IPC7351,4550.00,1445.00,0.000,YES
R302,RESISTOR_RC0402_IPC7351_4.7K,4.7K,,RC0402_IPC7351,1440.44,2103.49,0.000,YES
R303,RESISTOR_RC0402_IPC7351_100R,100R,,RC0402_IPC7351,3980.00,2485.00,180.000,YES
R304,RESISTOR_RC0402_IPC7351_33R,33R,,RC0402_IPC7351,2325.00,1515.00,270.000,NO
R306,R_RC0402_IPC7351_240R,240R,,RC0402_IPC7351,1440.46,2149.58,180.000,YES
R307,RESISTOR_RC0402_IPC7351_4.7K,4.7K,,RC0402_IPC7351,4545.00,1288.00,270.000,YES
R308,RESISTOR_RC0402_IPC7351_0R,0R,,RC0402_IPC7351,1654.71,1966.44,0.000,YES
R309,R0402_RC0402_IPC7351_10K,10K,,RC0402_IPC7351,4010.00,2410.00,180.000,YES
R311,RESISTOR_RC0402_IPC7351_0R,0R,,RC0402_IPC7351,4340.92,1658.19,0.000,YES
R313,R0402_RC0402_IPC7351_100K,100K,,RC0402_IPC7351,4750.00,2600.00,90.000,YES
R316,RESISTOR_RC0402_IPC7351_49.9R,49.9R,,RC0402_IPC7351,2641.00,993.00,270.000,YES
R318,R0402_RC0402_IPC7351_10K,10K,,RC0402_IPC7351,4340.74,1704.32,180.000,YES
R319,RESISTOR_RC0402_IPC7351_4.7K,4.7K,,RC0402_IPC7351,2065.00,1675.00,180.000,YES
R320,RESISTOR_RC0402_IPC7351_100R,100R,,RC0402_IPC7351,1596.66,2116.31,90.000,YES
R321,R_RC0402_IPC7351_49.9R,49.9R,,RC0402_IPC7351,1658.95,2089.47,0.000,YES
R323,RESISTOR_RC0402_IPC7351_49.9K,49.9K,,RC0402_IPC7351,2621.00,1091.00,0.000,YES
R326,R_RC0402_IPC7351_49.9R,49.9R,,RC0402_IPC7351,1658.95,2138.97,0.000,YES
R327,RESISTOR_RC0402_IPC7351_100R,100R,,RC0402_IPC7351,2063.25,1737.57,0.000,YES
R328,RESISTOR_RC0402_IPC7351_4.7K,4.7K,,RC0402_IPC7351,2475.00,1370.00,180.000,YES
R329,RESISTOR_RC0402_IPC7351_4.7K,4.7K,,RC0402_IPC7351,2475.00,1515.00,180.000,YES
R331,RESISTOR_RC0402_IPC7351_1K,1K,,RC0402_IPC7351,4790.00,1305.00,0.000,NO
R332,RESISTOR_RC0402_IPC7351_4.7K,4.7K,,RC0402_IPC7351,2475.00,1320.00,180.000,YES
R334,R_RC0402_IPC7351_49.9R,49.9R,,RC0402_IPC7351,2064.08,1788.97,0.000,YES
R336,RESISTOR_RC0402_IPC7351_0R,0R,,RC0402_IPC7351,5175.00,1840.00,270.000,NO
R340,RESISTOR_RC0402_IPC7351_1K,1K,,RC0402_IPC7351,4900.00,1305.00,0.000,NO
R341,RESISTOR_RC0402_IPC7351_4.7K,4.7K,,RC0402_IPC7351,5105.00,1800.00,0.000,NO
R342,RESISTOR_RC0402_IPC7351_49.9R,49.9R,,RC0402_IPC7351,2475.00,1420.00,180.000,YES
R343,RESISTOR_RC0402_IPC7351_49.9R,49.9R,,RC0402_IPC7351,2475.00,1465.00,180.000,YES
R348,RESISTOR_RC0402_IPC7351_4.7K,4.7K,,RC0402_IPC7351,1851.30,2136.89,180.000,YES
R349,RESISTOR_RC0402_IPC7351_4.7K,4.7K,,RC0402_IPC7351,2335.65,1665.91,180.000,YES
R350,RESISTOR_RC0402_IPC7351_4.7K,4.7K,,RC0402_IPC7351,5090.00,1890.00,0.000,NO
R351,RESISTOR_RC0402_IPC7351_0R,0R,,RC0402_IPC7351,4980.00,2100.00,180.000,YES
R352,RESISTOR_RC0402_IPC7351_4.7K,4.7K,,RC0402_IPC7351,4082.00,2065.00,90.000,YES
R353,RESISTOR_RC0402_IPC7351_4.7K,4.7K,,RC0402_IPC7351,3847.00,2037.00,180.000,YES
R354,RESISTOR_RC0402_IPC7351_1K,1K,,RC0402_IPC7351,660.00,1075.00,180.000,YES
R355,RESISTOR_RC0402_IPC7351_4.7K,4.7K,,RC0402_IPC7351,3810.00,1115.00,0.000,YES
R359,RESISTOR_RC0402_IPC7351_100R,100R,,RC0402_IPC7351,2496.17,1648.24,90.000,YES
R365,RESISTOR_RC0402_IPC7351_4.7K,4.7K,,RC0402_IPC7351,2600.00,1650.00,270.000,YES
R368,RESISTOR_RC0402_IPC7351_10K,10K,,RC0402_IPC7351,549.00,1261.00,180.000,YES
R369,R0402_RC0402_IPC7351_10K,10K,,RC0402_IPC7351,3930.00,1965.00,90.000,NO
R370,RESISTOR_RC0402_IPC7351_0R,0R,,RC0402_IPC7351,546.68,1191.18,0.000,YES
R371,RESISTOR_RC0402_IPC7351_100R,100R,,RC0402_IPC7351,2464.07,1795.73,90.000,YES
R373,RESISTOR_RC0402_IPC7351_100R,100R,,RC0402_IPC7351,2555.00,1650.00,90.000,YES
R374,RESISTOR_RC0402_IPC7351_4.7K,4.7K,,RC0402_IPC7351,2216.24,2048.71,180.000,YES
R380,RESISTOR_RC0402_IPC7351_33R,33R,,RC0402_IPC7351,2671.53,1651.07,270.000,YES
R381,RESISTOR_RC0402_IPC7351_4.7K,4.7K,,RC0402_IPC7351,2716.08,1650.36,270.000,YES
R382,RESISTOR_RC0402_IPC7351_100R,100R,,RC0402_IPC7351,2758.50,1650.36,90.000,YES
R385,RESISTOR_RC0402_IPC7351_4.7K,4.7K,,RC0402_IPC7351,2804.47,1649.65,90.000,YES
R388,RESISTOR_RC0402_IPC7351_100R,100R,,RC0402_IPC7351,1135.00,2119.00,270.000,NO
R389,RESISTOR_RC0402_IPC7351_4.7K,4.7K,,RC0402_IPC7351,2060.00,2385.00,0.000,YES
R390,R0402_RC0402_IPC7351_10K,10K,,RC0402_IPC7351,2080.00,2475.00,270.000,YES
R392,RESISTOR_RC0402_IPC7351_0R,0R,,RC0402_IPC7351,944.00,2121.00,270.000,YES
R394,RESISTOR_RC0402_IPC7351_220R,220R,,RC0402_IPC7351,2279.00,1476.00,270.000,YES
R395,R_RC0402_IPC7351_49.9R,49.9R,,RC0402_IPC7351,2464.35,2231.60,90.000,YES
R396,RESISTOR_RC0402_IPC7351_1K,1K,,RC0402_IPC7351,1519.00,1613.00,180.000,YES
R398,RESISTOR_RC0402_IPC7351_330R,330R,,RC0402_IPC7351,2865.98,1858.25,180.000,YES
R400,RESISTOR_RC0402_IPC7351_33R,33R,,RC0402_IPC7351,2302.12,2460.31,270.000,YES
R401,RESISTOR_RC0402_IPC7351_100R,100R,,RC0402_IPC7351,2463.64,2308.67,270.000,YES
R404,RESISTOR_RC0402_IPC7351_0R,0R,,RC0402_IPC7351,2865.98,1910.57,0.000,YES
R405,RESISTOR_RC0402_IPC7351_33R,33R,,RC0402_IPC7351,2350.96,2460.02,270.000,YES
R408,RESISTOR_RC0402_IPC7351_33R,33R,,RC0402_IPC7351,2398.40,2460.36,270.000,YES
R409,RESISTOR_RC0402_IPC7351_1K,1K,,RC0402_IPC7351,1398.00,1595.00,270.000,YES
R410,RESISTOR_RC0402_IPC7351_33R,33R,,RC0402_IPC7351,2445.84,2460.85,270.000,YES
R412,RESISTOR_RC0402_IPC7351_33R,33R,,RC0402_IPC7351,2539.73,2460.89,270.000,YES
R413,RESISTOR_RC0402_IPC7351_0R,0R,,RC0402_IPC7351,1328.00,1614.00,180.000,YES
R416,R0402_RC0402_IPC7351_100K,100K,,RC0402_IPC7351,1319.00,1444.00,90.000,YES
R417,RESISTOR_RC0402_IPC7351_33R,33R,,RC0402_IPC7351,2492.29,2461.05,270.000,YES
R419,RESISTOR_RC0402_IPC7351_4.7K,4.7K,,RC0402_IPC7351,2898.51,2138.26,180.000,YES
R420,RESISTOR_RC0402_IPC7351_33R,33R,,RC0402_IPC7351,2585.92,2460.89,270.000,YES
R421,R0402_RC0402_IPC7351_100K,100K,,RC0402_IPC7351,1244.00,1519.00,270.000,YES
R422,R0402_RC0402_IPC7351_10K,10K,,RC0402_IPC7351,1025.00,2640.00,90.000,YES
R424,R0402_RC0402_IPC7351_10K,10K,,RC0402_IPC7351,2899.22,2189.88,180.000,YES
R425,RESISTOR_RC0402_IPC7351_33R,33R,,RC0402_IPC7351,2632.76,2460.44,270.000,YES
R427,RESISTOR_RC0402_IPC7351_0R,0R,,RC0402_IPC7351,2678.22,2460.45,90.000,YES
R428,R_RC0402_IPC7351_240R,240R,,RC0402_IPC7351,3013.87,2136.93,180.000,YES
R430,RESISTOR_RC0402_IPC7351_0R,0R,,RC0402_IPC7351,2723.03,2460.65,90.000,YES
R431,RESISTOR_RC0402_IPC7351_4.7K,4.7K,,RC0402_IPC7351,3084.04,2120.03,90.000,YES
R436,RESISTOR_RC0402_IPC7351_0R,0R,,RC0402_IPC7351,3304.54,2006.45,0.000,YES
R438,RESISTOR_RC0402_IPC7351_100R,100R,,RC0402_IPC7351,3241.54,2120.03,90.000,YES
R440,RESISTOR_RC0402_IPC7351_1K,1K,,RC0402_IPC7351,2430.00,885.00,0.000,YES
R443,R_RC0402_IPC7351_49.9R,49.9R,,RC0402_IPC7351,3304.54,2097.02,0.000,YES
R446,RESISTOR_RC0402_IPC7351_51K,51K,,RC0402_IPC7351,2948.00,2824.00,0.000,YES
R447,R_RC0402_IPC7351_49.9R,49.9R,,RC0402_IPC7351,3304.54,2143.05,0.000,YES
R449,RESISTOR_RC0402_IPC7351_100R,100R,,RC0402_IPC7351,258.00,2218.00,0.000,YES
R450,RESISTOR_RC0402_IPC7351_49.9R,49.9R,,RC0402_IPC7351,2130.00,845.00,180.000,YES
R453,RESISTOR_RC0402_IPC7351_49.9K,49.9K,,RC0402_IPC7351,2195.00,865.00,270.000,YES
R454,RESISTOR_RC0402_IPC7351_4.7K,4.7K,,RC0402_IPC7351,3465.00,2130.00,90.000,YES
R455,RESISTOR_RC0402_IPC7351_220R,220R,,RC0402_IPC7351,4250.00,2492.00,270.000,NO
R456,RESISTOR_RC0402_IPC7351_4.7K,4.7K,,RC0402_IPC7351,3755.00,2765.00,270.000,YES
R457,RESISTOR_RC0402_IPC7351_4.7K,4.7K,,RC0402_IPC7351,3780.00,2630.00,90.000,YES
R458,RESISTOR_RC0402_IPC7351_4.7K,4.7K,,RC0402_IPC7351,3565.00,2765.00,270.000,YES
R459,RESISTOR_RC0402_IPC7351_4.7K,4.7K,,RC0402_IPC7351,3540.00,2630.00,90.000,YES
R460,RESISTOR_RC0402_IPC7351_0R,0R,,RC0402_IPC7351,3955.00,2650.00,90.000,YES
R461,RESISTOR_RC0402_IPC7351_4.7K,4.7K,,RC0402_IPC7351,5025.00,830.00,90.000,YES
R462,RESISTOR_RC0402_IPC7351_0R,0R,,RC0402_IPC7351,5285.00,890.00,180.000,YES
R463,RESISTOR_RC0402_IPC7351_2.21K,2.21K,,RC0402_IPC7351,5345.00,905.00,90.000,YES
R464,RESISTOR_RC0402_IPC7351_1K,1K,,RC0402_IPC7351,5290.00,1130.00,269.716,YES
R465,RESISTOR_RC0402_IPC7351_47K,47K,,RC0402_IPC7351,5270.00,1190.00,180.000,YES
R466,RESISTOR_RC0402_IPC7351_4.7K,4.7K,,RC0402_IPC7351,4465.00,2135.00,90.000,NO
R467,RESISTOR_RC0402_IPC7351_4.7K,4.7K,,RC0402_IPC7351,4515.00,2135.00,90.000,NO
R468,RESISTOR_RC0402_IPC7351_0R,0R,,RC0402_IPC7351,3870.00,1965.00,90.000,NO
R469,RESISTOR_RC0402_IPC7351_0R,0R,,RC0402_IPC7351,3755.00,2030.00,0.000,NO
R470,RESISTOR_RC0402_IPC7351_4.7K,4.7K,,RC0402_IPC7351,4400.00,2290.00,180.000,YES
R471,RESISTOR_RC0402_IPC7351_1M,1M,,RC0402_IPC7351,4405.00,2395.00,0.000,NO
R472,RESISTOR_RC0402_IPC7351_4.7K,4.7K,,RC0402_IPC7351,4480.00,2335.00,0.000,YES
R473,RESISTOR_RC0402_IPC7351_0R,0R,,RC0402_IPC7351,2268.00,1645.00,270.000,YES
R474,RESISTOR_RC0402_IPC7351_100R,100R,,RC0402_IPC7351,2870.00,1510.00,180.000,YES
R475,RESISTOR_RC0402_IPC7351_0R,0R,,RC0402_IPC7351,2870.00,1460.00,180.000,YES
R476,RESISTOR_RC0402_IPC7351_0R,0R,,RC0402_IPC7351,2670.00,1580.00,90.000,NO
R477,RESISTOR_RC0402_IPC7351_100R,100R,,RC0402_IPC7351,2850.00,1575.00,90.000,YES
R478,RESISTOR_RC0402_IPC7351_1K,1K,,RC0402_IPC7351,2910.00,2415.00,270.000,NO
R479,RESISTOR_RC0402_IPC7351_0R,0R,,RC0402_IPC7351,4460.00,1395.00,0.000,YES
R480,RESISTOR_RC0402_IPC7351_0R,0R,,RC0402_IPC7351,4460.00,1445.00,0.000,YES
R483,RESISTOR_RC0402_IPC7351_487K,487K,,RC0402_IPC7351,914.00,1986.00,270.000,NO
R484,RESISTOR_RC0402_IPC7351_48.7K,48.7K,,RC0402_IPC7351,869.00,1986.00,90.000,NO
R485,R0402_RC0402_IPC7351_32.4K,32.4K,,RC0402_IPC7351,595.00,1360.00,270.000,NO
R486,R0402_RC0402_IPC7351_10K,10K,,RC0402_IPC7351,655.00,1165.00,90.000,NO
R487,R0402_RC0402_IPC7351_X_10K,X_10K,,RC0402_IPC7351,1056.00,1991.00,0.000,NO
R488,R0402_RC0402_IPC7351_10K,10K,,RC0402_IPC7351,1187.00,1987.00,90.000,NO
R489,RESISTOR_RC0402_IPC7351_10K,10K,,RC0402_IPC7351,596.00,1276.00,90.000,NO
R490,R0402_RC0402_IPC7351_10K,10K,,RC0402_IPC7351,1139.00,1986.00,90.000,NO
R491,R0402_RC0402_IPC7351_1K,1K,,RC0402_IPC7351,1056.00,2031.00,180.000,NO
R492,RESISTOR_RC0402_IPC7351_X-100K,X-100K,,RC0402_IPC7351,955.00,1485.00,270.000,YES
R493,RESISTOR_RC0402_IPC7351_X_10K,X_10K,,RC0402_IPC7351,935.00,1610.00,270.000,YES
R494,RESISTOR_RC0402_IPC7351_X_0R,X_0R,,RC0402_IPC7351,995.00,1335.00,90.000,YES
R495,RESISTOR_RC0402_IPC7351_X_49.9K,X_49.9K,,RC0402_IPC7351,1090.00,1550.00,180.000,NO
R496,RESISTOR_RC0402_IPC7351_X_15K,X_15K,,RC0402_IPC7351,1035.00,1565.00,270.000,NO
R497,RESISTOR_RC0402_IPC7351_4.7K,4.7K,,RC0402_IPC7351,960.00,1355.00,270.000,NO
R498,RESISTOR_RC0402_IPC7351_49.9K,49.9K,,RC0402_IPC7351,1085.00,1260.00,90.000,NO
R499,RESISTOR_RC0402_IPC7351_1K,1K,,RC0402_IPC7351,1045.00,1245.00,270.000,YES
R500,RESISTOR_RC0402_IPC7351_10K,10K,,RC0402_IPC7351,1010.00,1355.00,270.000,NO
R501,RESISTOR_RC0402_IPC7351_0R,0R,,RC0402_IPC7351,785.00,1265.00,90.000,YES
R502,RESISTOR_RC0402_IPC7351_1K,1K,,RC0402_IPC7351,670.00,1605.00,0.000,YES
R503,RESISTOR_RC0402_IPC7351_49.9R,49.9R,,RC0402_IPC7351,670.00,1560.00,180.000,YES
R504,RESISTOR_RC0402_IPC7351_49.9R,49.9R,,RC0402_IPC7351,665.00,1325.00,270.000,YES
R505,RESISTOR_RC0402_IPC7351_10K,10K,,RC0402_IPC7351,740.00,1430.00,270.000,YES
R506,RESISTOR_RC0402_IPC7351_49.9K,49.9K,,RC0402_IPC7351,600.00,1345.00,0.000,YES
R507,RESISTOR_RC0603_4.7R,4.7R,,RC0603,3530.00,1065.00,90.000,NO
R508,RESISTOR_RC0603_4.7R,4.7R,,RC0603,3470.00,1065.00,270.000,NO
R509,RESISTOR_RC0603_4.7K,4.7K,,RC0603,3780.00,985.00,0.000,YES
R510,RESISTOR_RC0402_IPC7351_2.1M,2.1M,,RC0402_IPC7351,3739.00,1145.00,270.000,NO
R511,RESISTOR_RC0402_IPC7351_4.7K,4.7K,,RC0402_IPC7351,3490.00,1150.00,0.000,NO
R512,RESISTOR_RC0402_IPC7351_232K,232K,,RC0402_IPC7351,3738.00,1061.00,270.000,NO
R513,RESISTOR_RC0402_IPC7351_68.1K,68.1K,,RC0402_IPC7351,3803.00,1037.00,0.000,NO
R514,RESISTOR_RC0402_IPC7351_100K,100K,,RC0402_IPC7351,5090.00,1650.00,90.000,NO
R515,RESISTOR_RC0402_IPC7351_100K,100K,,RC0402_IPC7351,5045.00,1650.00,90.000,NO
R516,RESISTOR_RC0402_IPC7351_0R,0R,,RC0402_IPC7351,4545.00,1985.00,0.000,NO
R517,RESISTOR_RC0402_IPC7351_0R,0R,,RC0402_IPC7351,5075.00,1975.00,0.000,NO
R518,RESISTOR_RC0402_IPC7351_0R,0R,,RC0402_IPC7351,4545.00,2025.00,0.000,NO
R519,RESISTOR_RC0402_IPC7351_0R,0R,,RC0402_IPC7351,5075.00,1935.00,0.000,NO
R520,RESISTOR_RC0402_IPC7351_10K,10K,,RC0402_IPC7351,4326.00,1820.10,180.000,NO
R521,RESISTOR_RC0402_IPC7351_10K,10K,,RC0402_IPC7351,4715.00,1730.00,90.000,NO
R522,RESISTOR_RC0402_IPC7351_100K,100K,,RC0402_IPC7351,4755.00,1730.00,90.000,NO
R523,RESISTOR_RC0402_IPC7351_12K,12K,,RC0402_IPC7351,5035.00,2210.00,270.000,NO
R524,RESISTOR_RC0402_IPC7351_10K,10K,,RC0402_IPC7351,5105.00,1755.00,180.000,NO
R525,RESISTOR_RC0402_IPC7351_1M,1M,,RC0402_IPC7351,5060.00,2140.00,90.000,NO
R526,RESISTOR_RC0402_IPC7351_10K,10K,,RC0402_IPC7351,4965.00,1810.00,180.000,YES
R527,RESISTOR_RC0402_IPC7351_10K,10K,,RC0402_IPC7351,4725.00,1610.00,0.000,YES
R528,RESISTOR_RC0402_IPC7351_10K,10K,,RC0402_IPC7351,4815.00,1745.00,270.000,NO
R529,RESISTOR_RC0402_IPC7351_1K,1K,,RC0402_IPC7351,4965.00,1855.00,180.000,YES
R531,RESISTOR_RC0402_IPC7351_X_0R,X_0R,,RC0402_IPC7351,4330.90,1913.00,0.000,NO
R532,RESISTOR_RC0402_IPC7351_X_0R,X_0R,,RC0402_IPC7351,4710.00,1835.00,180.000,YES
R536,RESISTOR_RC0402_IPC7351_100R,100R,,RC0402_IPC7351,4695.00,2620.00,0.000,YES
R537,R0402_RC0402_IPC7351_10K,10K,,RC0402_IPC7351,1085.00,655.00,180.000,NO
R538,R0402_RC0402_IPC7351_10K,10K,,RC0402_IPC7351,980.04,727.37,270.003,YES
R539,RESISTOR_RC0402_IPC7351_0R,0R,,RC0402_IPC7351,4290.00,2075.00,270.000,YES
R540,RESISTOR_RC0402_IPC7351_0R,0R,,RC0402_IPC7351,4585.00,1860.00,0.000,YES
R542,RESISTOR_RC0402_IPC7351_10K,10K,,RC0402_IPC7351,4950.00,1745.00,270.000,NO
R543,RESISTOR_RC0402_IPC7351_10K,10K,,RC0402_IPC7351,4990.00,1745.00,270.000,NO
R544,RESISTOR_RC0402_IPC7351_10K,10K,,RC0402_IPC7351,4905.00,1745.00,270.000,NO
R545,RESISTOR_RC0402_IPC7351_10K,10K,,RC0402_IPC7351,4860.00,1745.00,270.000,NO
R546,RESISTOR_RC0402_IPC7351_10K,10K,,RC0402_IPC7351,5065.00,1805.00,180.000,YES
R547,RESISTOR_RC0402_IPC7351_47K,47K,,RC0402_IPC7351,5250.00,1130.00,90.000,YES
R548,RESISTOR_RC0402_IPC7351_0R,0R,,RC0402_IPC7351,4365.00,1050.00,180.000,NO
R549,RESISTOR_RC0402_IPC7351_0R,0R,,RC0402_IPC7351,1258.00,1989.00,270.000,NO
R550,RESISTOR_RC0402_IPC7351_0R,0R,,RC0402_IPC7351,730.00,1585.00,270.000,YES
R552,RESISTOR_RC0402_IPC7351_10K,10K,,RC0402_IPC7351,5105.00,1710.00,0.000,NO
R553,RESISTOR_RC0402_IPC7351_X_0R,X_0R,,RC0402_IPC7351,4290.00,2180.00,90.000,YES
R554,RESISTOR_RC0402_IPC7351_X_0R,X_0R,,RC0402_IPC7351,4510.00,1860.00,180.000,YES
R555,RESISTOR_RC0402_IPC7351_X_10K,X_10K,,RC0402_IPC7351,4725.00,1650.00,0.000,YES
R556,RESISTOR_RC0402_IPC7351_1.69K,1.69K,,RC0402_IPC7351,1110.00,1370.00,270.000,NO
R557,RESISTOR_RC0402_IPC7351_1.69K,1.69K,,RC0402_IPC7351,1080.00,1620.00,270.000,NO
R558,RESISTOR_RC0402_IPC7351_10K,10K,,RC0402_IPC7351,4770.00,1865.00,270.000,YES
R559,RESISTOR_RC0402_IPC7351_0R,0R,,RC0402_IPC7351,4254.00,2271.00,90.000,NO
R560,RESISTOR_RC0402_IPC7351_2.1M,2.1M,,RC0402_IPC7351,5543.00,1075.00,270.000,YES
R561,RESISTOR_RC0402_IPC7351_1M,1M,,RC0402_IPC7351,5543.00,1150.00,270.000,YES
R562,RESISTOR_RC0402_IPC7351_0R,0R,,RC0402_IPC7351,5667.17,1382.73,0.000,YES
R563,RESISTOR_RC0402_IPC7351_0R,0R,,RC0402_IPC7351,5667.17,1422.73,0.000,YES
R564,R_25_R0402_DISCRETE_10K_1%,10K_1%,,R0402,4635.00,585.00,0.000,NO
R565,R_25_R0402_DISCRETE_124K_1%,124K_1%,,R0402,4635.00,465.00,270.000,NO
R566,R_25_R0402_DISCRETE_21.5K_1%,21.5K_1%,,R0402,4575.00,440.00,180.000,NO
R567,R_R0603_DISCRETE_0,0,,R0603,2985.00,575.00,270.000,YES
R568,1_0.00K-1/10W-1%-0603_R0402_10K,10K,,R0402,4295.00,2205.00,270.000,NO
R569,R_R0402_DISCRETE_X_10K,X_10K,,R0402,4995.00,1645.00,270.000,NO
R570,R_R0402_DISCRETE_X_10K,X_10K,,R0402,4905.00,1645.00,270.000,NO
R571,R_R0402_DISCRETE_X_10K,X_10K,,R0402,4860.00,1645.00,270.000,NO
R572,R_R0402_DISCRETE_X_10K,X_10K,,R0402,4716.00,1735.00,270.000,YES
R573,R_R0402_DISCRETE_X_10K,X_10K,,R0402,4580.00,1735.00,90.000,NO
R574,R_R0402_DISCRETE_X_10K,X_10K,,R0402,4510.00,1800.00,0.000,NO
R575,R_R0402_DISCRETE_X_10K,X_10K,,R0402,4510.00,1855.00,0.000,NO
R576,R_R0603_DISCRETE_X_0,X_0,,R0603,560.00,980.00,270.000,YES
R577,R_R0603_DISCRETE_X_0,X_0,,R0603,500.00,980.00,90.000,YES
R578,R_R0402_DISCRETE_X_10K,X_10K,,R0402,4580.00,1800.00,180.000,NO
R579,R_R0402_DISCRETE_X_10K,X_10K,,R0402,4580.00,1855.00,180.000,NO
R580,R_R0402_DISCRETE_X_10K,X_10K,,R0402,4950.00,1645.00,270.000,NO
R581,R_R0805_DISCRETE_X_0,X_0,,R0805,3940.00,900.00,90.000,NO
R582,R_R0402_DISCRETE_X_10K,X_10K,,R0402,4752.00,1735.00,90.000,YES
R583,R_R0402_DISCRETE_X_10K,X_10K,,R0402,4617.00,1735.00,90.000,NO
R584,1_0.00K-1/10W-1%-0603_R0603_0,0,,R0603,3250.00,575.00,90.000,YES
R585,1_0.00K-1/10W-1%-0603_R0603_0,0,,R0603,3132.50,575.00,90.000,YES
R586,1_0.00K-1/10W-1%-0603_R0603_0,0,,R0603,3187.50,575.00,90.000,YES
R587,1_0.00K-1/10W-1%-0603_R0603_0,0,,R0603,3305.00,575.00,90.000,YES
R588,1_0.00K-1/10W-1%-0603_R0603_X_0,X_0,,R0603,235.00,1620.00,90.000,YES
R589,1_0.00K-1/10W-1%-0603_R0603_X_0,X_0,,R0603,455.00,1670.00,0.000,YES
RN1,R-PAK4_RESN_EXB28V_0402X4_RPACK,RPack4-33,,RESN_EXB28V_0402X4,4355.40,1160.32,180.000,NO
RN2,R-PAK4_RESN_EXB28V_0402X4_RPACK,RPack4-33,,RESN_EXB28V_0402X4,3955.00,1160.00,180.000,NO
RN6,R-PAK4_RESN_EXB28V_0402X4_RPACK,RPack4-33,,RESN_EXB28V_0402X4,3843.64,1269.45,90.000,NO
RN8,R-PAK4_RESN_EXB28V_0402X4_RPACK,RPack4-33,,RESN_EXB28V_0402X4,3850.71,1410.88,90.000,NO
RN11,R-PAK4_RESN_EXB28V_0402X4_RPACK,RPack4-33,,RESN_EXB28V_0402X4,3847.18,1555.83,90.000,NO
RN13,R-PAK4_RESN_EXB28V_0402X4_RPACK,RPack4-33,,RESN_EXB28V_0402X4,3956.78,1806.85,0.000,NO
RN14,R-PAK4_RESN_EXB28V_0402X4_RPACK,RPack4-33,,RESN_EXB28V_0402X4,3843.64,1693.72,90.000,NO
RN15,R-PAK4_RESN_EXB28V_0402X4_RPACK,RPack4-33,,RESN_EXB28V_0402X4,2100.00,2575.00,0.000,NO
RN16,R-PAK4_RESN_EXB28V_0402X4_RPACK,RPack4-33,,RESN_EXB28V_0402X4,2210.00,2575.00,0.000,NO
RN17,R-PAK4_RESN_EXB28V_0402X4_RPACK,RPack4-33,,RESN_EXB28V_0402X4,2320.00,2575.00,0.000,NO
RN19,R-PAK4_RESN_EXB28V_0402X4_RPACK,RPack4-33,,RESN_EXB28V_0402X4,2430.00,2575.00,0.000,NO
RN21,R-PAK4_RESN_EXB28V_0402X4_RPACK,RPack4-33,,RESN_EXB28V_0402X4,2535.00,2575.00,0.000,NO
RN23,R-PAK4_RESN_EXB28V_0402X4_RPACK,RPack4-33,,RESN_EXB28V_0402X4,2655.00,2575.00,0.000,NO
RN28,R-PAK4_RESN_EXB28V_0402X4_RPA_1,RPack4-47,,RESN_EXB28V_0402X4,1466.62,2426.61,0.000,YES
RN29,R-PAK4_RESN_EXB28V_0402X4_RPA_1,RPack4-47,,RESN_EXB28V_0402X4,1579.76,2426.61,0.000,YES
RN30,R-PAK4_RESN_EXB28V_0402X4_RPA_1,RPack4-47,,RESN_EXB28V_0402X4,1695.02,2425.90,0.000,YES
RN31,R-PAK4_RESN_EXB28V_0402X4_RPA_1,RPack4-47,,RESN_EXB28V_0402X4,1899.37,2245.04,270.000,YES
RN33,R-PAK4_RESN_EXB28V_0402X4_RPA_1,RPack4-47,,RESN_EXB28V_0402X4,1805.00,2425.00,0.000,YES
RN39,R-PAK4_RESN_EXB28V_0402X4_RPA_1,RPack4-47,,RESN_EXB28V_0402X4,3074.97,2458.89,0.000,YES
RN41,R-PAK4_RESN_EXB28V_0402X4_RPA_1,RPack4-47,,RESN_EXB28V_0402X4,3181.14,2459.04,0.000,YES
RN43,R-PAK4_RESN_EXB28V_0402X4_RPA_1,RPack4-47,,RESN_EXB28V_0402X4,3288.73,2415.04,0.000,YES
RN45,R-PAK4_RESN_EXB28V_0402X4_RPA_1,RPack4-47,,RESN_EXB28V_0402X4,3535.00,2185.00,270.000,YES
RN46,R-PAK4_RESN_EXB28V_0402X4_RPA_1,RPack4-47,,RESN_EXB28V_0402X4,3396.46,2414.93,0.000,YES
SW1,SW PUSHBUTTON_1_B3U-1000P-B_B3U,B3U-1000P-B,,B3U-1000P-B,4955.00,2690.00,90.000,NO
SW2,SW PUSHBUTTON_1_B3U-1000P-B_B3U,B3U-1000P-B,,B3U-1000P-B,4715.00,2690.00,90.000,NO
TP7,TH_TP_TP52C35DP_TH_TP,TH_TP,,TP52C35DP,340.00,2400.00,0.000,NO
TP8,TH_TP_TP52C35DP_TH_TP,TH_TP,,TP52C35DP,4525.00,1730.00,0.000,NO
TP10,T POINT R_TP_SMT_40MIL_TP_1MM,TP_1mm,,TP_SMT_40MIL,4290.00,2140.00,0.000,NO
TP11,T POINT R_TP_SMT_40MIL_TP_1MM,TP_1mm,,TP_SMT_40MIL,4350.00,2140.00,0.000,NO
TP12,T POINT R_TP_SMT_40MIL_TP_1MM,TP_1mm,,TP_SMT_40MIL,4350.00,2080.00,0.000,NO
TP13,T POINT R_TP_SMT_40MIL_TP_1MM,TP_1mm,,TP_SMT_40MIL,4290.00,2080.00,0.000,NO
TP14,T POINT R_TP_SMT_40MIL_TP_1MM,TP_1mm,,TP_SMT_40MIL,3770.00,2425.00,0.000,NO
TP15,T POINT R_TP_SMT_40MIL_TP_1MM,TP_1mm,,TP_SMT_40MIL,3705.00,2425.00,0.000,NO
TP16,T POINT R_TP_SMT_40MIL_TP_1MM,TP_1mm,,TP_SMT_40MIL,3640.00,2190.00,0.000,NO
TP17,T POINT R_TP_SMT_40MIL_TP_1MM,TP_1mm,,TP_SMT_40MIL,4215.00,2265.00,0.000,YES
TP18,T POINT R_TP_SMT_40MIL_TP_1MM,TP_1mm,,TP_SMT_40MIL,3601.00,1070.00,0.000,YES
TP22,T POINT R_TP_SMT_60MIL_TP_1MM,TP_1mm,,TP_SMT_60MIL,5335.00,1630.00,0.000,NO
TP37,T POINT R_TP_SMT_60MIL_TP_1MM,TP_1mm,,TP_SMT_60MIL,5170.00,1105.00,0.000,NO
TP38,T POINT R_TP_SMT_60MIL_TP_1MM,TP_1mm,,TP_SMT_60MIL,5460.00,1150.00,0.000,NO
TP39,T POINT R_TP_SMT_60MIL_TP_1MM,TP_1mm,,TP_SMT_60MIL,5085.00,970.00,0.000,NO
TP40,T POINT R_TP_SMT_60MIL_TP_1MM,TP_1mm,,TP_SMT_60MIL,5360.00,1150.00,0.000,NO
TP41,T POINT R_TP_SMT_60MIL_TP_1MM,TP_1mm,,TP_SMT_60MIL,5460.00,1055.00,0.000,NO
TP42,T POINT R_TP_SMT_60MIL_TP_1MM,TP_1mm,,TP_SMT_60MIL,5180.00,995.00,0.000,NO
U4,TPS54218RTER_QFN50P300X300_16_P,TPS54478RTET,,QFN50P300X300_16_PWP_TI_EINF_1,680.89,577.74,179.849,NO
U6,RCLAMP0524P_CAPN_RCLAMP0524_RCL,RCLAMP0524P.TCT,,CAPN_RCLAMP0524,4585.00,1450.00,90.000,NO
U7,MIC8114TUY_0_SOT-143_MIC8114TUY,MIC8114TUY,,SOT-143,4855.00,2720.00,180.000,YES
U8,RCLAMP0524P_CAPN_RCLAMP0524_RCL,RCLAMP0524P.TCT,,CAPN_RCLAMP0524,4585.00,1615.00,90.000,NO
U10,TDA19971_3_HVQFN72_TDA19971BHN/,TDA19971BHN/C1,,HVQFN72,4146.52,1477.37,180.000,NO
U11,MT41J128M16_FBGA80P_8X14_96_EIN,MT41J64M16JT-15E IT:G TR,,FBGA80P_8X14_96_EINF_1,1643.91,2069.06,180.000,NO
U12,ATMEGA128L_1_QFN-64M2_ATXMEGA25,ATXMEGA256A3BU-MHR,,QFN-64M2,4017.00,2227.00,0.000,NO
U16,TPS54218RTER_QFN50P300X300_16_P,TPS54478RTET,,QFN50P300X300_16_PWP_TI_EINF_1,3167.00,1002.00,180.000,NO
U19,IC_BOOST_CONV_TPS61170DRV_SON65,TPS61170DRVR,,SON65P200X200_6_PWP_EINF4398,435.00,1163.00,270.000,NO
U20,ASEMPLP-148_1.5MHZ-LY-T_OSC_FXO,FXO-LC736R-200,,OSC_FXO-LC736R-200P00,1961.00,1474.00,270.000,YES
U23,IC_FPGA_LX45_484CSG_BIPIN_FPBGA,XC6SLX45-3CSG484C,,FPBGA80P_19X19_484_EINF4401,2464.96,2051.02,0.000,NO
U24,SSD2828QN4_3_68-QFN-EP_SSD2828Q,SSD2828QN4,,68-QFN-EP,1058.95,2399.84,0.000,NO
U25,TPS51200_SON50P300X300_10_PWP_T,TPS51200DRCR,,SON50P300X300_10_PWP,1378.59,1484.81,180.000,NO
U28,MT41J128M16_FBGA80P_8X14_96_EIN,MT41J64M16JT-15E IT:G TR,,FBGA80P_8X14_96_EINF_1,3288.79,2072.78,180.000,NO
U29,TPS54218RTER_QFN50P300X300_16_P,TPS54478RTET,,QFN50P300X300_16_PWP_TI_EINF_1,2380.00,1002.00,180.000,NO
U30,TPS54218RTER_QFN50P300X300_16_P,TPS54478RTET,,QFN50P300X300_16_PWP_TI_EINF_1,1593.52,1002.00,180.000,NO
U31,TXB0104RGYR_1_PVQFN-14_TXS0104E,TXS0104ERGYR,,PVQFN-14,755.00,2708.00,270.000,YES
U33,SP1004_SOT953_SP1004-04VTG,SP1004-04VTG,,SOT953,5245.00,990.00,90.000,YES
U34,SP3050_0_SC89_6P_RCLAMP0502A,RClamp0502A,,SC89_6P,5195.00,1390.00,90.000,YES
U35,SN74LVC1G08-EP_1_SOT23-5_NC7SZ0,NC7SZ08M5X,,SOT23-5,3640.00,2470.00,180.000,YES
U36,UDA1334BTS_SSOP16_UDA1334BTSDH,UDA1334BTSDH,,SSOP16,4762.78,1173.57,180.079,YES
U37,W25Q64BV_1_8-WSON-ZP-6X5_W25Q32,W25Q32FVZPIG,,8-WSON-ZP-6X5,2669.00,1432.00,180.000,YES
U39,IC_BOOST_CONV_TPS61170DRV_0_SOT,LM2733,,SOT-23-5,407.18,1160.32,270.000,YES
U41,LTC4365ID_0_LGA-28_BNO070,BNO070,,LGA-28,4444.00,2276.00,0.000,NO
U42,AMN_RT6150A_WDFN-10L_3X3_RT6150,RT6150AGQW,,WDFN-10L_3X3,1049.00,1886.00,0.000,NO
U43,LT1611CS5#PBF_SOT23_5_LT1611CS5,LT1611CS5_PBF,,SOT23_5,705.00,1315.00,270.000,NO
U45,LTC4365ID_8-LEAD_DFN3X2_LTC4365,LTC4365IDDB,,8-LEAD_DFN3X2,3643.00,1068.00,180.000,NO
U46,USB5534_QFN64,USB5534B_QFN64,,USB5534_QFN64,4820.00,2030.00,270.000,NO
U47,SPI_FLASH-25X20_SO8,25x20,,SO8N,4890.00,1630.00,90.000,YES
U49,TPS73433_3_SOT23-5_MCP1824T-250,MCP1824T-2502E/OT,,SOT23-5,1135.99,759.92,0.045,NO
U50,TPS715XX_4_SOT23-5_TC1071VCT713,TC1071VCT713,,SOT23-5,5645.00,1050.00,270.000,YES
U51,RT9202CS_0_R-PDSO-G8_TPS54327DD,TPS54327DDA,,R-PDSO-G8,4850.00,420.00,270.000,NO
X2,XTAL-4_XTAL_ASEK_20.000MHZ,20.000MHz,,XTAL_ASEK,995.00,2779.00,0.000,NO
X_C597,CAP NP_CC0402_IPC7351_X_1NF,X_1nF,,CC0402_IPC7351,1060.00,1455.00,90.000,NO
X_U44,AD795/SO_3_SC70-5_ADCMP371,ADCMP371,,SC70-5,990.00,1470.00,180.000,NO
Y1,XTALCAN_0_ABM3_8MHZ,8Mhz,,ABM3,4180.00,2695.00,0.000,NO
Y2,XTAL_24MHZ_HC-49SMT_ALT2_0_NX32,NX3225SA-27.000MHz,,NX3225SA,4108.09,1064.25,180.000,NO
Y5,XTALCAN_0_CM315-32_768KDZC_32.7,32.768KHZ,,CM315-32_768KDZC,4405.00,2480.00,180.000,NO
Y6,XTAL-4_XTAL_ABM8_25.000MHZ,25.000MHz,,XTAL_ABM8,4975.00,2475.00,270.000,NO
