(---------------------------------------------------------------------)
(                                                                     )
(    Create_devices LOG file                                          )
(                                                                     )
(    Drawing          : hmd-C-119-2015pm13.brd                        )
(    Software Version : 16.3S053                                      )
(    Date/Time        : Mon Mar 09 11:08:35 2015                      )
(                                                                     )
(---------------------------------------------------------------------)



Device file 'F:/work/Eileen/hmd/002/hmd-all-library/capnp_10_c0402_01uf16v.txt': written successfully.
Device file 'F:/work/Eileen/hmd/002/hmd-all-library/1_000k-110w-1-0603_r0603_x_0.txt': written successfully.
Device file 'F:/work/Eileen/hmd/002/hmd-all-library/resistor_rc0402_ipc7351_232k.txt': written successfully.
Device file 'F:/work/Eileen/hmd/002/hmd-all-library/resistor_rc0402_ipc7351_681k.txt': written successfully.
Device file 'F:/work/Eileen/hmd/002/hmd-all-library/1_000k-110w-1-0603_r0603_0.txt': written successfully.
Device file 'F:/work/Eileen/hmd/002/hmd-all-library/amn_ptc_polytronics_smd2920hf_m.txt': written successfully.
Device file 'F:/work/Eileen/hmd/002/hmd-all-library/diodesuppressor_0_d-smb_smbj13.txt': written successfully.
Device file 'F:/work/Eileen/hmd/002/hmd-all-library/inductor_2_mscdri-4d28_33uh.txt': written successfully.
Device file 'F:/work/Eileen/hmd/002/hmd-all-library/r_r0603_discrete_x_0.txt': written successfully.
Device file 'F:/work/Eileen/hmd/002/hmd-all-library/r_r0805_discrete_x_0.txt': written successfully.
Device file 'F:/work/Eileen/hmd/002/hmd-all-library/cap_np_cc0402_ipc7351_x_100nf.txt': written successfully.
Device file 'F:/work/Eileen/hmd/002/hmd-all-library/cap_np_cc0402_ipc7351_x-100nf.txt': written successfully.
Device file 'F:/work/Eileen/hmd/002/hmd-all-library/fdy3000nz_sc89_6p_x_fdy3000nz.txt': written successfully.
Device file 'F:/work/Eileen/hmd/002/hmd-all-library/resistor_rc0402_ipc7351_x_47k.txt': written successfully.
Device file 'F:/work/Eileen/hmd/002/hmd-all-library/r0402_rc0402_ipc7351_x_100k.txt': written successfully.
Device file 'F:/work/Eileen/hmd/002/hmd-all-library/resistor_rc0402_ipc7351_487k.txt': written successfully.
Device file 'F:/work/Eileen/hmd/002/hmd-all-library/r0402_rc0402_ipc7351_x_10k.txt': written successfully.
Device file 'F:/work/Eileen/hmd/002/hmd-all-library/r0402_rc0402_ipc7351_1k.txt': written successfully.
Device file 'F:/work/Eileen/hmd/002/hmd-all-library/resistor_rc0402_ipc7351_x-100k.txt': written successfully.
Device file 'F:/work/Eileen/hmd/002/hmd-all-library/resistor_rc0402_ipc7351_x_10k.txt': written successfully.
Device file 'F:/work/Eileen/hmd/002/hmd-all-library/resistor_rc0402_ipc7351_x_0r.txt': written successfully.
Device file 'F:/work/Eileen/hmd/002/hmd-all-library/resistor_rc0402_ipc7351_x_499k.txt': written successfully.
Device file 'F:/work/Eileen/hmd/002/hmd-all-library/resistor_rc0402_ipc7351_x_15k.txt': written successfully.
Device file 'F:/work/Eileen/hmd/002/hmd-all-library/r_r0402_discrete_x_10k.txt': written successfully.
Device file 'F:/work/Eileen/hmd/002/hmd-all-library/capnp_cc0402_ipc7351_x_1nf.txt': written successfully.
Device file 'F:/work/Eileen/hmd/002/hmd-all-library/con2_12_aces_50502-14_aces_14pi.txt': written successfully.
Device file 'F:/work/Eileen/hmd/002/hmd-all-library/1_000k-110w-1-0603_r0402_10k.txt': written successfully.
Device file 'F:/work/Eileen/hmd/002/hmd-all-library/r_r0603_discrete_0.txt': written successfully.
Device file 'F:/work/Eileen/hmd/002/hmd-all-library/con2_10_i-pex_20389-030e_ipex_3.txt': written successfully.
Device file 'F:/work/Eileen/hmd/002/hmd-all-library/con5_8_jst_11002w90-08-s-xx-hf_.txt': written successfully.
Device file 'F:/work/Eileen/hmd/002/hmd-all-library/capnp_9_c0402_2200pf50v_x7r.txt': written successfully.
Device file 'F:/work/Eileen/hmd/002/hmd-all-library/capnp_10_c1206_10uf25v.txt': written successfully.
Device file 'F:/work/Eileen/hmd/002/hmd-all-library/capnp_10_c0603_22pf50v.txt': written successfully.
Device file 'F:/work/Eileen/hmd/002/hmd-all-library/capnp_10_c0402_01uf16v_nc.txt': written successfully.
Device file 'F:/work/Eileen/hmd/002/hmd-all-library/capnp_10_c0402_01uf25v.txt': written successfully.
Device file 'F:/work/Eileen/hmd/002/hmd-all-library/capnp_10_c0603_1uf25v.txt': written successfully.
Device file 'F:/work/Eileen/hmd/002/hmd-all-library/capnp_0_c1206_22uf10v.txt': written successfully.
Device file 'F:/work/Eileen/hmd/002/hmd-all-library/capnp_10_c0603_3300pf25v.txt': written successfully.
Device file 'F:/work/Eileen/hmd/002/hmd-all-library/inductor_1_l0805_hcb2012k_800t8.txt': written successfully.
Device file 'F:/work/Eileen/hmd/002/hmd-all-library/inductor_2_smpi0603hw_33uh_smp.txt': written successfully.
Device file 'F:/work/Eileen/hmd/002/hmd-all-library/r_25_r0402_discrete_10k_1.txt': written successfully.
Device file 'F:/work/Eileen/hmd/002/hmd-all-library/r_25_r0402_discrete_124k_1.txt': written successfully.
Device file 'F:/work/Eileen/hmd/002/hmd-all-library/r_25_r0402_discrete_215k_1.txt': written successfully.
Device file 'F:/work/Eileen/hmd/002/hmd-all-library/rt9202cs_0_r-pdso-g8_tps54327dd.txt': written successfully.
Device file 'F:/work/Eileen/hmd/002/hmd-all-library/connb2b20x2_2_tfm-107-02-l-dh.txt': written successfully.
Device file 'F:/work/Eileen/hmd/002/hmd-all-library/tpointr_tp_smt_60mil_tp_1mm.txt': written successfully.
Device file 'F:/work/Eileen/hmd/002/hmd-all-library/r0402_rc0402_ipc7351_324k.txt': written successfully.
Device file 'F:/work/Eileen/hmd/002/hmd-all-library/resistor_rc0402_ipc7351_169k.txt': written successfully.
Device file 'F:/work/Eileen/hmd/002/hmd-all-library/tps715xx_4_sot23-5_tc1071vct713.txt': written successfully.
Device file 'F:/work/Eileen/hmd/002/hmd-all-library/spi_flash-25x20_so8.txt': written successfully.
Device file 'F:/work/Eileen/hmd/002/hmd-all-library/tps73433_3_sot23-5_mcp1824t-250.txt': written successfully.
Device file 'F:/work/Eileen/hmd/002/hmd-all-library/atmega128l_1_qfn-64m2_atxmega25.txt': written successfully.
Device file 'F:/work/Eileen/hmd/002/hmd-all-library/mountinghole_mech_87x197_mtg32.txt': written successfully.
Device file 'F:/work/Eileen/hmd/002/hmd-all-library/header5x2_0_0877591015_a3a-10p.txt': written successfully.
Device file 'F:/work/Eileen/hmd/002/hmd-all-library/amn_ptc_ptc_nano_smdc_amn_ptc.txt': written successfully.
Device file 'F:/work/Eileen/hmd/002/hmd-all-library/2header_053047-0210_wm1731-nd.txt': written successfully.
Device file 'F:/work/Eileen/hmd/002/hmd-all-library/resistor_rc0402_ipc7351_21m.txt': written successfully.
Device file 'F:/work/Eileen/hmd/002/hmd-all-library/xtal-4_xtal_asek_20000mhz.txt': written successfully.
Device file 'F:/work/Eileen/hmd/002/hmd-all-library/con34_2_fh12-36s-0_5sh_fh12-36s.txt': written successfully.
Device file 'F:/work/Eileen/hmd/002/hmd-all-library/amn_cap_no_pol_cc1206-18_22uf.txt': written successfully.
Device file 'F:/work/Eileen/hmd/002/hmd-all-library/cap_np_cc0402_ipc7351_220pf.txt': written successfully.
Device file 'F:/work/Eileen/hmd/002/hmd-all-library/cap_np_cc0402_ipc7351_12nf.txt': written successfully.
Device file 'F:/work/Eileen/hmd/002/hmd-all-library/c1210_cc0805_ipc7351_22uf.txt': written successfully.
Device file 'F:/work/Eileen/hmd/002/hmd-all-library/diodeschottky_0_sod123_mbr0520.txt': written successfully.
Device file 'F:/work/Eileen/hmd/002/hmd-all-library/2header_tsw-102-23-l-s_tsw-102.txt': written successfully.
Device file 'F:/work/Eileen/hmd/002/hmd-all-library/amn_inductor_nr3015_22uh.txt': written successfully.
Device file 'F:/work/Eileen/hmd/002/hmd-all-library/l_744028220_22uh.txt': written successfully.
Device file 'F:/work/Eileen/hmd/002/hmd-all-library/n-chpowerpak1212-8_pwr-pak_121.txt': written successfully.
Device file 'F:/work/Eileen/hmd/002/hmd-all-library/resistor_rc0402_ipc7351_221k.txt': written successfully.
Device file 'F:/work/Eileen/hmd/002/hmd-all-library/resistor_rc0402_ipc7351_47k.txt': written successfully.
Device file 'F:/work/Eileen/hmd/002/hmd-all-library/resistor_rc0402_ipc7351_487k__1.txt': written successfully.
Device file 'F:/work/Eileen/hmd/002/hmd-all-library/resistor_rc0603_47r.txt': written successfully.
Device file 'F:/work/Eileen/hmd/002/hmd-all-library/tpointr_tp_smt_40mil_tp_1mm.txt': written successfully.
Device file 'F:/work/Eileen/hmd/002/hmd-all-library/ltc4365id_0_lga-28_bno070.txt': written successfully.
Device file 'F:/work/Eileen/hmd/002/hmd-all-library/amn_rt6150a_wdfn-10l_3x3_rt6150.txt': written successfully.
Device file 'F:/work/Eileen/hmd/002/hmd-all-library/lt1611cs5pbf_sot23_5_lt1611cs5.txt': written successfully.
Device file 'F:/work/Eileen/hmd/002/hmd-all-library/ad795so_3_sc70-5_adcmp371.txt': written successfully.
Device file 'F:/work/Eileen/hmd/002/hmd-all-library/ltc4365id_8-lead_dfn3x2_ltc4365.txt': written successfully.
Device file 'F:/work/Eileen/hmd/002/hmd-all-library/usb5534_qfn64.txt': written successfully.
Device file 'F:/work/Eileen/hmd/002/hmd-all-library/xtal-4_xtal_abm8_25000mhz.txt': written successfully.
Device file 'F:/work/Eileen/hmd/002/hmd-all-library/th_tp_tp52c35dp_th_tp.txt': written successfully.
Device file 'F:/work/Eileen/hmd/002/hmd-all-library/choke_c-mode_0504-dlp11sn900sl2.txt': written successfully.
Device file 'F:/work/Eileen/hmd/002/hmd-all-library/choke_c-mode_0504-dlp11sn900s_1.txt': written successfully.
Device file 'F:/work/Eileen/hmd/002/hmd-all-library/r-pak4_resn_exb28v_0402x4_rpack.txt': written successfully.
Device file 'F:/work/Eileen/hmd/002/hmd-all-library/r-pak4_resn_exb28v_0402x4_rpa_1.txt': written successfully.
Device file 'F:/work/Eileen/hmd/002/hmd-all-library/fid_fidushel_fid.txt': written successfully.
Device file 'F:/work/Eileen/hmd/002/hmd-all-library/txb0104rgyr_1_pvqfn-14_txs0104e.txt': written successfully.
Device file 'F:/work/Eileen/hmd/002/hmd-all-library/cap_np_cc0201_ipc7351_einf439_1.txt': written successfully.
Device file 'F:/work/Eileen/hmd/002/hmd-all-library/w25q64bv_1_8-wson-zp-6x5_w25q32.txt': written successfully.
Device file 'F:/work/Eileen/hmd/002/hmd-all-library/cap_np_cc0201_ipc7351_einf4398_.txt': written successfully.
Device file 'F:/work/Eileen/hmd/002/hmd-all-library/cap_np_cc0402_ipc7351_82pf.txt': written successfully.
Device file 'F:/work/Eileen/hmd/002/hmd-all-library/diodezenerak_sod-123_mmsz5227.txt': written successfully.
Device file 'F:/work/Eileen/hmd/002/hmd-all-library/con5_4_53047-0510_0530470510.txt': written successfully.
Device file 'F:/work/Eileen/hmd/002/hmd-all-library/uda1334bts_ssop16_uda1334btsdh.txt': written successfully.
Device file 'F:/work/Eileen/hmd/002/hmd-all-library/mt41j128m16_fbga80p_8x14_96_ein.txt': written successfully.
Device file 'F:/work/Eileen/hmd/002/hmd-all-library/ic_fpga_lx45_484csg_bipin_fpbga.txt': written successfully.
Device file 'F:/work/Eileen/hmd/002/hmd-all-library/asemplp-148_15mhz-ly-t_osc_fxo.txt': written successfully.
Device file 'F:/work/Eileen/hmd/002/hmd-all-library/tda19971_3_hvqfn72_tda19971bhn.txt': written successfully.
Device file 'F:/work/Eileen/hmd/002/hmd-all-library/ic_boost_conv_tps61170drv_son65.txt': written successfully.
Device file 'F:/work/Eileen/hmd/002/hmd-all-library/xtal_24mhz_hc-49smt_alt2_0_nx32.txt': written successfully.
Device file 'F:/work/Eileen/hmd/002/hmd-all-library/con10a_1_m50-3600542_con10a.txt': written successfully.
Device file 'F:/work/Eileen/hmd/002/hmd-all-library/cap_np_cc0603_ipc7351_1uf.txt': written successfully.
Device file 'F:/work/Eileen/hmd/002/hmd-all-library/cap_np_cc0603_ipc7351_01uf.txt': written successfully.
Device file 'F:/work/Eileen/hmd/002/hmd-all-library/cap_np_cc0603_ipc7351_10uf.txt': written successfully.
Device file 'F:/work/Eileen/hmd/002/hmd-all-library/cap_np_cc0603_ipc7351_470pf.txt': written successfully.
Device file 'F:/work/Eileen/hmd/002/hmd-all-library/schottkydiode_0_sod-123_mbr054.txt': written successfully.
Device file 'F:/work/Eileen/hmd/002/hmd-all-library/n-mosfet_sot23_132_2n7002-7-f.txt': written successfully.
Device file 'F:/work/Eileen/hmd/002/hmd-all-library/resistor_rc0402_ipc7351_1m.txt': written successfully.
Device file 'F:/work/Eileen/hmd/002/hmd-all-library/resistor_rc0402_ipc7351_133k.txt': written successfully.
Device file 'F:/work/Eileen/hmd/002/hmd-all-library/r_rc0402_ipc7351_499r.txt': written successfully.
Device file 'F:/work/Eileen/hmd/002/hmd-all-library/resistor_rc0603_ipc7351_220k.txt': written successfully.
Device file 'F:/work/Eileen/hmd/002/hmd-all-library/resistor_rc0402_ipc7351_51k.txt': written successfully.
Device file 'F:/work/Eileen/hmd/002/hmd-all-library/swpushbutton_1_b3u-1000p-b_b3u.txt': written successfully.
Device file 'F:/work/Eileen/hmd/002/hmd-all-library/sp1004_sot953_sp1004-04vtg.txt': written successfully.
Device file 'F:/work/Eileen/hmd/002/hmd-all-library/sn74lvc1g08-ep_1_sot23-5_nc7sz0.txt': written successfully.
Device file 'F:/work/Eileen/hmd/002/hmd-all-library/mic8114tuy_0_sot-143_mic8114tuy.txt': written successfully.
Device file 'F:/work/Eileen/hmd/002/hmd-all-library/diode_0_sod-323f_1n4148ws.txt': written successfully.
Device file 'F:/work/Eileen/hmd/002/hmd-all-library/fuse_fuse-0452_3a.txt': written successfully.
Device file 'F:/work/Eileen/hmd/002/hmd-all-library/ic_boost_conv_tps61170drv_0_sot.txt': written successfully.
Device file 'F:/work/Eileen/hmd/002/hmd-all-library/capnp_cc0603_ipc7351_10uf.txt': written successfully.
Device file 'F:/work/Eileen/hmd/002/hmd-all-library/cap_np_cc0402_ipc7351_100nf.txt': written successfully.
Device file 'F:/work/Eileen/hmd/002/hmd-all-library/capnp_cc0805_ipc7351_33uf.txt': written successfully.
Device file 'F:/work/Eileen/hmd/002/hmd-all-library/cappol-b_10uf_0_case-a-3216_10.txt': written successfully.
Device file 'F:/work/Eileen/hmd/002/hmd-all-library/cap_np_cc0402_ipc7351_150pf.txt': written successfully.
Device file 'F:/work/Eileen/hmd/002/hmd-all-library/capnp_cc0402_ipc7351_12pf.txt': written successfully.
Device file 'F:/work/Eileen/hmd/002/hmd-all-library/capnp_cc0805_ipc7351_22uf63v.txt': written successfully.
Device file 'F:/work/Eileen/hmd/002/hmd-all-library/cap_np_cc0402_ipc7351_10nf.txt': written successfully.
Device file 'F:/work/Eileen/hmd/002/hmd-all-library/cap_np_cc0402_ipc7351_18pf.txt': written successfully.
Device file 'F:/work/Eileen/hmd/002/hmd-all-library/cap_np_cc0805_47uf.txt': written successfully.
Device file 'F:/work/Eileen/hmd/002/hmd-all-library/cap_np_cc0402_ipc7351_10pf.txt': written successfully.
Device file 'F:/work/Eileen/hmd/002/hmd-all-library/cap_np_cc0402_ipc7351_15nf.txt': written successfully.
Device file 'F:/work/Eileen/hmd/002/hmd-all-library/capnp_cc1206-18_47uf10v.txt': written successfully.
Device file 'F:/work/Eileen/hmd/002/hmd-all-library/capnp_cc0402_ipc7351_390pf.txt': written successfully.
Device file 'F:/work/Eileen/hmd/002/hmd-all-library/capnp_cc0805_ipc7351_47uf.txt': written successfully.
Device file 'F:/work/Eileen/hmd/002/hmd-all-library/capnp_cc0402_ipc7351_15nf.txt': written successfully.
Device file 'F:/work/Eileen/hmd/002/hmd-all-library/cap_np_cc0402_ipc7351_27nf.txt': written successfully.
Device file 'F:/work/Eileen/hmd/002/hmd-all-library/cap_np_cc0402_ipc7351_56pf.txt': written successfully.
Device file 'F:/work/Eileen/hmd/002/hmd-all-library/cap_np_cc0402_ipc7351_22nf.txt': written successfully.
Device file 'F:/work/Eileen/hmd/002/hmd-all-library/cap_np_cc0402_ipc7351_33pf.txt': written successfully.
Device file 'F:/work/Eileen/hmd/002/hmd-all-library/cap_np_cc0402_ipc7351_47nf.txt': written successfully.
Device file 'F:/work/Eileen/hmd/002/hmd-all-library/cap_np_cc0402_ipc7351_82nf.txt': written successfully.
Device file 'F:/work/Eileen/hmd/002/hmd-all-library/cap_np_cc0402_ipc7351_22pf.txt': written successfully.
Device file 'F:/work/Eileen/hmd/002/hmd-all-library/cap_np_cc0402_ipc7351_1uf.txt': written successfully.
Device file 'F:/work/Eileen/hmd/002/hmd-all-library/capnp_cc0402_ipc7351_1nf.txt': written successfully.
Device file 'F:/work/Eileen/hmd/002/hmd-all-library/diodezener_sod323f_mm3z15vc.txt': written successfully.
Device file 'F:/work/Eileen/hmd/002/hmd-all-library/diodediac_sup_pgb1010603mr_pgb.txt': written successfully.
Device file 'F:/work/Eileen/hmd/002/hmd-all-library/diodediac_dio_rclamp0521p_diod.txt': written successfully.
Device file 'F:/work/Eileen/hmd/002/hmd-all-library/ferritebead_fb0402_100r.txt': written successfully.
Device file 'F:/work/Eileen/hmd/002/hmd-all-library/ferritebead_fb0603_100r.txt': written successfully.
Device file 'F:/work/Eileen/hmd/002/hmd-all-library/ferritebead_fb1206_ferritebea.txt': written successfully.
Device file 'F:/work/Eileen/hmd/002/hmd-all-library/ferritebead_indc0805_80r.txt': written successfully.
Device file 'F:/work/Eileen/hmd/002/hmd-all-library/inductor_ind_ihlp2020cz_56uh1.txt': written successfully.
Device file 'F:/work/Eileen/hmd/002/hmd-all-library/inductor_ind_xal5030-332me_33u.txt': written successfully.
Device file 'F:/work/Eileen/hmd/002/hmd-all-library/inductor_ind_ihlp2020cz_33uh4.txt': written successfully.
Device file 'F:/work/Eileen/hmd/002/hmd-all-library/inductor_ind_xal5030-332me_47u.txt': written successfully.
Device file 'F:/work/Eileen/hmd/002/hmd-all-library/inductor_ind_ihlp2020cz_47uh7.txt': written successfully.
Device file 'F:/work/Eileen/hmd/002/hmd-all-library/led_led_sml-lx0603gw_ledgrn.txt': written successfully.
Device file 'F:/work/Eileen/hmd/002/hmd-all-library/osc_smd_4pin_xtal_asek_27mhz.txt': written successfully.
Device file 'F:/work/Eileen/hmd/002/hmd-all-library/mmbt2222alt1g_0_sot23_mmbt2222l.txt': written successfully.
Device file 'F:/work/Eileen/hmd/002/hmd-all-library/fdy3000nz_sc89_6p_fdy3000nz.txt': written successfully.
Device file 'F:/work/Eileen/hmd/002/hmd-all-library/mosfet_pn_ntjd1155lt1g_sot363_6.txt': written successfully.
Device file 'F:/work/Eileen/hmd/002/hmd-all-library/resistor_rc0402_ipc7351_47k__1.txt': written successfully.
Device file 'F:/work/Eileen/hmd/002/hmd-all-library/resistor_rc0402_ipc7351_33r.txt': written successfully.
Device file 'F:/work/Eileen/hmd/002/hmd-all-library/resistor_rc0402_ipc7351_0r.txt': written successfully.
Device file 'F:/work/Eileen/hmd/002/hmd-all-library/r_rc0402_ipc7351_240r.txt': written successfully.
Device file 'F:/work/Eileen/hmd/002/hmd-all-library/resistor_rc0402_ipc7351_100r.txt': written successfully.
Device file 'F:/work/Eileen/hmd/002/hmd-all-library/resistor_rc0402_ipc7351_220r.txt': written successfully.
Device file 'F:/work/Eileen/hmd/002/hmd-all-library/resistor_rc0402_ipc7351_330r.txt': written successfully.
Device file 'F:/work/Eileen/hmd/002/hmd-all-library/resistor_rc0402_ipc7351_499r.txt': written successfully.
Device file 'F:/work/Eileen/hmd/002/hmd-all-library/resistor_rc0402_ipc7351_1k.txt': written successfully.
Device file 'F:/work/Eileen/hmd/002/hmd-all-library/r0402_rc0402_ipc7351_10k.txt': written successfully.
Device file 'F:/work/Eileen/hmd/002/hmd-all-library/resistor_rc0402_ipc7351_12k.txt': written successfully.
Device file 'F:/work/Eileen/hmd/002/hmd-all-library/resistor_rc0402_ipc7351_100k.txt': written successfully.
Device file 'F:/work/Eileen/hmd/002/hmd-all-library/resistor_rc0402_ipc7351_10k.txt': written successfully.
Device file 'F:/work/Eileen/hmd/002/hmd-all-library/resistor_rc0603_47k.txt': written successfully.
Device file 'F:/work/Eileen/hmd/002/hmd-all-library/resistor_rc0402_ipc7351_453k.txt': written successfully.
Device file 'F:/work/Eileen/hmd/002/hmd-all-library/resistor_rc0402_ipc7351_499k.txt': written successfully.
Device file 'F:/work/Eileen/hmd/002/hmd-all-library/resistor_rc0402_ipc7351_787k.txt': written successfully.
Device file 'F:/work/Eileen/hmd/002/hmd-all-library/resistor_rc0402_ipc7351_205k.txt': written successfully.
Device file 'F:/work/Eileen/hmd/002/hmd-all-library/resistor_rc0402_ipc7351_15k.txt': written successfully.
Device file 'F:/work/Eileen/hmd/002/hmd-all-library/resistor_rc0402_ipc7351_113k.txt': written successfully.
Device file 'F:/work/Eileen/hmd/002/hmd-all-library/resistor_rc0402_ipc7351_20k.txt': written successfully.
Device file 'F:/work/Eileen/hmd/002/hmd-all-library/resistor_rc0402_ipc7351_13k.txt': written successfully.
Device file 'F:/work/Eileen/hmd/002/hmd-all-library/resistor_rc0402_ipc7351_825k.txt': written successfully.
Device file 'F:/work/Eileen/hmd/002/hmd-all-library/r0402_rc0402_ipc7351_100k.txt': written successfully.
Device file 'F:/work/Eileen/hmd/002/hmd-all-library/sp3050_0_sc89_6p_rclamp0502a.txt': written successfully.
Device file 'F:/work/Eileen/hmd/002/hmd-all-library/rclamp0524p_capn_rclamp0524_rcl.txt': written successfully.
Device file 'F:/work/Eileen/hmd/002/hmd-all-library/tps51200_son50p300x300_10_pwp_t.txt': written successfully.
Device file 'F:/work/Eileen/hmd/002/hmd-all-library/ssd2828qn4_3_68-qfn-ep_ssd2828q.txt': written successfully.
Device file 'F:/work/Eileen/hmd/002/hmd-all-library/tps54218rter_qfn50p300x300_16_p.txt': written successfully.
Device file 'F:/work/Eileen/hmd/002/hmd-all-library/xtalcan_0_abm3_8mhz.txt': written successfully.
Device file 'F:/work/Eileen/hmd/002/hmd-all-library/xtalcan_0_cm315-32_768kdzc_327.txt': written successfully.
