(---------------------------------------------------------------------)
(                                                                     )
(    ARTWORK LOG                                                      )
(                                                                     )
(    Drawing          : usb-001-120pm1530.brd                         )
(    Software Version : 16.3S053                                      )
(    Date/Time        : Tue Jan 20 15:33:25 2015                      )
(                                                                     )
(---------------------------------------------------------------------)



Results from parameter file ...
    DEVICE-TYPE           GERBER6X00
    OUTPUT-UNITS          INCHES
    FILM-SIZE             240000 160000
    FORMAT                5.4
    ABORT-ON-ERROR        NO
    SCALE                 1
    G-CODES               NO
    OPTIMIZE              YES
    STATIONS-PER-WHEEL    999
    COORDINATES           ABSOLUTE
    SUPPRESS-LEAD-ZEROES  YES
    SUPPRESS-TRAIL-ZEROES NO
    SUPPRESS-EQUAL        YES

 WARNING: database resolution exceeds the resolution of the 
      output coordinates (see FORMAT in parameter file).
      Some roundoff of coordinates may occur unless the number
      of decimal places in the output file is increased.

Tue Jan 20 15:33:26 2015				Page     1

Photoplot log file
Results from aperture table.


INPUT-UNITS     INCHES

WHEEL     1

LINE               2            D60
LINE               4            D59
LINE               5            D58
LINE               6            D61
LINE               8            D62
LINE              10            D63
LINE              11            D70
LINE              12            D69
LINE              15            D68
LINE              20            D65
LINE              25            D64
LINE              30            D67
LINE              40            D66
LINE              55            D18
LINE              61            D14
CIRCLE            24            D43
CIRCLE            26            D38
CIRCLE            32            D39
CIRCLE            40            D41
CIRCLE            44            D47
CIRCLE            50            D40
CIRCLE            62            D45
CIRCLE           118            D44
CIRCLE           121            D10
CIRCLE           197            D12
CIRCLE           203            D13
RECTANGLE         12        20   0.00000  D55
RECTANGLE         12        51   0.00000  D34
RECTANGLE         18        26   0.00000  D57
RECTANGLE         18        57   0.00000  D36
RECTANGLE         20        12   0.00000  D54
RECTANGLE         22        22   0.00000  D52
RECTANGLE         26        18   0.00000  D56
RECTANGLE         28        28   0.00000  D53
RECTANGLE         50       100   0.00000  D48
RECTANGLE         51        12   0.00000  D35
RECTANGLE         56       106   0.00000  D50
RECTANGLE         57        18   0.00000  D37
RECTANGLE         85        87   0.00000  D30
RECTANGLE         87        85   0.00000  D31
RECTANGLE         91        93   0.00000  D32
RECTANGLE         93        91   0.00000  D33
RECTANGLE        100        50   0.00000  D49
RECTANGLE        106        56   0.00000  D51
OBLONG            55        96   0.00000  D26
OBLONG            55       118   0.00000  D19
OBLONG            61        85   0.00000  D15
Tue Jan 20 15:33:26 2015				Page     2

Photoplot log file
Results from aperture table.

OBLONG            61       102   0.00000  D28
OBLONG            61       103   0.00000  D23
OBLONG            61       124   0.00000  D21
OBLONG            85        61   0.00000  D16
OBLONG            96        55   0.00000  D27
OBLONG           102        61   0.00000  D29
OBLONG           103        61   0.00000  D24
OBLONG           118        55   0.00000  D20
OBLONG           124        61   0.00000  D22
FLASH     RT61X103X0X4X15X5    0.00000  D25
FLASH     RT61X85X0X4X15X5     0.00000  D17
FLASH     T121O101I15G         0.00000  D11
FLASH     T62O52I15G           0.00000  D46
FLASH     T8O6I2G              0.00000  D42



================================================================
     PROCESSING FILM < TOP >
     TO FILE < F:/work/Eileen/usb/001/TOP.art > ...
================================================================

  FILM PARAMETERS :
  ---------------------------------------------------------

      undefined line width ... 5.00
      plot wheels allowed .... 1  2  3  4  5  6  7  8  9  10  
      mirror code ..... NONE
      rotate angle .... NONE
      offset X: 0.00     Y: 0.00
      plot negative ... NO
      draw (fill) pads lacking apertures .. YES
      suppress unconnected internal pads .. NO
      make use of rotated apertures ....... NO


 WARNING: 0 width  line found at (2725.00 150.00)
         ... using undefined line width of 5.00
  Multiple 0 width  lines; all will be treated the same as the first.



====>     TOP created with warnings
 

     ..... USED APERTURES .....

   Wheel number - 1 

    TYPE          SIZE/FLASHNAME        ROTATION    STATION             
    ----          --------------        --------    -------             
    OBLONG            55    118                    D19                 
    OBLONG            55     96                    D26                 
    RECTANGLE        100     50                    D49                 
    RECTANGLE         87     85                    D31                 
    RECTANGLE         51     12                    D35                 
    RECTANGLE         22     22                    D52                 
    CIRCLE           197                           D12                 
    CIRCLE            44                           D47                 
    CIRCLE            40                           D41                 
    CIRCLE            24                           D43                 
    LINE              20                           D65                 
    LINE              15                           D68                 
    LINE              12                           D69                 
    LINE              11                           D70                 
    LINE              10                           D63                 
    LINE               8                           D62                 
    LINE               5                           D58                 
    LINE               4                           D59                 


================================================================
     PROCESSING FILM < BOT >
     TO FILE < F:/work/Eileen/usb/001/BOT.art > ...
================================================================

  FILM PARAMETERS :
  ---------------------------------------------------------

      undefined line width ... 5.00
      plot wheels allowed .... 1  2  3  4  5  6  7  8  9  10  
      mirror code ..... NONE
      rotate angle .... NONE
      offset X: 0.00     Y: 0.00
      plot negative ... NO
      draw (fill) pads lacking apertures .. YES
      suppress unconnected internal pads .. NO
      make use of rotated apertures ....... NO




====>     BOT created with warnings
 

     ..... USED APERTURES .....

   Wheel number - 1 

    TYPE          SIZE/FLASHNAME        ROTATION    STATION             
    ----          --------------        --------    -------             
    OBLONG            55    118                    D19                 
    OBLONG            55     96                    D26                 
    RECTANGLE         22     22                    D52                 
    RECTANGLE         20     12                    D54                 
    RECTANGLE         12     20                    D55                 
    CIRCLE           197                           D12                 
    CIRCLE            44                           D47                 
    CIRCLE            40                           D41                 
    CIRCLE            26                           D38                 
    CIRCLE            24                           D43                 
    LINE              30                           D67                 
    LINE              15                           D68                 
    LINE              10                           D63                 
    LINE               8                           D62                 
    LINE               5                           D58                 
    LINE               4                           D59                 


================================================================
     PROCESSING FILM < MASK_TOP >
     TO FILE < F:/work/Eileen/usb/001/MASK_TOP.art > ...
================================================================

  FILM PARAMETERS :
  ---------------------------------------------------------

      undefined line width ... 5.00
      plot wheels allowed .... 1  2  3  4  5  6  7  8  9  10  
      mirror code ..... NONE
      rotate angle .... NONE
      offset X: 0.00     Y: 0.00
      plot negative ... NO
      draw (fill) pads lacking apertures .. YES
      suppress unconnected internal pads .. NO
      make use of rotated apertures ....... NO




====>     MASK_TOP created with warnings
 

     ..... USED APERTURES .....

   Wheel number - 1 

    TYPE          SIZE/FLASHNAME        ROTATION    STATION             
    ----          --------------        --------    -------             
    OBLONG            61    124                    D21                 
    OBLONG            61    102                    D28                 
    RECTANGLE        106     56                    D51                 
    RECTANGLE         93     91                    D33                 
    RECTANGLE         57     18                    D37                 
    RECTANGLE         28     28                    D53                 
    CIRCLE           203                           D13                 
    CIRCLE           118                           D44                 
    CIRCLE            50                           D40                 
    LINE              10                           D63                 
    LINE               5                           D58                 


================================================================
     PROCESSING FILM < MASK_BOT >
     TO FILE < F:/work/Eileen/usb/001/MASK_BOT.art > ...
================================================================

  FILM PARAMETERS :
  ---------------------------------------------------------

      undefined line width ... 5.00
      plot wheels allowed .... 1  2  3  4  5  6  7  8  9  10  
      mirror code ..... NONE
      rotate angle .... NONE
      offset X: 0.00     Y: 0.00
      plot negative ... NO
      draw (fill) pads lacking apertures .. YES
      suppress unconnected internal pads .. NO
      make use of rotated apertures ....... NO




====>     MASK_BOT created with warnings
 

     ..... USED APERTURES .....

   Wheel number - 1 

    TYPE          SIZE/FLASHNAME        ROTATION    STATION             
    ----          --------------        --------    -------             
    OBLONG            61    124                    D21                 
    OBLONG            61    102                    D28                 
    RECTANGLE         28     28                    D53                 
    RECTANGLE         26     18                    D56                 
    RECTANGLE         18     26                    D57                 
    CIRCLE           203                           D13                 
    CIRCLE           118                           D44                 
    CIRCLE            50                           D40                 
    CIRCLE            32                           D39                 
    LINE              10                           D63                 
    LINE               5                           D58                 


================================================================
     PROCESSING FILM < PAST_TOP >
     TO FILE < F:/work/Eileen/usb/001/PAST_TOP.art > ...
================================================================

  FILM PARAMETERS :
  ---------------------------------------------------------

      undefined line width ... 5.00
      plot wheels allowed .... 1  2  3  4  5  6  7  8  9  10  
      mirror code ..... NONE
      rotate angle .... NONE
      offset X: 0.00     Y: 0.00
      plot negative ... NO
      draw (fill) pads lacking apertures .. YES
      suppress unconnected internal pads .. NO
      make use of rotated apertures ....... NO




====>     PAST_TOP created with warnings
 

     ..... USED APERTURES .....

   Wheel number - 1 

    TYPE          SIZE/FLASHNAME        ROTATION    STATION             
    ----          --------------        --------    -------             
    RECTANGLE        100     50                    D49                 
    RECTANGLE         87     85                    D31                 
    RECTANGLE         51     12                    D35                 
    RECTANGLE         22     22                    D52                 
    CIRCLE            40                           D41                 
    LINE              10                           D63                 
    LINE               5                           D58                 


================================================================
     PROCESSING FILM < PAST_BOT >
     TO FILE < F:/work/Eileen/usb/001/PAST_BOT.art > ...
================================================================

  FILM PARAMETERS :
  ---------------------------------------------------------

      undefined line width ... 5.00
      plot wheels allowed .... 1  2  3  4  5  6  7  8  9  10  
      mirror code ..... NONE
      rotate angle .... NONE
      offset X: 0.00     Y: 0.00
      plot negative ... NO
      draw (fill) pads lacking apertures .. YES
      suppress unconnected internal pads .. NO
      make use of rotated apertures ....... NO




====>     PAST_BOT created with warnings
 

     ..... USED APERTURES .....

   Wheel number - 1 

    TYPE          SIZE/FLASHNAME        ROTATION    STATION             
    ----          --------------        --------    -------             
    RECTANGLE         22     22                    D52                 
    RECTANGLE         20     12                    D54                 
    RECTANGLE         12     20                    D55                 
    CIRCLE            40                           D41                 
    LINE              10                           D63                 
    LINE               5                           D58                 


================================================================
     PROCESSING FILM < SILK_TOP >
     TO FILE < F:/work/Eileen/usb/001/SILK_TOP.art > ...
================================================================

  FILM PARAMETERS :
  ---------------------------------------------------------

      undefined line width ... 5.00
      plot wheels allowed .... 1  2  3  4  5  6  7  8  9  10  
      mirror code ..... NONE
      rotate angle .... NONE
      offset X: 0.00     Y: 0.00
      plot negative ... NO
      draw (fill) pads lacking apertures .. YES
      suppress unconnected internal pads .. NO
      make use of rotated apertures ....... NO




====>     SILK_TOP created with warnings
 

     ..... USED APERTURES .....

   Wheel number - 1 

    TYPE          SIZE/FLASHNAME        ROTATION    STATION             
    ----          --------------        --------    -------             
    LINE              61                           D14                 
    LINE              30                           D67                 
    LINE              15                           D68                 
    LINE              10                           D63                 
    LINE               8                           D62                 
    LINE               5                           D58                 
    LINE               4                           D59                 


================================================================
     PROCESSING FILM < SILK_BOT >
     TO FILE < F:/work/Eileen/usb/001/SILK_BOT.art > ...
================================================================

  FILM PARAMETERS :
  ---------------------------------------------------------

      undefined line width ... 5.00
      plot wheels allowed .... 1  2  3  4  5  6  7  8  9  10  
      mirror code ..... NONE
      rotate angle .... NONE
      offset X: 0.00     Y: 0.00
      plot negative ... NO
      draw (fill) pads lacking apertures .. YES
      suppress unconnected internal pads .. NO
      make use of rotated apertures ....... NO




====>     SILK_BOT created with warnings
 

     ..... USED APERTURES .....

   Wheel number - 1 

    TYPE          SIZE/FLASHNAME        ROTATION    STATION             
    ----          --------------        --------    -------             
    LINE              61                           D14                 
    LINE              30                           D67                 
    LINE              15                           D68                 
    LINE              10                           D63                 
    LINE               8                           D62                 
    LINE               5                           D58                 
    LINE               4                           D59                 


================================================================
     PROCESSING FILM < DRILL >
     TO FILE < F:/work/Eileen/usb/001/DRILL.art > ...
================================================================

  FILM PARAMETERS :
  ---------------------------------------------------------

      undefined line width ... 5.00
      plot wheels allowed .... 1  2  3  4  5  6  7  8  9  10  
      mirror code ..... NONE
      rotate angle .... NONE
      offset X: 0.00     Y: 0.00
      plot negative ... NO
      draw (fill) pads lacking apertures .. YES
      suppress unconnected internal pads .. NO
      make use of rotated apertures ....... NO




====>     DRILL created with warnings
 

     ..... USED APERTURES .....

   Wheel number - 1 

    TYPE          SIZE/FLASHNAME        ROTATION    STATION             
    ----          --------------        --------    -------             
    LINE              10                           D63                 
    LINE               5                           D58                 


================================================================
     PROCESSING FILM < IN1 >
     TO FILE < F:/work/Eileen/usb/001/IN1.art > ...
================================================================

  FILM PARAMETERS :
  ---------------------------------------------------------

      undefined line width ... 5.00
      plot wheels allowed .... 1  2  3  4  5  6  7  8  9  10  
      mirror code ..... NONE
      rotate angle .... NONE
      offset X: 0.00     Y: 0.00
      plot negative ... NO
      draw (fill) pads lacking apertures .. YES
      suppress unconnected internal pads .. NO
      make use of rotated apertures ....... NO




====>     IN1 created with warnings
 

     ..... USED APERTURES .....

   Wheel number - 1 

    TYPE          SIZE/FLASHNAME        ROTATION    STATION             
    ----          --------------        --------    -------             
    OBLONG            55    118                    D19                 
    OBLONG            55     96                    D26                 
    CIRCLE           121                           D10                 
    CIRCLE            44                           D47                 
    CIRCLE            24                           D43                 
    LINE              15                           D68                 
    LINE              10                           D63                 
    LINE               5                           D58                 
    LINE               4                           D59                 


================================================================
     PROCESSING FILM < IN2 >
     TO FILE < F:/work/Eileen/usb/001/IN2.art > ...
================================================================

  FILM PARAMETERS :
  ---------------------------------------------------------

      undefined line width ... 5.00
      plot wheels allowed .... 1  2  3  4  5  6  7  8  9  10  
      mirror code ..... NONE
      rotate angle .... NONE
      offset X: 0.00     Y: 0.00
      plot negative ... NO
      draw (fill) pads lacking apertures .. YES
      suppress unconnected internal pads .. NO
      make use of rotated apertures ....... NO




====>     IN2 created with warnings
 

     ..... USED APERTURES .....

   Wheel number - 1 

    TYPE          SIZE/FLASHNAME        ROTATION    STATION             
    ----          --------------        --------    -------             
    OBLONG            55    118                    D19                 
    OBLONG            55     96                    D26                 
    CIRCLE           121                           D10                 
    CIRCLE            44                           D47                 
    CIRCLE            24                           D43                 
    LINE              15                           D68                 
    LINE              10                           D63                 
    LINE               5                           D58                 
    LINE               4                           D59                 



    TOTAL APERTURES USED
    --------------------
    CIRCLE           121                           D10                 
    LINE              61                           D14                 
    CIRCLE            32                           D39                 
    RECTANGLE         18     26                    D57                 
    RECTANGLE         26     18                    D56                 
    CIRCLE            50                           D40                 
    CIRCLE           118                           D44                 
    CIRCLE           203                           D13                 
    RECTANGLE         28     28                    D53                 
    RECTANGLE         57     18                    D37                 
    RECTANGLE         93     91                    D33                 
    RECTANGLE        106     56                    D51                 
    OBLONG            61    102                    D28                 
    OBLONG            61    124                    D21                 
    LINE              30                           D67                 
    CIRCLE            26                           D38                 
    RECTANGLE         12     20                    D55                 
    RECTANGLE         20     12                    D54                 
    LINE               4                           D59                 
    LINE               5                           D58                 
    LINE               8                           D62                 
    LINE              10                           D63                 
    LINE              11                           D70                 
    LINE              12                           D69                 
    LINE              15                           D68                 
    LINE              20                           D65                 
    CIRCLE            24                           D43                 
    CIRCLE            40                           D41                 
    CIRCLE            44                           D47                 
    CIRCLE           197                           D12                 
    RECTANGLE         22     22                    D52                 
    RECTANGLE         51     12                    D35                 
    RECTANGLE         87     85                    D31                 
    RECTANGLE        100     50                    D49                 
    OBLONG            55     96                    D26                 
    OBLONG            55    118                    D19                 



------------------------------------------------------
 SUMMARY:
        TOP created with warnings
        BOT created with warnings
        MASK_TOP created with warnings
        MASK_BOT created with warnings
        PAST_TOP created with warnings
        PAST_BOT created with warnings
        SILK_TOP created with warnings
        SILK_BOT created with warnings
        DRILL created with warnings
        IN1 created with warnings
        IN2 created with warnings

 ARTWORK had warnings
