Component Report
F:/work/Eileen/box/002/belt-box-002-119pm14.brd
Mon Jan 19 14:17:14 2015
Total Components:  247
REFDES,COMP_DEVICE_TYPE,COMP_VALUE,COMP_TOL,COMP_PACKAGE,SYM_X,SYM_Y,SYM_ROTATE,SYM_MIRROR
C1,C0402,0.1UF,,C0402,1230.00,1280.00,0.000,NO
C2,C0402,0.1U/16V_4,,C0402,1230.00,1340.00,0.000,NO
C3,C0402,0.1UF,,C0402,1230.00,1485.00,0.000,NO
C4,C0402,0.1UF,,C0402,2420.00,815.00,0.000,YES
C5,C0402,0.1UF,,C0402,1285.00,2350.00,270.000,NO
C6,C0402,0.1UF,,C0402,1635.00,1520.00,0.000,NO
C7,C0402,0.1U/16V_4,,C0402,1660.00,1235.00,0.000,NO
C8,C0402,0.1UF,,C0402,1635.00,1480.00,0.000,NO
C9,C0402,0.1UF,,C0402,1635.00,1295.00,0.000,NO
C10,C0805,10uF_X5R_6.3V,,C0805,2340.00,980.00,90.000,NO
C11,C0603,1uF_X5R_6.3V,,C0603,2540.00,940.00,0.000,YES
C12,C0805,10uF_X5R_6.3V,,C0805,1105.00,1560.00,0.000,NO
C13,C0603,1uF_X5R_6.3V,,C0603,1355.00,1905.00,270.000,NO
C14,TANB,6TPE220MAZB,,TANB,1085.00,2225.00,270.000,NO
C15,C0402,470pF_X7R_50V,,C0402,1865.00,2200.00,270.000,NO
C16,C0402,0.1uF_X5R_10V,,C0402,1740.00,2190.00,90.000,NO
C17,C0402,0.1uF_X5R_10V,,C0402,1700.00,2190.00,90.000,NO
C18,C0402,0.1uF_X5R_10V,,C0402,349.00,1645.00,0.000,YES
C19,C0402,0.1uF_X5R_10V,,C0402,349.00,1605.00,0.000,YES
C20,C0402,0.1UF,,C0402,770.00,1410.00,180.000,NO
C21,C0402,0.1UF,,C0402,860.00,1580.00,270.000,NO
C22,C0402,0.1UF,,C0402,830.00,1650.00,180.000,NO
C23,C0402,0.1UF,,C0402,555.00,1615.00,0.000,NO
C24,C0402,0.1UF,,C0402,790.00,1705.00,270.000,NO
C25,C0402,0.1UF,,C0402,665.00,1705.00,270.000,NO
C26,C0402,0.1UF,,C0402,535.00,1755.00,90.000,NO
C27,C0603,4.7UF,,C0603,570.00,1300.00,90.000,YES
C28,C0805,10uF_X5R_6.3V,,C0805,960.00,1335.00,0.000,YES
C29,C0402,0.1UF,,C0402,635.00,1415.00,90.000,NO
C30,C0402,0.1UF,,C0402,850.00,1315.00,90.000,YES
C31,C0402,0.1UF,,C0402,955.00,1395.00,180.000,YES
C32,C0402,0.1UF,,C0402,1025.00,1070.00,180.000,YES
C33,C0805,22uF,,C0805,300.50,1345.00,180.000,YES
C34,C0402,0.1UF,,C0402,405.00,1305.00,180.000,YES
C35,C0603,22P_NPO_50V,,C0603,424.50,1390.00,180.000,YES
C36,C0805,10uF_X5R_6.3V,,C0805,765.00,1585.00,0.000,NO
C37,C0805,10uF_X5R_6.3V,,C0805,455.00,1760.00,270.000,NO
C38,C0805,10uF_X5R_6.3V,,C0805,370.00,1760.00,270.000,NO
C39,C0402,27P_NPO_50V,,C0402,358.00,1450.00,90.000,YES
C40,C0402,1U/6.3V_4,,C0402,655.00,1295.00,0.000,YES
C41,C0402,27P_NPO_50V,,C0402,358.00,1520.00,270.000,YES
C42,C0402,1U/6.3V_4,,C0402,915.00,2270.00,0.000,NO
C43,TANB,6TPE220MAZB,,TANB,730.00,2090.00,270.000,NO
C44,C0402,470pF_X7R_50V,,C0402,640.00,2100.00,270.000,NO
C45,C0402,0.1uF_X5R_10V,,C0402,385.00,1935.00,90.000,NO
C46,C0402,0.1uF_X5R_10V,,C0402,425.00,1935.00,90.000,NO
C47,C0402,15P/50V_4,,C0402,1995.00,1665.00,90.000,NO
C48,C0603,10U/6.3V_6,,C0603,2165.00,1635.00,180.000,YES
C49,C0402,0.1U/16V_4,,C0402,2150.00,1585.00,180.000,YES
C50,C0603,10U/6.3V_6,,C0603,2035.00,1750.00,180.000,NO
C51,C0402,18P/50V_4,,C0402,1995.00,1590.00,270.000,NO
C52,C0603,10U/6.3V_6,,C0603,2130.00,1120.00,180.000,NO
C53,C0402,1U/6.3V_4,,C0402,2115.00,1210.00,180.000,NO
C54,C0402,0.1U/16V/X7R_4,,C0402,2115.00,1170.00,180.000,NO
C55,C0603,10U/6.3V_6,,C0603,2265.00,1410.00,270.000,YES
C56,C0402,0.1U/16V_4,,C0402,2315.00,1390.00,270.000,YES
C57,C0603,10U/6.3V_6,,C0603,2445.00,1290.00,270.000,NO
C58,C0402,0.1U/16V_4,,C0402,2400.00,1290.00,270.000,NO
C59,C0402,0.1U/16V_4,,C0402,2150.00,1520.00,180.000,YES
C60,C0402,0.1U/16V_4,,C0402,2210.00,1290.00,270.000,NO
C61,C0402,1U/6.3V_4,,C0402,2320.00,1840.00,270.000,NO
C62,C0402,0.1U/16V_4,,C0402,2360.00,1840.00,90.000,NO
C63,C0603,10U/6.3V_6,,C0603,2410.00,1860.00,90.000,NO
C64,C0402,0.1U/16V_4,,C0402,2460.00,1840.00,90.000,NO
C65,C0402,0.1U/16V_4,,C0402,2455.00,1395.00,270.000,YES
C66,C0603,10U/6.3V_6,,C0603,2380.00,1710.00,90.000,YES
C67,C0402,0.1U/16V_4,,C0402,2430.00,1710.00,90.000,YES
C68,C0603,*10U/6.3V_6_NC,,C0603,2400.00,1410.00,270.000,YES
C69,C0402,1U/6.3V_4,,C0402,1850.00,1165.00,270.000,NO
C70,C0402,1U/6.3V_4,,C0402,1885.00,1300.00,0.000,NO
C71,C0603,10U/6.3V_6,,C0603,2625.00,1675.00,270.000,NO
C72,C0402,0.1U/16V_4,,C0402,2575.00,1730.00,90.000,NO
C73,C0402,1U/6.3V_4,,C0402,2575.00,1660.00,90.000,NO
C74,C0603,2.2U/6.3V_6,,C0603,2040.00,1180.00,270.000,NO
C75,C0603,10U/6.3V_6,,C0603,2470.00,1595.00,0.000,YES
C76,C0402,0.1U/16V_4,,C0402,2490.00,1645.00,0.000,YES
C77,C0603,2.2U/6.3V_6,,C0603,2340.00,1985.00,180.000,NO
C78,C0603,2.2U/6.3V_6,,C0603,2340.00,2040.00,180.000,NO
C79,C0402,0.1U/16V_4,,C0402,2060.00,1000.00,0.000,YES
C80,C0402,100pF_NPO_50V,,C0402,2160.00,2165.00,0.000,YES
C81,C0402,100pF_NPO_50V,,C0402,2575.00,2140.00,90.000,YES
C82,C0603,1uF/25V,,C0603,1010.00,825.00,0.000,NO
C83,C0603,3300PF/25V,,C0603,1010.00,885.00,0.000,NO
C84,C1206,10uf/25v,,C1206,690.00,645.00,0.000,NO
C85,C0402,0.1uf/16v_NC,,C0402,885.00,665.00,180.000,NO
C86,C0402,0.1uF/25V,,C0402,570.00,790.00,90.000,NO
C87,C1206,22UF/10V,,C1206,270.00,555.00,180.000,NO
C88,C0402,2200pF/50V_X7R,,C0402,705.00,580.00,0.000,NO
C89,C1206,10uf/25v,,C1206,525.00,435.00,270.000,NO
C90,C1206,22UF/10V,,C1206,270.00,465.00,180.000,NO
C91,C0603,22PF/50V,,C0603,970.00,735.00,90.000,NO
C92,C0402,2200pF/50V_X7R,,C0402,880.00,515.00,0.000,NO
C93,C0402,0.1UF,,C0402,1165.00,2365.00,270.000,NO
C94,C0402,X_0.1U/16V_4,,C0402,2315.00,1290.00,90.000,NO
C95,C0402,1U/6.3V_4,,C0402,2135.00,2095.00,180.000,YES
C96,C1206,10uf/25v,,C1206,617.50,435.00,270.000,NO
EC1,TANBB2,100uF,,TANBB2,300.00,1170.00,90.000,YES
FB1,L0402,BK1608HS601,,L0402,2325.00,2150.00,180.000,NO
FB2,L0402,BK1608HS601,,L0402,2520.00,2135.00,270.000,YES
FB3,L0402,BK1608HS601,,L0402,2260.00,2160.00,0.000,YES
H1,HOLEC197D102,HOLEC197D102,,HOLEC197D102,1901.57,1870.08,0.000,NO
H2,HOLEC197D102,HOLEC197D102,,HOLEC197D102,137.79,771.65,0.000,NO
H4,HOLEC47D47N,HOLEC47D47N,,HOLEC47D47N,83.93,919.64,0.000,NO
J1,I-PEX_20389-030E,IPEX_30PIN,,I-PEX_20389-030E,1910.00,710.00,0.000,NO
J2,HRS_EDC3-124422,Hirose 36pin,,HRS_EDC3-124422,1494.29,2709.45,180.000,NO
J3,SINGATRON_2DC3064-010111F,SINGATRON_2DC-5061-Q05F,,SINGATRON_2DC3064-010111F,842.53,100.35,180.000,NO
J4,SINGATRON_2UB1585-000121F,CON SUNFUN_U3FA-RS01,,SINGATRON_2UB1585-000121F,427.15,2488.19,180.000,NO
J6,SINGATRON_2SJ2284-102592,2SJ2284-102592,,SINGATRON_2SJ2284-102592,2440.95,2755.91,180.000,NO
L1,DLP11T,X_80_100MHz,,DLP11T,1800.00,2265.00,270.000,NO
L2,DLP11T,X_80_100MHz,,DLP11T,1720.00,2265.00,270.000,NO
L3,BW_WCM2012F2S-900T04,X_90_100MHz,,BW_WCM2012F2S-900T04,1960.00,2175.00,90.000,NO
L4,TY-TOP_MDJE4040T100MM,10uH,,TY-TOP_MDJE4040T100MM,455.00,1180.00,0.000,YES
L5,DLP11T,X_80_100MHz,,DLP11T,325.00,2030.00,270.000,NO
L6,DLP11T,X_80_100MHz,,DLP11T,405.00,2030.00,270.000,NO
L7,BW_WCM2012F2S-900T04,X_90_100MHz,,BW_WCM2012F2S-900T04,535.00,1920.00,90.000,NO
L8,SHORT0805,*0_0805short_NC,,SHORT0805,2110.00,1040.00,270.000,NO
L9,SHORT0805,*0_0805short_NC,,SHORT0805,2590.00,1650.00,270.000,YES
L10,SMPI0603HW,3.3UH_SMPI0603HW,,SMPI0603HW,405.00,780.00,270.000,NO
L11,L0805,HCB2012K_800T80_0805,,L0805,740.00,520.00,0.000,NO
L12,L0805,X_HCB2012K_800T80_0805_NC,,L0805,410.00,380.00,270.000,NO
Q1,SOT23-GDS,BSS138,,SOT23-GDS,2140.00,2085.00,270.000,NO
Q2,VMT3-132,2SK3541,,VMT3-132,2115.00,2270.00,90.000,NO
Q3,VMT3-132,2SK3541,,VMT3-132,2390.00,1960.00,0.000,YES
Q4,VMT3-132,2SK3541,,VMT3-132,2375.00,2057.00,90.000,YES
Q5,SOT23-132,Si2312BDS,,SOT23-132,2530.00,2140.00,90.000,NO
Q6,SOT23-GDS,BSS138,,SOT23-GDS,2490.00,2000.00,180.000,NO
R1,R0402,2.2K,,R0402,1375.00,2350.00,90.000,NO
R2,R0402,2.2K,,R0402,1325.00,2350.00,90.000,NO
R3,R0603,0,,R0603,1235.00,2340.00,90.000,NO
R4,R0603,4.99K,,R0603,1755.00,1480.00,0.000,NO
R5,R0402,750,,R0402,1110.00,1625.00,180.000,NO
R6,R0402,115,,R0402,2365.00,1085.00,90.000,NO
R7,R0402,0,,R0402,1820.00,2265.00,90.000,NO
R8,R0402,187,,R0402,2365.00,1160.00,90.000,NO
R9,R0402,147,,R0402,1015.00,1625.00,180.000,NO
R10,R0402,0,,R0402,1780.00,2265.00,90.000,NO
R11,R0402,0,,R0402,1740.00,2265.00,90.000,NO
R12,R0402,X_4.7K,,R0402,1735.00,1430.00,180.000,NO
R13,R0402,X_4.7K,,R0402,1535.00,1600.00,180.000,NO
R14,R0402,4.7K,,R0402,1735.00,1295.00,180.000,NO
R15,R0402,X_4.7K,,R0402,1735.00,1390.00,180.000,NO
R16,R0402,X_4.7K,,R0402,1580.00,1065.00,90.000,NO
R17,R0402,X_4.7K,,R0402,1230.00,1390.00,0.000,NO
R18,R0402,4.7K,,R0402,1735.00,1350.00,180.000,NO
R19,R0402,0,,R0402,1700.00,2265.00,90.000,NO
R20,R0402,0,,R0402,1980.00,2175.00,270.000,NO
R21,R0402,X_4.7K,,R0402,1635.00,1430.00,0.000,NO
R22,R0402,X_4.7K,,R0402,1635.00,1390.00,0.000,NO
R23,R0402,X_4.7K,,R0402,1540.00,1065.00,270.000,NO
R24,R0402,X_4.7K,,R0402,1230.00,1430.00,180.000,NO
R25,R0402,X_4.7K,,R0402,1635.00,1350.00,0.000,NO
R26,R0402,0,,R0402,1940.00,2175.00,270.000,NO
R27,R0402,0,,R0402,350.00,1725.00,180.000,YES
R28,R0402,0,,R0402,350.00,1685.00,180.000,YES
R29,R0402,10K,,R0402,1025.00,1130.00,180.000,YES
R30,R0402,10K,,R0402,670.00,1175.00,90.000,YES
R31,R0402,240K 1%,,R0402,405.00,1345.00,180.000,YES
R32,R0603,0,,R0603,455.00,1585.00,90.000,NO
R33,R0402,10K,,R0402,710.00,1320.00,270.000,YES
R34,R0402,240K,,R0402,460.00,1330.00,90.000,YES
R35,R0402,30K,,R0402,655.00,1255.00,180.000,YES
R36,R0402,5.1K,,R0402,955.00,1475.00,0.000,YES
R37,R0402,100K,,R0402,810.00,1315.00,90.000,YES
R38,R0402,680,,R0402,495.00,1470.00,90.000,NO
R39,R0402,1M,,R0402,405.00,1470.00,270.000,YES
R40,R0402,39K,,R0402,655.00,1335.00,0.000,YES
R41,R0402,10K,,R0402,955.00,1435.00,180.000,YES
R42,R0402,100K,,R0402,980.00,1900.00,90.000,NO
R43,R0402,10K,,R0402,930.00,1900.00,90.000,NO
R44,R0402,10K,,R0402,880.00,1900.00,90.000,NO
R45,R0402,100K,,R0402,830.00,1900.00,90.000,NO
R46,R0402,0,,R0402,305.00,2030.00,90.000,NO
R47,R0402,0,,R0402,345.00,2030.00,90.000,NO
R48,R0402,0,,R0402,385.00,2030.00,90.000,NO
R49,R0402,0,,R0402,555.00,1920.00,270.000,NO
R50,R0402,0,,R0402,425.00,2030.00,90.000,NO
R51,R0402,0,,R0402,515.00,1920.00,270.000,NO
R52,R0402,22_4,,R0402,2010.00,1530.00,0.000,NO
R53,R0402,22_4,,R0402,2010.00,1490.00,0.000,NO
R54,R0402,100K_4,,R0402,2035.00,1800.00,180.000,NO
R55,R0402,100K_4,,R0402,2060.00,1680.00,90.000,NO
R56,R0402,10K_4,,R0402,2010.00,1395.00,180.000,NO
R57,R0402,100K_4,,R0402,2010.00,1355.00,180.000,NO
R58,R0402,10K_4,,R0402,2145.00,1290.00,270.000,NO
R59,R0402,10K_4,,R0402,2107.50,1290.00,270.000,NO
R60,R0402,10K_4,,R0402,2070.00,1290.00,270.000,NO
R61,R0402,80.6K/F_4,,R0402,2045.00,1525.00,90.000,YES
R62,R0402,130K/F_4,,R0402,2045.00,1625.00,90.000,YES
R63,R0402,10K_4,,R0402,2295.00,1165.00,270.000,NO
R64,R0402,4.7K_4,,R0402,2010.00,1090.00,180.000,NO
R65,R0402,10K_4,,R0402,2247.00,1130.00,90.000,NO
R66,R0402,10K_4,,R0402,2210.00,1130.00,90.000,NO
R67,R0402,10K_4,,R0402,2250.00,1290.00,90.000,NO
R68,R0603,*0_6_NC,,R0603,2320.00,1710.00,270.000,YES
R69,R0402,5.1K/F_4,,R0402,2600.00,1415.00,180.000,NO
R70,R0402,10K/F_4,,R0402,2600.00,1455.00,0.000,NO
R71,R0402,5.1K/F_4,,R0402,2600.00,1495.00,0.000,NO
R72,R0402,10K_4,,R0402,2600.00,1535.00,180.000,NO
R73,R0402,10K_4,,R0402,2600.00,1575.00,180.000,NO
R74,R0402,2.2K,,R0402,2320.00,2090.00,180.000,NO
R75,R0402,0,,R0402,2225.00,2150.00,180.000,NO
R76,R0402,X_0,,R0402,2120.00,2195.00,180.000,NO
R77,R0402,100,,R0402,2410.00,2130.00,270.000,NO
R78,R0402,X_0,,R0402,2145.00,2530.00,90.000,YES
R79,R0402,0,,R0402,2725.00,2595.00,270.000,NO
R80,R0402,*10K_4_NC,,R0402,2190.00,1100.00,90.000,YES
R82,R0402,33K,,R0402,2210.00,2095.00,0.000,YES
R84,R0402,0,,R0402,2100.00,1955.00,90.000,NO
R85,R0402,5.1_1%,,R0402,2510.00,2005.00,270.000,YES
R86,R0402,5.1_1%,,R0402,2390.00,2160.00,0.000,YES
R87,R0402,124K_1%,,R0402,1020.00,735.00,90.000,NO
R88,R0402,21.5K_1%,,R0402,1060.00,735.00,270.000,NO
R89,R0402,10K_1%,,R0402,900.00,610.00,90.000,NO
R99,R0402,10K_4,,R0402,2230.00,1100.00,270.000,YES
R102,R0402,10K_4,,R0402,2115.00,2390.00,180.000,NO
R103,R0402,X_0,,R0402,2115.00,2345.00,0.000,NO
R104,R0402,47K_4,,R0402,2335.00,1955.00,270.000,YES
R105,R0402,47K_4,,R0402,2315.00,2050.00,90.000,YES
R282,R0402,4.7K,,R0402,2210.00,1210.00,180.000,YES
R283,R0402,4.7K,,R0402,2210.00,1155.00,180.000,YES
TP1,TPC26T,PAD,,TPC26T,1985.00,1440.00,0.000,NO
TP2,TPC26T,PAD,,TPC26T,2040.00,1440.00,0.000,NO
TP3,TPC26T,TESTPAD_C26,,TPC26T,2140.00,1860.00,0.000,NO
TP4,TPC26T,TESTPAD_C26,,TPC26T,1230.00,870.00,0.000,NO
TP5,TPC26T,TESTPAD_C26,,TPC26T,905.00,1267.50,0.000,YES
TP6,TPC26T,TESTPAD_C26,,TPC26T,985.00,1560.00,0.000,YES
TP7,TPC26T,TESTPAD_C26,,TPC26T,750.00,1855.00,0.000,YES
TP8,TPC26T,TESTPAD_C26,,TPC26T,750.00,1805.00,0.000,YES
TP9,TPC26T,TESTPAD_C26,,TPC26T,805.00,1855.00,0.000,YES
TP10,TPC26T,TESTPAD_C26,,TPC26T,805.00,1805.00,0.000,YES
U1,TQFN40P500X500-41N,PS8407ATQFN40GTR2-A1,,TQFN40P500X500-41N,1430.00,1370.00,90.000,NO
U2,SOT223-123,G1117,,SOT223-123,2555.00,1030.00,270.000,NO
U3,TO252-AOI,G1117,,TO252-AOI,1155.00,1975.00,0.000,NO
U4,LXES2TBBB4-028,LXES2TBBB4,,LXES2TBBB4-028,1770.00,2370.00,90.000,NO
U5,SOT143B,PRTR5V0U2X,,SOT143B,1920.00,2330.00,90.000,NO
U6,SOP8,A25L512,,SOP8,839.00,1140.00,270.000,YES
U7,QFN76-0_4MM,LGA76,,QFN76-0_4MM,695.00,1570.00,270.000,YES
U8,SOP8,AIC1519N-0,,SOP8,905.00,2095.00,0.000,NO
U9,SOT143B,PRTR5V0U2X,,SOT143B,535.00,2090.00,90.000,NO
U10,LXES2TBBB4-028,LXES2TBBB4,,LXES2TBBB4-028,370.00,2140.00,90.000,NO
U11,QFN76-9X9-4-77P,CX20705-21Z,,QFN76-9X9-4-77P,2320.00,1560.00,90.000,NO
U12,SOT23-5,G9090-180T11U,,SOT23-5,1940.00,1200.00,0.000,NO
U13,SOIC8-6-1_27,BR24T256FJ-WGE2,,SOIC8-6-1_27,1980.00,1130.00,270.000,YES
U14,R-PDSO-G8,TPS54327DDA,,R-PDSO-G8,760.00,805.00,90.000,NO
X_FB1,L0603,120ohm@100MHz,,L0603,400.00,1580.00,90.000,NO
Y1,SK-3M,25MHz 20PF 3.2x2.5 +/-30PPM,,SK-3M,250.00,1475.00,270.000,YES
Y2,XTL-5X3_2-3_8-2P,48M-30ppm-7A48000047,,XTL-5X3_2-3_8-2P,1890.00,1635.00,90.000,NO
